2023-09-08 18:52:22,037 [INFO] Activator:176 - 


2023-09-08 18:52:22,041 [INFO] Activator:177 - !SESSION log4j initialized
2023-09-08 18:52:24,854 [INFO] LogOutputStream:77 - [STDOUT_REDIRECT] 
2023-09-08 18:52:37,051 [INFO] ApplicationProperties:184 - Using Application install path: C:\ST\STM32CubeIDE_1.13.1\STM32CubeIDE\plugins\com.st.stm32cube.common.mx_6.9.1.202307191849
2023-09-08 18:52:37,067 [INFO] DbMcusXml:78 - Set database path to: C:\ST\STM32CubeIDE_1.13.1\STM32CubeIDE\plugins\com.st.stm32cube.common.mx_6.9.1.202307191849\\db\/mcu/
2023-09-08 18:52:37,068 [INFO] ApiDb:274 - Set plugin database path to: C:\ST\STM32CubeIDE_1.13.1\STM32CubeIDE\plugins\com.st.stm32cube.common.mx_6.9.1.202307191849\\db\/plugins/boardmanager/
2023-09-08 18:52:37,068 [WARN] ApiDb:259 - Overriding images path with different value:  => C:\ST\STM32CubeIDE_1.13.1\STM32CubeIDE\plugins\com.st.stm32cube.common.mx_6.9.1.202307191849\\db\/plugins/mcufinder/images/
2023-09-08 18:52:37,081 [INFO] ApiDb:250 - Set database path to: C:\Users\lyduc\.stmcufinder\plugins\mcufinder//mcu/
2023-09-08 18:52:37,083 [INFO] DbMcusAds:125 - Set database path to: C:\Users\lyduc\.stmcufinder\plugins\mcufinder//mcu/
2023-09-08 18:52:37,084 [INFO] CrossReferenceDbSqlite:203 - Set database path to: C:\Users\lyduc\.stmcufinder\plugins\mcufinder//mcu/cs/
2023-09-08 18:52:37,151 [INFO] RulesReader:64 - Compatibility file has been processed (293 Rules)
2023-09-08 18:52:37,212 [INFO] DbMcusXml:78 - Set database path to: C:\ST\STM32CubeIDE_1.13.1\STM32CubeIDE\plugins\com.st.stm32cube.common.mx_6.9.1.202307191849\\db\/mcu/
2023-09-08 18:52:37,212 [INFO] ApiDb:274 - Set plugin database path to: C:\ST\STM32CubeIDE_1.13.1\STM32CubeIDE\plugins\com.st.stm32cube.common.mx_6.9.1.202307191849\\db\/plugins/boardmanager/
2023-09-08 18:52:37,212 [INFO] ApiDb:261 - Set plugin images path to: C:\ST\STM32CubeIDE_1.13.1\STM32CubeIDE\plugins\com.st.stm32cube.common.mx_6.9.1.202307191849\\db\/plugins/mcufinder/images/
2023-09-08 18:52:37,212 [WARN] DbFile:41 - Overriding database path with different value: C:\Users\lyduc\.stmcufinder\plugins\mcufinder/ => C:\Users\lyduc\.stmcufinder\plugins\mcufinder
2023-09-08 18:52:37,212 [INFO] ApiDb:250 - Set database path to: C:\Users\lyduc\.stmcufinder\plugins\mcufinder//mcu/
2023-09-08 18:52:37,212 [WARN] DbFile:41 - Overriding database path with different value: C:\Users\lyduc\.stmcufinder\plugins\mcufinder/ => C:\Users\lyduc\.stmcufinder\plugins\mcufinder
2023-09-08 18:52:37,212 [INFO] DbMcusAds:125 - Set database path to: C:\Users\lyduc\.stmcufinder\plugins\mcufinder//mcu/
2023-09-08 18:52:37,213 [WARN] DbFile:41 - Overriding database path with different value: C:\Users\lyduc\.stmcufinder\plugins\mcufinder/ => C:\Users\lyduc\.stmcufinder\plugins\mcufinder
2023-09-08 18:52:37,213 [WARN] DbFile:41 - Overriding database path with different value: C:\Users\lyduc\.stmcufinder\plugins\mcufinder/ => C:\Users\lyduc\.stmcufinder\plugins\mcufinder
2023-09-08 18:52:37,213 [INFO] CrossReferenceDbSqlite:203 - Set database path to: C:\Users\lyduc\.stmcufinder\plugins\mcufinder//mcu/cs/
2023-09-08 18:52:37,264 [INFO] MainPanel:262 - HeapMemory: 268435456
2023-09-08 18:52:37,329 [INFO] DbMcusXml:78 - Set database path to: C:\ST\STM32CubeIDE_1.13.1\STM32CubeIDE\plugins\com.st.stm32cube.common.mx_6.9.1.202307191849\\db\/mcu/
2023-09-08 18:52:37,329 [INFO] ApiDb:274 - Set plugin database path to: C:\ST\STM32CubeIDE_1.13.1\STM32CubeIDE\plugins\com.st.stm32cube.common.mx_6.9.1.202307191849\\db\/plugins/boardmanager/
2023-09-08 18:52:37,329 [INFO] ApiDb:261 - Set plugin images path to: C:\ST\STM32CubeIDE_1.13.1\STM32CubeIDE\plugins\com.st.stm32cube.common.mx_6.9.1.202307191849\\db\/plugins/mcufinder/images/
2023-09-08 18:52:37,329 [WARN] DbFile:41 - Overriding database path with different value: C:\Users\lyduc\.stmcufinder\plugins\mcufinder/ => C:\Users\lyduc\.stmcufinder\plugins\mcufinder
2023-09-08 18:52:37,329 [INFO] ApiDb:250 - Set database path to: C:\Users\lyduc\.stmcufinder\plugins\mcufinder//mcu/
2023-09-08 18:52:37,329 [WARN] DbFile:41 - Overriding database path with different value: C:\Users\lyduc\.stmcufinder\plugins\mcufinder/ => C:\Users\lyduc\.stmcufinder\plugins\mcufinder
2023-09-08 18:52:37,329 [INFO] DbMcusAds:125 - Set database path to: C:\Users\lyduc\.stmcufinder\plugins\mcufinder//mcu/
2023-09-08 18:52:37,330 [WARN] DbFile:41 - Overriding database path with different value: C:\Users\lyduc\.stmcufinder\plugins\mcufinder/ => C:\Users\lyduc\.stmcufinder\plugins\mcufinder
2023-09-08 18:52:37,330 [WARN] DbFile:41 - Overriding database path with different value: C:\Users\lyduc\.stmcufinder\plugins\mcufinder/ => C:\Users\lyduc\.stmcufinder\plugins\mcufinder
2023-09-08 18:52:37,330 [INFO] CrossReferenceDbSqlite:203 - Set database path to: C:\Users\lyduc\.stmcufinder\plugins\mcufinder//mcu/cs/
2023-09-08 18:52:37,342 [INFO] ApplicationProperties:184 - Using Application install path: C:\ST\STM32CubeIDE_1.13.1\STM32CubeIDE\plugins\com.st.stm32cube.common.mx_6.9.1.202307191849
2023-09-08 18:52:37,343 [INFO] PluginManage:196 - Search for loadable plugins [exclusion list=, ]
2023-09-08 18:52:37,344 [INFO] PluginManage:310 - Check plugin analytics
2023-09-08 18:52:37,439 [INFO] AnalyticsPlugin:253 - Accepted Software Licenses: 
2023-09-08 18:52:37,439 [INFO] AnalyticsPlugin:255 - Accepted CMSIS Pack Licenses: 
2023-09-08 18:52:37,439 [INFO] AnalyticsPlugin:257 - Accepted Firmware Licenses: FW.F4.1.27.0
2023-09-08 18:52:37,441 [INFO] PluginManage:359 - Loaded plugin analytics (category:tool,tabindex:-1)
2023-09-08 18:52:37,442 [INFO] PluginManage:310 - Check plugin cadmodel
2023-09-08 18:52:37,447 [INFO] CADModel:105 - Init CAD model plugin
2023-09-08 18:52:37,447 [INFO] PluginManage:359 - Loaded plugin cadmodel (category:power,tabindex:5)
2023-09-08 18:52:37,448 [INFO] PluginManage:310 - Check plugin clock
2023-09-08 18:52:37,455 [INFO] PluginManage:359 - Loaded plugin clock (category:base,tabindex:2)
2023-09-08 18:52:37,455 [INFO] PluginManage:310 - Check plugin ddr
2023-09-08 18:52:37,456 [INFO] PluginManage:359 - Loaded plugin ddr (category:tool,tabindex:6)
2023-09-08 18:52:37,457 [INFO] PluginManage:310 - Check plugin filemanager
2023-09-08 18:52:37,548 [INFO] PluginManage:359 - Loaded plugin filemanager (category:base,tabindex:10)
2023-09-08 18:52:37,548 [INFO] PluginManage:310 - Check plugin ipmanager
2023-09-08 18:52:37,553 [INFO] PluginManage:359 - Loaded plugin ipmanager (category:base,tabindex:5)
2023-09-08 18:52:37,554 [INFO] PluginManage:310 - Check plugin lpbam
2023-09-08 18:52:37,561 [INFO] PluginManage:359 - Loaded plugin lpbam (category:base,tabindex:0)
2023-09-08 18:52:37,561 [INFO] PluginManage:310 - Check plugin memorymap
2023-09-08 18:52:37,571 [INFO] PluginManage:359 - Loaded plugin memorymap (category:base,tabindex:4)
2023-09-08 18:52:37,572 [INFO] PluginManage:310 - Check plugin pinoutandconfiguration
2023-09-08 18:52:37,578 [INFO] PluginManage:359 - Loaded plugin pinoutandconfiguration (category:base,tabindex:1)
2023-09-08 18:52:37,578 [INFO] PluginManage:310 - Check plugin pinoutconfig
2023-09-08 18:52:37,637 [WARN] SupportedApi:132 - Cannot load RTOS API schema: s4s-elt-must-match.1: The content of 'definitions' must match (annotation?, (simpleType | complexType)?, (unique | key | keyref)*)). A problem was found starting at: attribute.
2023-09-08 18:52:37,729 [INFO] PluginManage:359 - Loaded plugin pinoutconfig (category:base,tabindex:0)
2023-09-08 18:52:37,729 [INFO] PluginManage:310 - Check plugin power
2023-09-08 18:52:37,737 [INFO] PluginManage:359 - Loaded plugin power (category:power,tabindex:4)
2023-09-08 18:52:37,738 [INFO] PluginManage:310 - Check plugin projectmanager
2023-09-08 18:52:37,748 [INFO] PluginManage:359 - Loaded plugin projectmanager (category:projectmanager,tabindex:3)
2023-09-08 18:52:37,748 [INFO] PluginManage:310 - Check plugin thirdparty
2023-09-08 18:52:37,844 [INFO] PluginManage:359 - Loaded plugin thirdparty (category:base,tabindex:-1)
2023-09-08 18:52:37,844 [WARN] IntegrityCheckThread:84 - waiting for thirdparty lock release [integrity check]
2023-09-08 18:52:37,844 [INFO] PluginManage:310 - Check plugin tools
2023-09-08 18:52:37,844 [INFO] IntegrityCheckThread:86 - entering critical section [integrity check]
2023-09-08 18:52:37,844 [INFO] ThirdPartyUpdaterWithRetryManager:70 - Updater plugin not ready yet. [1/15]
2023-09-08 18:52:37,846 [INFO] PluginManage:359 - Loaded plugin tools (category:base,tabindex:7)
2023-09-08 18:52:37,848 [INFO] PluginManage:310 - Check plugin tutovideos
2023-09-08 18:52:37,971 [INFO] PluginManage:359 - Loaded plugin tutovideos (category:base,tabindex:-1)
2023-09-08 18:52:37,972 [INFO] PluginManage:310 - Check plugin updater
2023-09-08 18:52:37,985 [INFO] PluginManage:359 - Loaded plugin updater (category:base,tabindex:12)
2023-09-08 18:52:37,985 [INFO] PluginManage:310 - Check plugin userauth
2023-09-08 18:52:37,989 [INFO] UserAuth:113 - Init User Auth plugin
2023-09-08 18:52:37,989 [INFO] PluginManage:359 - Loaded plugin userauth (category:base,tabindex:14)
2023-09-08 18:52:37,989 [INFO] PluginManage:283 - PluginManage : Loaded plugins [17]
2023-09-08 18:52:38,141 [INFO] PinOutPanel:1499 - setPackage(No Configuration,No Configuration)
2023-09-08 18:52:38,230 [INFO] CADModel:165 - CPN selected for project level
2023-09-08 18:52:38,231 [INFO] CADModel:114 - Register for checkConnection events
2023-09-08 18:52:38,244 [INFO] IPUIPlugin:80 - create IPUIPlugin
2023-09-08 18:52:38,244 [INFO] PluginManager:220 - loadIPPluginJar : add adc
2023-09-08 18:52:38,247 [INFO] IPUIPlugin:80 - create IPUIPlugin
2023-09-08 18:52:38,247 [INFO] PluginManager:220 - loadIPPluginJar : add aes
2023-09-08 18:52:38,250 [INFO] IPUIPlugin:80 - create IPUIPlugin
2023-09-08 18:52:38,250 [INFO] PluginManager:220 - loadIPPluginJar : add can
2023-09-08 18:52:38,252 [INFO] IPUIPlugin:80 - create IPUIPlugin
2023-09-08 18:52:38,252 [INFO] PluginManager:220 - loadIPPluginJar : add comp
2023-09-08 18:52:38,255 [INFO] IPUIPlugin:80 - create IPUIPlugin
2023-09-08 18:52:38,255 [INFO] PluginManager:220 - loadIPPluginJar : add cryp
2023-09-08 18:52:38,257 [INFO] IPUIPlugin:80 - create IPUIPlugin
2023-09-08 18:52:38,257 [INFO] PluginManager:220 - loadIPPluginJar : add dfsdm
2023-09-08 18:52:38,262 [INFO] IPUIPlugin:80 - create IPUIPlugin
2023-09-08 18:52:38,263 [INFO] PluginManager:220 - loadIPPluginJar : add dma
2023-09-08 18:52:38,265 [INFO] IPUIPlugin:80 - create IPUIPlugin
2023-09-08 18:52:38,265 [INFO] PluginManager:220 - loadIPPluginJar : add dma3
2023-09-08 18:52:38,267 [INFO] IPUIPlugin:80 - create IPUIPlugin
2023-09-08 18:52:38,267 [INFO] PluginManager:220 - loadIPPluginJar : add fatfs
2023-09-08 18:52:38,271 [INFO] IPUIPlugin:80 - create IPUIPlugin
2023-09-08 18:52:38,271 [INFO] PluginManager:220 - loadIPPluginJar : add fmc
2023-09-08 18:52:38,275 [INFO] IPUIPlugin:80 - create IPUIPlugin
2023-09-08 18:52:38,276 [INFO] PluginManager:220 - loadIPPluginJar : add freertos
2023-09-08 18:52:38,277 [INFO] IPUIPlugin:80 - create IPUIPlugin
2023-09-08 18:52:38,277 [INFO] PluginManager:220 - loadIPPluginJar : add genericplugin
2023-09-08 18:52:38,280 [INFO] IPUIPlugin:80 - create IPUIPlugin
2023-09-08 18:52:38,280 [INFO] PluginManager:220 - loadIPPluginJar : add gfxmmu
2023-09-08 18:52:38,284 [INFO] IPUIPlugin:80 - create IPUIPlugin
2023-09-08 18:52:38,284 [INFO] PluginManager:220 - loadIPPluginJar : add gic
2023-09-08 18:52:38,287 [INFO] IPUIPlugin:80 - create IPUIPlugin
2023-09-08 18:52:38,287 [INFO] PluginManager:220 - loadIPPluginJar : add gpio
2023-09-08 18:52:38,290 [INFO] IPUIPlugin:80 - create IPUIPlugin
2023-09-08 18:52:38,290 [INFO] PluginManager:220 - loadIPPluginJar : add gtzc
2023-09-08 18:52:38,291 [INFO] IPUIPlugin:80 - create IPUIPlugin
2023-09-08 18:52:38,291 [INFO] PluginManager:220 - loadIPPluginJar : add hash
2023-09-08 18:52:38,295 [INFO] IPUIPlugin:80 - create IPUIPlugin
2023-09-08 18:52:38,295 [INFO] PluginManager:220 - loadIPPluginJar : add i2c
2023-09-08 18:52:38,297 [INFO] IPUIPlugin:80 - create IPUIPlugin
2023-09-08 18:52:38,297 [INFO] PluginManager:220 - loadIPPluginJar : add i2s
2023-09-08 18:52:38,300 [INFO] IPUIPlugin:80 - create IPUIPlugin
2023-09-08 18:52:38,300 [INFO] PluginManager:220 - loadIPPluginJar : add i3c
2023-09-08 18:52:38,304 [INFO] IPUIPlugin:80 - create IPUIPlugin
2023-09-08 18:52:38,304 [INFO] PluginManager:220 - loadIPPluginJar : add ipddr
2023-09-08 18:52:38,309 [INFO] IPUIPlugin:80 - create IPUIPlugin
2023-09-08 18:52:38,309 [INFO] PluginManager:220 - loadIPPluginJar : add linkedlist
2023-09-08 18:52:38,312 [INFO] IPUIPlugin:80 - create IPUIPlugin
2023-09-08 18:52:38,312 [INFO] PluginManager:220 - loadIPPluginJar : add lorawan
2023-09-08 18:52:38,314 [INFO] IPUIPlugin:80 - create IPUIPlugin
2023-09-08 18:52:38,314 [INFO] PluginManager:220 - loadIPPluginJar : add ltdc
2023-09-08 18:52:38,319 [INFO] IPUIPlugin:80 - create IPUIPlugin
2023-09-08 18:52:38,319 [INFO] PluginManager:220 - loadIPPluginJar : add mdma
2023-09-08 18:52:38,322 [INFO] IPUIPlugin:80 - create IPUIPlugin
2023-09-08 18:52:38,322 [INFO] PluginManager:220 - loadIPPluginJar : add nvic
2023-09-08 18:52:38,326 [INFO] IPUIPlugin:80 - create IPUIPlugin
2023-09-08 18:52:38,326 [INFO] PluginManager:220 - loadIPPluginJar : add opamp
2023-09-08 18:52:38,328 [INFO] IPUIPlugin:80 - create IPUIPlugin
2023-09-08 18:52:38,328 [INFO] PluginManager:220 - loadIPPluginJar : add openamp
2023-09-08 18:52:38,331 [INFO] IPUIPlugin:80 - create IPUIPlugin
2023-09-08 18:52:38,331 [INFO] PluginManager:220 - loadIPPluginJar : add pdm2pcm
2023-09-08 18:52:38,336 [INFO] IPUIPlugin:80 - create IPUIPlugin
2023-09-08 18:52:38,338 [INFO] PluginManager:220 - loadIPPluginJar : add plateformsettings
2023-09-08 18:52:38,340 [INFO] IPUIPlugin:80 - create IPUIPlugin
2023-09-08 18:52:38,340 [INFO] PluginManager:220 - loadIPPluginJar : add quadspi
2023-09-08 18:52:38,344 [INFO] IPUIPlugin:80 - create IPUIPlugin
2023-09-08 18:52:38,344 [INFO] PluginManager:220 - loadIPPluginJar : add resmgrutility
2023-09-08 18:52:38,347 [INFO] IPUIPlugin:80 - create IPUIPlugin
2023-09-08 18:52:38,347 [INFO] PluginManager:220 - loadIPPluginJar : add sai
2023-09-08 18:52:38,349 [INFO] IPUIPlugin:80 - create IPUIPlugin
2023-09-08 18:52:38,350 [INFO] PluginManager:220 - loadIPPluginJar : add spi
2023-09-08 18:52:38,353 [INFO] IPUIPlugin:80 - create IPUIPlugin
2023-09-08 18:52:38,353 [INFO] PluginManager:220 - loadIPPluginJar : add stm32_wpan
2023-09-08 18:52:38,355 [INFO] IPUIPlugin:80 - create IPUIPlugin
2023-09-08 18:52:38,355 [INFO] PluginManager:220 - loadIPPluginJar : add tim
2023-09-08 18:52:38,358 [INFO] IPUIPlugin:80 - create IPUIPlugin
2023-09-08 18:52:38,358 [INFO] PluginManager:220 - loadIPPluginJar : add touchsensing
2023-09-08 18:52:38,359 [INFO] IPUIPlugin:80 - create IPUIPlugin
2023-09-08 18:52:38,361 [INFO] PluginManager:220 - loadIPPluginJar : add tracer_emb
2023-09-08 18:52:38,363 [INFO] IPUIPlugin:80 - create IPUIPlugin
2023-09-08 18:52:38,363 [INFO] PluginManager:220 - loadIPPluginJar : add ts
2023-09-08 18:52:38,364 [INFO] IPUIPlugin:80 - create IPUIPlugin
2023-09-08 18:52:38,365 [INFO] PluginManager:220 - loadIPPluginJar : add tsc
2023-09-08 18:52:38,367 [INFO] IPUIPlugin:80 - create IPUIPlugin
2023-09-08 18:52:38,367 [INFO] PluginManager:220 - loadIPPluginJar : add ucpd
2023-09-08 18:52:38,369 [INFO] IPUIPlugin:80 - create IPUIPlugin
2023-09-08 18:52:38,369 [INFO] PluginManager:220 - loadIPPluginJar : add usart
2023-09-08 18:52:38,371 [INFO] IPUIPlugin:80 - create IPUIPlugin
2023-09-08 18:52:38,373 [INFO] PluginManager:220 - loadIPPluginJar : add usbx
2023-09-08 18:52:38,476 [INFO] CADModel:165 - CPN selected for project level
2023-09-08 18:52:38,476 [INFO] CADModel:114 - Register for checkConnection events
2023-09-08 18:52:38,476 [FATAL] Updater:308 - Updater called before beeing initialized
2023-09-08 18:52:38,476 [ERROR] CADModel:125 - Updater not yet initialized, retry later 
2023-09-08 18:52:38,575 [INFO] CADModel:165 - CPN selected for project level
2023-09-08 18:52:38,575 [INFO] CADModel:114 - Register for checkConnection events
2023-09-08 18:52:38,575 [FATAL] Updater:308 - Updater called before beeing initialized
2023-09-08 18:52:38,575 [ERROR] CADModel:125 - Updater not yet initialized, retry later 
2023-09-08 18:52:38,577 [FATAL] Updater:308 - Updater called before beeing initialized
2023-09-08 18:52:38,665 [FATAL] Updater:308 - Updater called before beeing initialized
2023-09-08 18:52:38,669 [INFO] DbMcusAds:53 - JSON generation date=Tue Mar 07 15:50:55 ICT 2023 (1678179055114)
2023-09-08 18:52:38,669 [FATAL] Updater:308 - Updater called before beeing initialized
2023-09-08 18:52:38,695 [WARN] DetailPanel:346 - Failed to get advertising image, set to default
2023-09-08 18:52:38,755 [FATAL] Updater:308 - Updater called before beeing initialized
2023-09-08 18:52:38,756 [FATAL] Updater:308 - Updater called before beeing initialized
2023-09-08 18:52:38,756 [FATAL] Updater:308 - Updater called before beeing initialized
2023-09-08 18:52:38,756 [WARN] DetailPanel:346 - Failed to get advertising image, set to default
2023-09-08 18:52:38,757 [FATAL] Updater:308 - Updater called before beeing initialized
2023-09-08 18:52:38,790 [ERROR] Updater:1120 - MainUpdater not yet initialized. External WinMGr cannot be set.
2023-09-08 18:52:38,793 [INFO] Updater:1056 - Updater Version found : 6.9.1
2023-09-08 18:52:38,806 [INFO] ApplicationProperties:184 - Using Application install path: C:\ST\STM32CubeIDE_1.13.1\STM32CubeIDE\plugins\com.st.stm32cube.common.mx_6.9.1.202307191849
2023-09-08 18:52:39,054 [INFO] MainUpdater:2868 - connection check result : 10
2023-09-08 18:52:39,055 [INFO] MainUpdater:285 - Updater Check For Update Now.
2023-09-08 18:52:39,055 [INFO] MicroXplorer:498 - Change Database Version : DB.6.0.91
2023-09-08 18:52:39,078 [INFO] McuFinderGlobals:63 - Set McuFinder mode to 2 (CubeIDE integrated)
2023-09-08 18:52:39,078 [INFO] UserAuth:179 - activating auth plugin
2023-09-08 18:52:39,079 [INFO] UserAuth:393 - Internet connection configuration mode: 1
2023-09-08 18:52:39,104 [INFO] JxBrowserEngine:151 - Initiate JxBrowser Engine with user profile folder
2023-09-08 18:52:39,214 [INFO] CheckServerUpdateThread:120 - End of CheckServer Thread
2023-09-08 18:52:39,837 [INFO] WebApp:157 - Instantiating new browser for Auth
2023-09-08 18:52:40,495 [INFO] WebApp:753 - Register for checkConnection events
2023-09-08 18:52:40,495 [INFO] WebApp:390 - Apply proxy settings
2023-09-08 18:52:40,495 [INFO] WebApp:475 - Chromium requires no authentication
2023-09-08 18:52:40,502 [INFO] WebApp:418 - Direct internet connection detected
2023-09-08 18:52:40,631 [INFO] WebApp:188 - Starting web application
2023-09-08 18:52:40,631 [INFO] WebApp:520 - Web application path used C:\ST\STM32CubeIDE_1.13.1\STM32CubeIDE\plugins\com.st.stm32cube.common.mx_6.9.1.202307191849\db\plugins\mcufinder\reactClient1\index.html
2023-09-08 18:52:40,953 [WARN] PackLoader:240 - Cannot read IP mode file for STMicroelectronics.X-CUBE-SMBUS.2.1.0
2023-09-08 18:52:40,971 [WARN] PackLoader:240 - Cannot read IP mode file for STMicroelectronics.X-CUBE-AZRTOS-F7.1.1.0
2023-09-08 18:52:40,984 [WARN] PackLoader:240 - Cannot read IP mode file for STMicroelectronics.FP-SNS-MOTENV1.4.3.2
2023-09-08 18:52:40,990 [ERROR] RealEvaluatedCondition:428 - Found unsupported composite condition: CLASS='Data Exchange' GROUP='STM32_MetaDataManager'
2023-09-08 18:52:40,991 [ERROR] RealEvaluatedCondition:428 - Found unsupported composite condition: GROUP='STM32_MetaDataManager' CLASS='Data Exchange'
2023-09-08 18:52:40,991 [WARN] PackLoader:240 - Cannot read IP mode file for STMicroelectronics.FP-SNS-MOTENV1.4.3.1
2023-09-08 18:52:40,997 [WARN] PackLoader:240 - Cannot read IP mode file for STMicroelectronics.FP-SNS-FLIGHT1.5.0.1
2023-09-08 18:52:41,004 [WARN] PackLoader:240 - Cannot read IP mode file for STMicroelectronics.X-CUBE-BLE1.6.2.4
2023-09-08 18:52:41,011 [WARN] PackLoader:240 - Cannot read IP mode file for STMicroelectronics.X-CUBE-DISPLAY.3.0.0
2023-09-08 18:52:41,018 [WARN] PackLoader:240 - Cannot read IP mode file for STMicroelectronics.X-CUBE-TOUCHGFX.4.22.0
2023-09-08 18:52:41,026 [INFO] LogOutputStream:77 - [STDOUT_REDIRECT] 1 : Invalid condition id : UX_CORESTACK_Condition cause : null
2023-09-08 18:52:41,027 [INFO] LogOutputStream:77 - [STDOUT_REDIRECT] 1 : Invalid condition id : UX_CORESTACK_Condition cause : null
2023-09-08 18:52:41,027 [INFO] LogOutputStream:77 - [STDOUT_REDIRECT] 1 : Invalid condition id : UX_CORESTACK_Condition cause : null
2023-09-08 18:52:41,029 [INFO] LogOutputStream:77 - [STDOUT_REDIRECT] 1 : Invalid condition id : UX_CORESTACK_Condition cause : null
2023-09-08 18:52:41,029 [INFO] LogOutputStream:77 - [STDOUT_REDIRECT] 1 : Invalid condition id : UX_CORESTACK_Condition cause : null
2023-09-08 18:52:41,033 [WARN] PackLoader:240 - Cannot read IP mode file for STMicroelectronics.X-CUBE-AZRTOS-WL.2.0.0
2023-09-08 18:52:41,040 [WARN] PackLoader:240 - Cannot read IP mode file for WES.I-CUBE-Cesium.1.3.0
2023-09-08 18:52:41,043 [WARN] PackLoader:240 - Cannot read IP mode file for STMicroelectronics.X-CUBE-BLE2.3.3.0
2023-09-08 18:52:41,051 [WARN] PackLoader:240 - Cannot read IP mode file for STMicroelectronics.X-CUBE-TOF1.3.2.0
2023-09-08 18:52:41,057 [WARN] PackLoader:240 - Cannot read IP mode file for STMicroelectronics.X-CUBE-TOUCHGFX.4.21.1
2023-09-08 18:52:41,059 [WARN] PackLoader:240 - Cannot read IP mode file for STMicroelectronics.X-CUBE-TOUCHGFX.4.21.3
2023-09-08 18:52:41,061 [WARN] PackLoader:240 - Cannot read IP mode file for STMicroelectronics.X-CUBE-TOUCHGFX.4.21.4
2023-09-08 18:52:41,065 [WARN] PackLoader:240 - Cannot read IP mode file for STMicroelectronics.X-CUBE-AI.7.3.0
2023-09-08 18:52:41,070 [WARN] PackLoader:240 - Cannot read IP mode file for STMicroelectronics.X-CUBE-ALGOBUILD.1.3.0
2023-09-08 18:52:41,079 [WARN] PackLoader:240 - Cannot read IP mode file for STMicroelectronics.X-CUBE-AZRTOS-G0.1.1.0
2023-09-08 18:52:41,086 [WARN] PackLoader:240 - Cannot read IP mode file for STMicroelectronics.X-CUBE-NFC4.3.0.0
2023-09-08 18:52:41,091 [WARN] PackLoader:240 - Cannot read IP mode file for STMicroelectronics.X-CUBE-BLEMGR.1.3.0
2023-09-08 18:52:41,096 [WARN] PackLoader:240 - Cannot read IP mode file for STMicroelectronics.FP-ATR-SIGFOX1.3.2.0
2023-09-08 18:52:41,121 [WARN] PackLoader:240 - Cannot read IP mode file for STMicroelectronics.X-CUBE-MEMS1.9.5.0
2023-09-08 18:52:41,209 [WARN] PackLoader:240 - Cannot read IP mode file for SEGGER.I-CUBE-embOS.1.3.1
2023-09-08 18:52:41,229 [WARN] PackLoader:240 - Cannot read IP mode file for STMicroelectronics.X-CUBE-GNSS1.6.0.0
2023-09-08 18:52:41,239 [WARN] PackLoader:240 - Cannot read IP mode file for STMicroelectronics.X-CUBE-AZRTOS-F4.1.1.0
2023-09-08 18:52:41,266 [WARN] PackLoader:240 - Cannot read IP mode file for STMicroelectronics.X-CUBE-MEMS1.9.6.0
2023-09-08 18:52:41,315 [WARN] PackLoader:240 - Cannot read IP mode file for emotas.I-CUBE-CANOPEN.1.1.3
2023-09-08 18:52:41,319 [WARN] PackLoader:240 - Cannot read IP mode file for STMicroelectronics.X-CUBE-BLEMGR.2.0.0
2023-09-08 18:52:41,331 [WARN] ConditionMgr:438 - getConditionDescription Invalid condition id : UX DEVICE CLASS RTOS Condition cause : null
2023-09-08 18:52:41,331 [WARN] ConditionMgr:438 - getConditionDescription Invalid condition id : UX DEVICE CLASS RTOS Condition cause : null
2023-09-08 18:52:41,333 [WARN] PackLoader:240 - Cannot read IP mode file for STMicroelectronics.X-CUBE-AZRTOS-H7.3.1.0
2023-09-08 18:52:41,333 [WARN] ConditionMgr:1039 - genDependencies : Invalid condition id : UX DEVICE CLASS RTOS Condition cause : null
2023-09-08 18:52:41,335 [WARN] ConditionMgr:1039 - genDependencies : Invalid condition id : UX DEVICE CLASS RTOS Condition cause : null
2023-09-08 18:52:41,335 [WARN] ConditionMgr:1039 - genDependencies : Invalid condition id : UX DEVICE CLASS RTOS Condition cause : null
2023-09-08 18:52:41,335 [WARN] ConditionMgr:1039 - genDependencies : Invalid condition id : UX DEVICE CLASS RTOS Condition cause : null
2023-09-08 18:52:41,335 [WARN] ConditionMgr:1039 - genDependencies : Invalid condition id : UX DEVICE CLASS RTOS Condition cause : null
2023-09-08 18:52:41,341 [WARN] PackLoader:240 - Cannot read IP mode file for wolfSSL.I-CUBE-wolfSSL.5.5.4
2023-09-08 18:52:41,346 [WARN] PackLoader:240 - Cannot read IP mode file for STMicroelectronics.X-CUBE-NFC7.1.0.1
2023-09-08 18:52:41,351 [WARN] PackLoader:240 - Cannot read IP mode file for STMicroelectronics.X-CUBE-NFC7.1.0.0
2023-09-08 18:52:41,354 [WARN] PackLoader:240 - Cannot read IP mode file for STMicroelectronics.X-CUBE-EEPRMA1.4.1.0
2023-09-08 18:52:41,362 [WARN] ConditionMgr:438 - getConditionDescription Invalid condition id : LAN8742 Phy interface Condition cause : null
2023-09-08 18:52:41,363 [WARN] PackLoader:240 - Cannot read IP mode file for STMicroelectronics.X-CUBE-AZRTOS-L4.2.0.0
2023-09-08 18:52:41,366 [WARN] ConditionMgr:1039 - genDependencies : Invalid condition id : LAN8742 Phy interface Condition cause : null
2023-09-08 18:52:41,366 [WARN] ConditionMgr:1039 - genDependencies : Invalid condition id : LAN8742 Phy interface Condition cause : null
2023-09-08 18:52:41,366 [WARN] ConditionMgr:1039 - genDependencies : Invalid condition id : LAN8742 Phy interface Condition cause : null
2023-09-08 18:52:41,371 [WARN] PackLoader:240 - Cannot read IP mode file for STMicroelectronics.X-CUBE-SFXS2LP1.4.0.0
2023-09-08 18:52:41,380 [WARN] PackLoader:240 - Cannot read IP mode file for STMicroelectronics.X-CUBE-AZRTOS-H7.3.0.0
2023-09-08 18:52:41,386 [WARN] PackLoader:240 - Cannot read IP mode file for STMicroelectronics.X-CUBE-ISPU.1.1.0
2023-09-08 18:52:41,390 [WARN] PackLoader:240 - Cannot read IP mode file for RoweBots.I-CUBE-UNISONRTOS.5.5.0-4
2023-09-08 18:52:41,394 [WARN] PackLoader:240 - Cannot read IP mode file for STMicroelectronics.X-CUBE-AI.8.0.0
2023-09-08 18:52:41,398 [WARN] PackLoader:240 - Cannot read IP mode file for STMicroelectronics.X-CUBE-FREERTOS.1.0.0
2023-09-08 18:52:41,401 [WARN] PackLoader:240 - Cannot read IP mode file for STMicroelectronics.X-CUBE-FREERTOS.1.0.1
2023-09-08 18:52:41,408 [WARN] PackLoader:240 - Cannot read IP mode file for STMicroelectronics.X-CUBE-AZRTOS-L5.1.1.0
2023-09-08 18:52:41,412 [WARN] PackLoader:240 - Cannot read IP mode file for STMicroelectronics.X-CUBE-AI.8.0.1
2023-09-08 18:52:41,418 [WARN] PackLoader:240 - Cannot read IP mode file for STMicroelectronics.X-CUBE-SUBG2.5.0.0
2023-09-08 18:52:41,429 [WARN] PackLoader:240 - Cannot read IP mode file for STMicroelectronics.X-CUBE-AZRTOS-G4.2.0.0
2023-09-08 18:52:41,435 [WARN] PackLoader:240 - Cannot read IP mode file for STMicroelectronics.X-CUBE-TOF1.3.3.0
2023-09-08 18:52:41,471 [WARN] PackLoader:240 - Cannot read IP mode file for STMicroelectronics.FP-ATR-ASTRA1.1.1.1
2023-09-08 18:52:41,477 [WARN] PackLoader:240 - Cannot read IP mode file for STMicroelectronics.X-CUBE-AZRTOS-G4.1.0.0
2023-09-08 18:52:41,486 [WARN] PackLoader:240 - Cannot read IP mode file for STMicroelectronics.X-CUBE-AZRTOS-L4.1.0.0
2023-09-08 18:52:41,495 [WARN] PackLoader:240 - Cannot read IP mode file for STMicroelectronics.X-CUBE-AZRTOS-WL.1.0.0
2023-09-08 18:52:41,501 [WARN] PackLoader:240 - Cannot read IP mode file for portGmbH.I-Cube-SoM-uGOAL.1.1.0
2023-09-08 18:52:41,506 [WARN] PackLoader:240 - Cannot read IP mode file for STMicroelectronics.X-CUBE-ALS.1.0.1
2023-09-08 18:52:41,515 [WARN] PackLoader:240 - Cannot read IP mode file for STMicroelectronics.X-CUBE-AZRTOS-WB.1.1.0
2023-09-08 18:52:41,520 [WARN] PackLoader:240 - Cannot read IP mode file for STMicroelectronics.FP-ATR-ASTRA1.2.0.0
2023-09-08 18:52:41,521 [INFO] ThirdParty:978 - Integrity check success = true
2023-09-08 18:52:41,521 [INFO] IntegrityCheckThread:100 - exiting critical section [integrity check]
2023-09-08 18:52:41,521 [INFO] IntegrityCheckThread:103 - End integrity checks thread
2023-09-08 18:53:01,127 [ERROR] LogOutputStream:75 - [STDERR_REDIRECT] SLF4J: Failed to load class "org.slf4j.impl.StaticLoggerBinder".
2023-09-08 18:53:01,128 [ERROR] LogOutputStream:75 - [STDERR_REDIRECT] SLF4J: Defaulting to no-operation (NOP) logger implementation
2023-09-08 18:53:01,128 [ERROR] LogOutputStream:75 - [STDERR_REDIRECT] SLF4J: See http://www.slf4j.org/codes.html#StaticLoggerBinder for further details.
2023-09-08 18:53:14,823 [INFO] McuFinderGlobals:63 - Set McuFinder mode to 2 (CubeIDE integrated)
2023-09-08 18:53:14,830 [INFO] MainUpdater:2868 - connection check result : 10
2023-09-08 18:53:15,056 [INFO] ApiDb:581 - Connected to CubeFinder SQLite database (C:\Users\lyduc\.stmcufinder\plugins\mcufinder\mcu\cube-finder-db.db)
2023-09-08 18:53:15,106 [INFO] ApiDb:668 - CubeFinder database Data Model version=2.1
2023-09-08 18:53:15,106 [INFO] ApiDb:669 - CubeFinder database Configuration version=3.0.37
2023-09-08 18:53:15,106 [INFO] ApiDb:670 - CubeFinder database generation date=2023-08-09 (1691586011)
2023-09-08 18:53:15,106 [INFO] ApiDb:671 - CubeFinder database FW Pack versions=[FP-ATR-ASTRA1_V2.0.0, FP-SNS-FLIGHT1_V5.0.1, FP-SNS-FLIGHT1_V5.0.2, FP-SNS-MOTENV1_V4.3.1, FP-SNS-MOTENV1_V4.3.2, STM32Cube_FW_C0_V1.1.0, STM32Cube_FW_F4_V1.27.1, STM32Cube_FW_F7_V1.17.0, STM32Cube_FW_G0_V1.6.1, STM32Cube_FW_G4_V1.5.1, STM32Cube_FW_H5_V0.5.1, STM32Cube_FW_H5_V1.1.0, STM32Cube_FW_H7_V1.11.0, STM32Cube_FW_L0_V1.12.2, STM32Cube_FW_L5_V1.5.0, STM32Cube_FW_U5_V1.3.0, STM32Cube_FW_U5_V1.3.0RC4, STM32Cube_FW_WBA_V1.0.0RC1, STM32Cube_FW_WBA_V1.1.0, STM32Cube_FW_WBA_V1.1.0RC1, STM32Cube_FW_WB_V1.15.0RC1, STM32Cube_FW_WB_V1.16.0, STM32Cube_FW_WB_V1.16.0RC2, STM32Cube_FW_WB_V1.17.0, STM32Cube_FW_WL_V1.3.0, X-CUBE-ALGOBUILD_V1.3.0, X-CUBE-ALS_V1.0.1, X-CUBE-AZRTOS-F4_V1.1.0, X-CUBE-AZRTOS-F7_V1.1.0, X-CUBE-AZRTOS-G0_V1.1.0, X-CUBE-AZRTOS-G4_V2.0.0, X-CUBE-AZRTOS-H7_V3.1.0, X-CUBE-AZRTOS-L4_V1.0.0, X-CUBE-AZRTOS-L4_V2.0.0, X-CUBE-AZRTOS-L5_V1.1.0, X-CUBE-AZRTOS-WB_V1.1.0, X-CUBE-AZRTOS-WL_V2.0.0, X-CUBE-BLE1_V7.0.0, X-CUBE-BLE2_V3.3.0, X-CUBE-BLEMGR_V2.0.0, X-CUBE-EEPRMA1_V4.1.0, X-CUBE-FREERTOS_V1.1.0, X-CUBE-GNSS1_V6.0.0, X-CUBE-MEMS1_V9.1.0, X-CUBE-MEMS1_V9.4.0, X-CUBE-MEMS1_V9.6.0, X-CUBE-NFC4_V3.0.0, X-CUBE-NFC7_V1.0.0, X-CUBE-SFXS2LP1_V4.0.0, X-CUBE-SUBG2_V5.0.0, X-CUBE-TOF1_V3.3.1]
2023-09-08 18:53:15,193 [INFO] DbBoardsSqlite:226 - include board P-NUCLEO-WB55-NUCLEO as a kit item of type 'Nucleo-64'
2023-09-08 18:53:15,193 [INFO] DbBoardsSqlite:226 - include board P-NUCLEO-WB55-USBDONGLE as a kit item of type 'Nucleo USB Dongle'
2023-09-08 18:53:15,194 [INFO] DbBoardsSqlite:226 - include board STEVAL-IDP005V1 as a kit item of type 'Evaluation Board'
2023-09-08 18:53:15,194 [INFO] DbBoardsSqlite:226 - include board STEVAL-IDP005V2 as a kit item of type 'Evaluation Board'
2023-09-08 18:53:15,343 [INFO] ApiDb:240 - Found 323 in-development CPN: [B-G473E-ZEST1S, B-WB1M-WPAN1, B-WL5M-SUBG1, NUCLEO-C031C6, NUCLEO-H503RB, NUCLEO-H563ZI, NUCLEO-U545RE-Q, NUCLEO-U5A5ZJ-Q, NUCLEO-WBA52CG, STEVAL-PROTEUS1, STEVAL-SMARTAG2, STEVAL-STWINBX1, STM320518-EVAL, STM32C0116-DK, STM32C011D6Y3TR, STM32C011D6Y6TR, STM32C011F4P3, STM32C011F4P6, STM32C011F4U3, STM32C011F4U6TR, STM32C011F6P3, STM32C011F6P6, STM32C011F6U3, STM32C011F6U6TR, STM32C011J4M3, STM32C011J4M6, STM32C011J6M3, STM32C011J6M6, STM32C0316-DK, STM32C031C4T3, STM32C031C4T6, STM32C031C4U3, STM32C031C4U6, STM32C031C6T3, STM32C031C6T6, STM32C031C6U3, STM32C031C6U6, STM32C031F4P3, STM32C031F4P6, STM32C031F6P3, STM32C031F6P6, STM32C031G4U3, STM32C031G4U6, STM32C031G6U3, STM32C031G6U6, STM32C031K4T3, STM32C031K4T6, STM32C031K4U3, STM32C031K4U6, STM32C031K6T3, STM32C031K6T6, STM32C031K6U3, STM32C031K6U6, STM32G071K8TXN, STM32G071K8UXN, STM32G081GBU6N, STM32G081KBT6N, STM32G081KBUXN, STM32G0B1CCT6N, STM32G0B1KCT6, STM32G0B1NEY6TR, STM32G0B1RCT6N, STM32G0C1CCT6, STM32G0C1CCT6N, STM32G0C1CCU6N, STM32G0C1CET6N, STM32G0C1CEU6N, STM32G0C1KCT6, STM32G0C1NEY6TR, STM32G0C1RCI6N, STM32G0C1RCT6N, STM32G0C1REI6N, STM32G0C1RET6N, STM32G0C1VCI6, STM32G0C1VEI6, STM32G471CCT6, STM32G471CCU6, STM32G471CET3, STM32G471CET6, STM32G471CEU3, STM32G471CEU6, STM32G471MCT6, STM32G471MET3, STM32G471MET6, STM32G471MEY6TR, STM32G471QCT6, STM32G471QET3, STM32G471RCT6, STM32G471RET3, STM32G471RET6, STM32G471VCH6, STM32G471VCI6, STM32G471VCT6, STM32G471VEH3, STM32G471VEH6, STM32G471VEI3, STM32G471VEI6, STM32G471VET3, STM32G471VET6, STM32G474CCT6, STM32H503CBT6, STM32H503CBU6, STM32H503EBY6TR, STM32H503KBU6, STM32H503RBT6, STM32H562AGI6, STM32H562AII6, STM32H562IGK6, STM32H562IGT6, STM32H562IIK6, STM32H562IIT6, STM32H562RGT6, STM32H562RGV6, STM32H562RIT6, STM32H562RIV6, STM32H562VGT6, STM32H562VIT6, STM32H562ZGT6, STM32H562ZIT6, STM32H563AGI6, STM32H563AII3Q, STM32H563AII6, STM32H563IGK6, STM32H563IGT6, STM32H563IIK3Q, STM32H563IIK6, STM32H563IIT3Q, STM32H563IIT6, STM32H563MIY3QTR, STM32H563RGT6, STM32H563RGV6, STM32H563RIT6, STM32H563RIV6, STM32H563VGT6, STM32H563VIT3Q, STM32H563VIT6, STM32H563ZGT6, STM32H563ZIT3Q, STM32H563ZIT6, STM32H573AII3Q, STM32H573AII6, STM32H573I-DK, STM32H573IIK3Q, STM32H573IIK6, STM32H573IIT3Q, STM32H573IIT6, STM32H573MIY3QTR, STM32H573RIT6, STM32H573RIV6, STM32H573VIT3Q, STM32H573VIT6, STM32H573ZIT3Q, STM32H573ZIT6, STM32L4R5QGI6STR, STM32MP131AAE3, STM32MP131AAF3, STM32MP131AAG3, STM32MP131CAE3, STM32MP131CAF3, STM32MP131CAG3, STM32MP131DAE7, STM32MP131DAF7, STM32MP131DAG7, STM32MP131FAE7, STM32MP131FAF7, STM32MP131FAG7, STM32MP133AAE3, STM32MP133AAF3, STM32MP133AAG3, STM32MP133CAE3, STM32MP133CAF3, STM32MP133CAG3, STM32MP133DAE7, STM32MP133DAF7, STM32MP133DAG7, STM32MP133FAE7, STM32MP133FAF7, STM32MP133FAG7, STM32MP135AAE3, STM32MP135AAF3, STM32MP135AAG3, STM32MP135CAE3, STM32MP135CAF3, STM32MP135CAG3, STM32MP135DAE7, STM32MP135DAF7, STM32MP135DAG7, STM32MP135F-DK, STM32MP135FAE7, STM32MP135FAF7, STM32MP135FAF7T, STM32MP135FAF7U, STM32MP135FAG7, STM32U535CBT6, STM32U535CBT6Q, STM32U535CBU6, STM32U535CBU6Q, STM32U535CCT6, STM32U535CCT6Q, STM32U535CCU6, STM32U535CCU6Q, STM32U535CET6, STM32U535CET6Q, STM32U535CEU6, STM32U535CEU6Q, STM32U535JEY6QTR, STM32U535NCY6QTR, STM32U535NEY6QTR, STM32U535RBI6, STM32U535RBI6Q, STM32U535RBT6, STM32U535RBT6Q, STM32U535RCI6, STM32U535RCI6Q, STM32U535RCT6, STM32U535RCT6Q, STM32U535REI6, STM32U535REI6Q, STM32U535RET6, STM32U535RET6Q, STM32U535VCI6, STM32U535VCI6Q, STM32U535VCT6, STM32U535VCT6Q, STM32U535VEI6, STM32U535VEI6Q, STM32U535VET6, STM32U535VET6Q, STM32U545CET6, STM32U545CET6Q, STM32U545CEU6, STM32U545CEU6Q, STM32U545JEY6QTR, STM32U545NEY6QTR, STM32U545REI6, STM32U545REI6Q, STM32U545RET6, STM32U545RET6Q, STM32U545VEI6, STM32U545VEI6Q, STM32U545VET6, STM32U545VET6Q, STM32U595AIH6, STM32U595AIH6Q, STM32U595AJH6, STM32U595AJH6Q, STM32U595QII6, STM32U595QII6Q, STM32U595QJI6, STM32U595QJI6Q, STM32U595RIT6, STM32U595RIT6Q, STM32U595RJT6, STM32U595RJT6Q, STM32U595VIT6, STM32U595VIT6Q, STM32U595VJT6, STM32U595VJT6Q, STM32U595ZIT6, STM32U595ZIT6Q, STM32U595ZIY6QTR, STM32U595ZJT6, STM32U595ZJT6Q, STM32U595ZJY6QTR, STM32U599BJY6QTR, STM32U599NIH6Q, STM32U599NJH6Q, STM32U599VIT6Q, STM32U599VJT6, STM32U599VJT6Q, STM32U599ZIT6Q, STM32U599ZIY6QTR, STM32U599ZJT6Q, STM32U599ZJY6QTR, STM32U5A5AJH6, STM32U5A5AJH6Q, STM32U5A5QJI6, STM32U5A5QJI6Q, STM32U5A5RJT6, STM32U5A5RJT6Q, STM32U5A5VJT6, STM32U5A5VJT6Q, STM32U5A5ZJT6, STM32U5A5ZJT6Q, STM32U5A5ZJY6QTR, STM32U5A9BJY6QTR, STM32U5A9J-DK, STM32U5A9NJH6Q, STM32U5A9VJT6Q, STM32U5A9ZJT6Q, STM32U5A9ZJY6QTR, STM32U5F7VIT6, STM32U5F7VIT6Q, STM32U5F7VJT6, STM32U5F7VJT6Q, STM32U5F9BJY6QTR, STM32U5F9NJH6Q, STM32U5F9VIT6Q, STM32U5F9VJT6Q, STM32U5F9ZIJ6QTR, STM32U5F9ZIT6Q, STM32U5F9ZJJ6QTR, STM32U5F9ZJT6Q, STM32U5G7VJT6, STM32U5G7VJT6Q, STM32U5G9BJY6QTR, STM32U5G9J-DK1, STM32U5G9J-DK2, STM32U5G9NJH6Q, STM32U5G9VJT6Q, STM32U5G9ZJJ6QTR, STM32U5G9ZJT6Q, STM32WB1MMCH6, STM32WBA52CEU6, STM32WBA52CEU6T, STM32WBA52CGU6, STM32WBA52CGU6T, STM32WBA52KEU6, STM32WBA52KEU6T, STM32WBA52KGU6, STM32WBA52KGU6T, STM32WL5MOCH6, STM32WL5MOCH6TR]
2023-09-08 18:53:15,425 [INFO] BoardInfo:880 - No configuration file found for board P-NUCLEO-WB55
2023-09-08 18:53:15,425 [INFO] DbBoards:157 - Kit is not supported: P-NUCLEO-WB55
2023-09-08 18:53:15,428 [INFO] BoardInfo:880 - No configuration file found for board STEVAL-BFA001V1B
2023-09-08 18:53:15,428 [INFO] DbBoards:157 - Kit is not supported: STEVAL-BFA001V1B
2023-09-08 18:53:15,429 [INFO] BoardInfo:880 - No configuration file found for board STEVAL-BFA001V2B
2023-09-08 18:53:15,429 [INFO] DbBoards:157 - Kit is not supported: STEVAL-BFA001V2B
2023-09-08 18:53:15,509 [INFO] DbBoards:161 - Found 190 boards, 187 are supported
2023-09-08 18:53:15,512 [INFO] ApiDb:668 - CubeFinder database Data Model version=2.1
2023-09-08 18:53:15,512 [INFO] ApiDb:669 - CubeFinder database Configuration version=3.0.37
2023-09-08 18:53:15,512 [INFO] ApiDb:670 - CubeFinder database generation date=2023-08-09 (1691586011)
2023-09-08 18:53:15,512 [INFO] ApiDb:671 - CubeFinder database FW Pack versions=[FP-ATR-ASTRA1_V2.0.0, FP-SNS-FLIGHT1_V5.0.1, FP-SNS-FLIGHT1_V5.0.2, FP-SNS-MOTENV1_V4.3.1, FP-SNS-MOTENV1_V4.3.2, STM32Cube_FW_C0_V1.1.0, STM32Cube_FW_F4_V1.27.1, STM32Cube_FW_F7_V1.17.0, STM32Cube_FW_G0_V1.6.1, STM32Cube_FW_G4_V1.5.1, STM32Cube_FW_H5_V0.5.1, STM32Cube_FW_H5_V1.1.0, STM32Cube_FW_H7_V1.11.0, STM32Cube_FW_L0_V1.12.2, STM32Cube_FW_L5_V1.5.0, STM32Cube_FW_U5_V1.3.0, STM32Cube_FW_U5_V1.3.0RC4, STM32Cube_FW_WBA_V1.0.0RC1, STM32Cube_FW_WBA_V1.1.0, STM32Cube_FW_WBA_V1.1.0RC1, STM32Cube_FW_WB_V1.15.0RC1, STM32Cube_FW_WB_V1.16.0, STM32Cube_FW_WB_V1.16.0RC2, STM32Cube_FW_WB_V1.17.0, STM32Cube_FW_WL_V1.3.0, X-CUBE-ALGOBUILD_V1.3.0, X-CUBE-ALS_V1.0.1, X-CUBE-AZRTOS-F4_V1.1.0, X-CUBE-AZRTOS-F7_V1.1.0, X-CUBE-AZRTOS-G0_V1.1.0, X-CUBE-AZRTOS-G4_V2.0.0, X-CUBE-AZRTOS-H7_V3.1.0, X-CUBE-AZRTOS-L4_V1.0.0, X-CUBE-AZRTOS-L4_V2.0.0, X-CUBE-AZRTOS-L5_V1.1.0, X-CUBE-AZRTOS-WB_V1.1.0, X-CUBE-AZRTOS-WL_V2.0.0, X-CUBE-BLE1_V7.0.0, X-CUBE-BLE2_V3.3.0, X-CUBE-BLEMGR_V2.0.0, X-CUBE-EEPRMA1_V4.1.0, X-CUBE-FREERTOS_V1.1.0, X-CUBE-GNSS1_V6.0.0, X-CUBE-MEMS1_V9.1.0, X-CUBE-MEMS1_V9.4.0, X-CUBE-MEMS1_V9.6.0, X-CUBE-NFC4_V3.0.0, X-CUBE-NFC7_V1.0.0, X-CUBE-SFXS2LP1_V4.0.0, X-CUBE-SUBG2_V5.0.0, X-CUBE-TOF1_V3.3.1]
2023-09-08 18:53:16,739 [INFO] ApiDb:240 - Found 323 in-development CPN: [B-G473E-ZEST1S, B-WB1M-WPAN1, B-WL5M-SUBG1, NUCLEO-C031C6, NUCLEO-H503RB, NUCLEO-H563ZI, NUCLEO-U545RE-Q, NUCLEO-U5A5ZJ-Q, NUCLEO-WBA52CG, STEVAL-PROTEUS1, STEVAL-SMARTAG2, STEVAL-STWINBX1, STM320518-EVAL, STM32C0116-DK, STM32C011D6Y3TR, STM32C011D6Y6TR, STM32C011F4P3, STM32C011F4P6, STM32C011F4U3, STM32C011F4U6TR, STM32C011F6P3, STM32C011F6P6, STM32C011F6U3, STM32C011F6U6TR, STM32C011J4M3, STM32C011J4M6, STM32C011J6M3, STM32C011J6M6, STM32C0316-DK, STM32C031C4T3, STM32C031C4T6, STM32C031C4U3, STM32C031C4U6, STM32C031C6T3, STM32C031C6T6, STM32C031C6U3, STM32C031C6U6, STM32C031F4P3, STM32C031F4P6, STM32C031F6P3, STM32C031F6P6, STM32C031G4U3, STM32C031G4U6, STM32C031G6U3, STM32C031G6U6, STM32C031K4T3, STM32C031K4T6, STM32C031K4U3, STM32C031K4U6, STM32C031K6T3, STM32C031K6T6, STM32C031K6U3, STM32C031K6U6, STM32G071K8TXN, STM32G071K8UXN, STM32G081GBU6N, STM32G081KBT6N, STM32G081KBUXN, STM32G0B1CCT6N, STM32G0B1KCT6, STM32G0B1NEY6TR, STM32G0B1RCT6N, STM32G0C1CCT6, STM32G0C1CCT6N, STM32G0C1CCU6N, STM32G0C1CET6N, STM32G0C1CEU6N, STM32G0C1KCT6, STM32G0C1NEY6TR, STM32G0C1RCI6N, STM32G0C1RCT6N, STM32G0C1REI6N, STM32G0C1RET6N, STM32G0C1VCI6, STM32G0C1VEI6, STM32G471CCT6, STM32G471CCU6, STM32G471CET3, STM32G471CET6, STM32G471CEU3, STM32G471CEU6, STM32G471MCT6, STM32G471MET3, STM32G471MET6, STM32G471MEY6TR, STM32G471QCT6, STM32G471QET3, STM32G471RCT6, STM32G471RET3, STM32G471RET6, STM32G471VCH6, STM32G471VCI6, STM32G471VCT6, STM32G471VEH3, STM32G471VEH6, STM32G471VEI3, STM32G471VEI6, STM32G471VET3, STM32G471VET6, STM32G474CCT6, STM32H503CBT6, STM32H503CBU6, STM32H503EBY6TR, STM32H503KBU6, STM32H503RBT6, STM32H562AGI6, STM32H562AII6, STM32H562IGK6, STM32H562IGT6, STM32H562IIK6, STM32H562IIT6, STM32H562RGT6, STM32H562RGV6, STM32H562RIT6, STM32H562RIV6, STM32H562VGT6, STM32H562VIT6, STM32H562ZGT6, STM32H562ZIT6, STM32H563AGI6, STM32H563AII3Q, STM32H563AII6, STM32H563IGK6, STM32H563IGT6, STM32H563IIK3Q, STM32H563IIK6, STM32H563IIT3Q, STM32H563IIT6, STM32H563MIY3QTR, STM32H563RGT6, STM32H563RGV6, STM32H563RIT6, STM32H563RIV6, STM32H563VGT6, STM32H563VIT3Q, STM32H563VIT6, STM32H563ZGT6, STM32H563ZIT3Q, STM32H563ZIT6, STM32H573AII3Q, STM32H573AII6, STM32H573I-DK, STM32H573IIK3Q, STM32H573IIK6, STM32H573IIT3Q, STM32H573IIT6, STM32H573MIY3QTR, STM32H573RIT6, STM32H573RIV6, STM32H573VIT3Q, STM32H573VIT6, STM32H573ZIT3Q, STM32H573ZIT6, STM32L4R5QGI6STR, STM32MP131AAE3, STM32MP131AAF3, STM32MP131AAG3, STM32MP131CAE3, STM32MP131CAF3, STM32MP131CAG3, STM32MP131DAE7, STM32MP131DAF7, STM32MP131DAG7, STM32MP131FAE7, STM32MP131FAF7, STM32MP131FAG7, STM32MP133AAE3, STM32MP133AAF3, STM32MP133AAG3, STM32MP133CAE3, STM32MP133CAF3, STM32MP133CAG3, STM32MP133DAE7, STM32MP133DAF7, STM32MP133DAG7, STM32MP133FAE7, STM32MP133FAF7, STM32MP133FAG7, STM32MP135AAE3, STM32MP135AAF3, STM32MP135AAG3, STM32MP135CAE3, STM32MP135CAF3, STM32MP135CAG3, STM32MP135DAE7, STM32MP135DAF7, STM32MP135DAG7, STM32MP135F-DK, STM32MP135FAE7, STM32MP135FAF7, STM32MP135FAF7T, STM32MP135FAF7U, STM32MP135FAG7, STM32U535CBT6, STM32U535CBT6Q, STM32U535CBU6, STM32U535CBU6Q, STM32U535CCT6, STM32U535CCT6Q, STM32U535CCU6, STM32U535CCU6Q, STM32U535CET6, STM32U535CET6Q, STM32U535CEU6, STM32U535CEU6Q, STM32U535JEY6QTR, STM32U535NCY6QTR, STM32U535NEY6QTR, STM32U535RBI6, STM32U535RBI6Q, STM32U535RBT6, STM32U535RBT6Q, STM32U535RCI6, STM32U535RCI6Q, STM32U535RCT6, STM32U535RCT6Q, STM32U535REI6, STM32U535REI6Q, STM32U535RET6, STM32U535RET6Q, STM32U535VCI6, STM32U535VCI6Q, STM32U535VCT6, STM32U535VCT6Q, STM32U535VEI6, STM32U535VEI6Q, STM32U535VET6, STM32U535VET6Q, STM32U545CET6, STM32U545CET6Q, STM32U545CEU6, STM32U545CEU6Q, STM32U545JEY6QTR, STM32U545NEY6QTR, STM32U545REI6, STM32U545REI6Q, STM32U545RET6, STM32U545RET6Q, STM32U545VEI6, STM32U545VEI6Q, STM32U545VET6, STM32U545VET6Q, STM32U595AIH6, STM32U595AIH6Q, STM32U595AJH6, STM32U595AJH6Q, STM32U595QII6, STM32U595QII6Q, STM32U595QJI6, STM32U595QJI6Q, STM32U595RIT6, STM32U595RIT6Q, STM32U595RJT6, STM32U595RJT6Q, STM32U595VIT6, STM32U595VIT6Q, STM32U595VJT6, STM32U595VJT6Q, STM32U595ZIT6, STM32U595ZIT6Q, STM32U595ZIY6QTR, STM32U595ZJT6, STM32U595ZJT6Q, STM32U595ZJY6QTR, STM32U599BJY6QTR, STM32U599NIH6Q, STM32U599NJH6Q, STM32U599VIT6Q, STM32U599VJT6, STM32U599VJT6Q, STM32U599ZIT6Q, STM32U599ZIY6QTR, STM32U599ZJT6Q, STM32U599ZJY6QTR, STM32U5A5AJH6, STM32U5A5AJH6Q, STM32U5A5QJI6, STM32U5A5QJI6Q, STM32U5A5RJT6, STM32U5A5RJT6Q, STM32U5A5VJT6, STM32U5A5VJT6Q, STM32U5A5ZJT6, STM32U5A5ZJT6Q, STM32U5A5ZJY6QTR, STM32U5A9BJY6QTR, STM32U5A9J-DK, STM32U5A9NJH6Q, STM32U5A9VJT6Q, STM32U5A9ZJT6Q, STM32U5A9ZJY6QTR, STM32U5F7VIT6, STM32U5F7VIT6Q, STM32U5F7VJT6, STM32U5F7VJT6Q, STM32U5F9BJY6QTR, STM32U5F9NJH6Q, STM32U5F9VIT6Q, STM32U5F9VJT6Q, STM32U5F9ZIJ6QTR, STM32U5F9ZIT6Q, STM32U5F9ZJJ6QTR, STM32U5F9ZJT6Q, STM32U5G7VJT6, STM32U5G7VJT6Q, STM32U5G9BJY6QTR, STM32U5G9J-DK1, STM32U5G9J-DK2, STM32U5G9NJH6Q, STM32U5G9VJT6Q, STM32U5G9ZJJ6QTR, STM32U5G9ZJT6Q, STM32WB1MMCH6, STM32WBA52CEU6, STM32WBA52CEU6T, STM32WBA52CGU6, STM32WBA52CGU6T, STM32WBA52KEU6, STM32WBA52KEU6T, STM32WBA52KGU6, STM32WBA52KGU6T, STM32WL5MOCH6, STM32WL5MOCH6TR]
2023-09-08 18:53:16,743 [INFO] DbMcus:217 - Found 3848 MCUs, 3848 are supported
2023-09-08 18:53:16,744 [INFO] ApiDb:423 - Load user favorites file C:\Users\lyduc/.stm32cubeide/favorites.mcus.txt: 0 item(s)
2023-09-08 18:53:16,744 [INFO] ApiDb:427 - User favorites MCUs=[]
2023-09-08 18:53:16,744 [INFO] DbMcus:223 - Set 0 / 0 favorites MCUs
2023-09-08 18:53:16,899 [INFO] ApiDb:423 - Load user favorites file C:\Users\lyduc/.stm32cubeide/favorites.boards.txt: 0 item(s)
2023-09-08 18:53:16,899 [INFO] ApiDb:427 - User favorites Boards=[]
2023-09-08 18:53:16,899 [INFO] DbBoards:190 - Set 0 / 0 favorites Boards
2023-09-08 18:53:16,899 [INFO] McuFinderGlobals:76 - Set McuFinderConnectedMode to true
2023-09-08 18:53:16,906 [INFO] MultiScanPanel:200 - Auto-refresh data requested => check proxy status ongoing
2023-09-08 18:53:16,908 [INFO] FinderPluginLoader:95 - Searching for filters in installed packs
2023-09-08 18:53:17,585 [INFO] LoadUrlFilesThread:185 - End of LoadServerUrlFiles without Thread
2023-09-08 18:53:17,590 [INFO] DetailPanel:341 - Set advertising image to C:/Users/lyduc/STM32Cube/Repository/\en.prom-stm32h5-mcu-finder.jpg
2023-09-08 18:56:06,972 [INFO] MultiScanPanel:200 - Auto-refresh data requested => check proxy status ongoing
2023-09-08 18:56:07,116 [INFO] LoadUrlFilesThread:185 - End of LoadServerUrlFiles without Thread
2023-09-08 18:56:07,117 [INFO] DetailPanel:341 - Set advertising image to C:/Users/lyduc/STM32Cube/Repository/\en.prom-stm32h5-mcu-finder.jpg
2023-09-08 18:56:07,128 [INFO] DbBoards:634 - Loading board mini-images...
2023-09-08 18:56:08,340 [ERROR] DbBoards:651 - Image file not found for board STM32U5G9J-DK1: C:\Users\lyduc\.stmcufinder\plugins\mcufinder//mcu//boards_images/STM32U5G9J-DK1.jpg
2023-09-08 18:56:08,340 [ERROR] DbBoards:651 - Image file not found for board STM32U5G9J-DK2: C:\Users\lyduc\.stmcufinder\plugins\mcufinder//mcu//boards_images/STM32U5G9J-DK2.jpg
2023-09-08 18:56:08,350 [INFO] DbBoards:657 - Loaded 188 board mini-images
2023-09-08 18:59:37,789 [INFO] McuFinderGlobals:76 - Set McuFinderConnectedMode to true
2023-09-08 18:59:37,791 [INFO] ApiDb:448 - Save user favorites file C:\Users\lyduc/.stm32cubeide/favorites.mcus.txt: 0 item(s)
2023-09-08 18:59:37,791 [INFO] ApiDb:452 - User favorites MCUs=[]
2023-09-08 18:59:37,796 [INFO] ApiDb:448 - Save user favorites file C:\Users\lyduc/.stm32cubeide/favorites.boards.txt: 0 item(s)
2023-09-08 18:59:37,796 [INFO] ApiDb:452 - User favorites Boards=[]
2023-09-08 19:39:32,170 [ERROR] LogOutputStream:75 - [STDERR_REDIRECT] 
2023-09-08 20:59:27,927 [INFO] Activator:176 - 


2023-09-08 20:59:27,928 [INFO] Activator:177 - !SESSION log4j initialized
2023-09-08 20:59:52,902 [INFO] LogOutputStream:77 - [STDOUT_REDIRECT] 
2023-09-08 21:00:04,791 [ERROR] ConfigurationRetriever:142 - IOException on connection: sw-center.st.com
2023-09-08 21:00:04,792 [ERROR] ConfigurationRetriever:142 - IOException on connection: sw-center.st.com
2023-09-08 21:00:04,792 [ERROR] ConfigurationRetriever:142 - IOException on connection: sw-center.st.com
2023-09-08 21:00:05,552 [INFO] ApplicationProperties:184 - Using Application install path: C:\ST\STM32CubeIDE_1.13.1\STM32CubeIDE\plugins\com.st.stm32cube.common.mx_6.9.1.202307191849
2023-09-08 21:00:05,572 [INFO] DbMcusXml:78 - Set database path to: C:\ST\STM32CubeIDE_1.13.1\STM32CubeIDE\plugins\com.st.stm32cube.common.mx_6.9.1.202307191849\\db\/mcu/
2023-09-08 21:00:05,573 [INFO] ApiDb:274 - Set plugin database path to: C:\ST\STM32CubeIDE_1.13.1\STM32CubeIDE\plugins\com.st.stm32cube.common.mx_6.9.1.202307191849\\db\/plugins/boardmanager/
2023-09-08 21:00:05,573 [WARN] ApiDb:259 - Overriding images path with different value:  => C:\ST\STM32CubeIDE_1.13.1\STM32CubeIDE\plugins\com.st.stm32cube.common.mx_6.9.1.202307191849\\db\/plugins/mcufinder/images/
2023-09-08 21:00:05,591 [INFO] ApiDb:250 - Set database path to: C:\Users\lyduc\.stmcufinder\plugins\mcufinder//mcu/
2023-09-08 21:00:05,593 [INFO] DbMcusAds:125 - Set database path to: C:\Users\lyduc\.stmcufinder\plugins\mcufinder//mcu/
2023-09-08 21:00:05,595 [INFO] CrossReferenceDbSqlite:203 - Set database path to: C:\Users\lyduc\.stmcufinder\plugins\mcufinder//mcu/cs/
2023-09-08 21:00:05,822 [INFO] RulesReader:64 - Compatibility file has been processed (293 Rules)
2023-09-08 21:00:05,942 [INFO] DbMcusXml:78 - Set database path to: C:\ST\STM32CubeIDE_1.13.1\STM32CubeIDE\plugins\com.st.stm32cube.common.mx_6.9.1.202307191849\\db\/mcu/
2023-09-08 21:00:05,942 [INFO] ApiDb:274 - Set plugin database path to: C:\ST\STM32CubeIDE_1.13.1\STM32CubeIDE\plugins\com.st.stm32cube.common.mx_6.9.1.202307191849\\db\/plugins/boardmanager/
2023-09-08 21:00:05,943 [INFO] ApiDb:261 - Set plugin images path to: C:\ST\STM32CubeIDE_1.13.1\STM32CubeIDE\plugins\com.st.stm32cube.common.mx_6.9.1.202307191849\\db\/plugins/mcufinder/images/
2023-09-08 21:00:05,943 [WARN] DbFile:41 - Overriding database path with different value: C:\Users\lyduc\.stmcufinder\plugins\mcufinder/ => C:\Users\lyduc\.stmcufinder\plugins\mcufinder
2023-09-08 21:00:05,943 [INFO] ApiDb:250 - Set database path to: C:\Users\lyduc\.stmcufinder\plugins\mcufinder//mcu/
2023-09-08 21:00:05,943 [WARN] DbFile:41 - Overriding database path with different value: C:\Users\lyduc\.stmcufinder\plugins\mcufinder/ => C:\Users\lyduc\.stmcufinder\plugins\mcufinder
2023-09-08 21:00:05,943 [INFO] DbMcusAds:125 - Set database path to: C:\Users\lyduc\.stmcufinder\plugins\mcufinder//mcu/
2023-09-08 21:00:05,944 [WARN] DbFile:41 - Overriding database path with different value: C:\Users\lyduc\.stmcufinder\plugins\mcufinder/ => C:\Users\lyduc\.stmcufinder\plugins\mcufinder
2023-09-08 21:00:05,944 [WARN] DbFile:41 - Overriding database path with different value: C:\Users\lyduc\.stmcufinder\plugins\mcufinder/ => C:\Users\lyduc\.stmcufinder\plugins\mcufinder
2023-09-08 21:00:05,944 [INFO] CrossReferenceDbSqlite:203 - Set database path to: C:\Users\lyduc\.stmcufinder\plugins\mcufinder//mcu/cs/
2023-09-08 21:00:06,059 [INFO] MainPanel:262 - HeapMemory: 268435456
2023-09-08 21:00:06,195 [INFO] DbMcusXml:78 - Set database path to: C:\ST\STM32CubeIDE_1.13.1\STM32CubeIDE\plugins\com.st.stm32cube.common.mx_6.9.1.202307191849\\db\/mcu/
2023-09-08 21:00:06,195 [INFO] ApiDb:274 - Set plugin database path to: C:\ST\STM32CubeIDE_1.13.1\STM32CubeIDE\plugins\com.st.stm32cube.common.mx_6.9.1.202307191849\\db\/plugins/boardmanager/
2023-09-08 21:00:06,195 [INFO] ApiDb:261 - Set plugin images path to: C:\ST\STM32CubeIDE_1.13.1\STM32CubeIDE\plugins\com.st.stm32cube.common.mx_6.9.1.202307191849\\db\/plugins/mcufinder/images/
2023-09-08 21:00:06,195 [WARN] DbFile:41 - Overriding database path with different value: C:\Users\lyduc\.stmcufinder\plugins\mcufinder/ => C:\Users\lyduc\.stmcufinder\plugins\mcufinder
2023-09-08 21:00:06,195 [INFO] ApiDb:250 - Set database path to: C:\Users\lyduc\.stmcufinder\plugins\mcufinder//mcu/
2023-09-08 21:00:06,195 [WARN] DbFile:41 - Overriding database path with different value: C:\Users\lyduc\.stmcufinder\plugins\mcufinder/ => C:\Users\lyduc\.stmcufinder\plugins\mcufinder
2023-09-08 21:00:06,195 [INFO] DbMcusAds:125 - Set database path to: C:\Users\lyduc\.stmcufinder\plugins\mcufinder//mcu/
2023-09-08 21:00:06,195 [WARN] DbFile:41 - Overriding database path with different value: C:\Users\lyduc\.stmcufinder\plugins\mcufinder/ => C:\Users\lyduc\.stmcufinder\plugins\mcufinder
2023-09-08 21:00:06,195 [WARN] DbFile:41 - Overriding database path with different value: C:\Users\lyduc\.stmcufinder\plugins\mcufinder/ => C:\Users\lyduc\.stmcufinder\plugins\mcufinder
2023-09-08 21:00:06,196 [INFO] CrossReferenceDbSqlite:203 - Set database path to: C:\Users\lyduc\.stmcufinder\plugins\mcufinder//mcu/cs/
2023-09-08 21:00:06,209 [INFO] ApplicationProperties:184 - Using Application install path: C:\ST\STM32CubeIDE_1.13.1\STM32CubeIDE\plugins\com.st.stm32cube.common.mx_6.9.1.202307191849
2023-09-08 21:00:06,211 [INFO] PluginManage:196 - Search for loadable plugins [exclusion list=, ]
2023-09-08 21:00:06,214 [INFO] PluginManage:310 - Check plugin analytics
2023-09-08 21:00:06,569 [INFO] AnalyticsPlugin:253 - Accepted Software Licenses: 
2023-09-08 21:00:06,570 [INFO] AnalyticsPlugin:255 - Accepted CMSIS Pack Licenses: 
2023-09-08 21:00:06,570 [INFO] AnalyticsPlugin:257 - Accepted Firmware Licenses: FW.F4.1.27.0
2023-09-08 21:00:06,574 [INFO] PluginManage:359 - Loaded plugin analytics (category:tool,tabindex:-1)
2023-09-08 21:00:06,577 [INFO] PluginManage:310 - Check plugin cadmodel
2023-09-08 21:00:06,578 [ERROR] ConfigurationRetriever:142 - IOException on connection: sw-center.st.com
2023-09-08 21:00:06,579 [ERROR] ConfigurationRetriever:142 - IOException on connection: sw-center.st.com
2023-09-08 21:00:06,580 [ERROR] ConfigurationRetriever:142 - IOException on connection: sw-center.st.com
2023-09-08 21:00:06,586 [INFO] CADModel:105 - Init CAD model plugin
2023-09-08 21:00:06,586 [INFO] PluginManage:359 - Loaded plugin cadmodel (category:power,tabindex:5)
2023-09-08 21:00:06,586 [INFO] PluginManage:310 - Check plugin clock
2023-09-08 21:00:06,604 [INFO] PluginManage:359 - Loaded plugin clock (category:base,tabindex:2)
2023-09-08 21:00:06,604 [INFO] PluginManage:310 - Check plugin ddr
2023-09-08 21:00:06,607 [INFO] PluginManage:359 - Loaded plugin ddr (category:tool,tabindex:6)
2023-09-08 21:00:06,607 [INFO] PluginManage:310 - Check plugin filemanager
2023-09-08 21:00:06,758 [INFO] PluginManage:359 - Loaded plugin filemanager (category:base,tabindex:10)
2023-09-08 21:00:06,758 [INFO] PluginManage:310 - Check plugin ipmanager
2023-09-08 21:00:06,775 [INFO] PluginManage:359 - Loaded plugin ipmanager (category:base,tabindex:5)
2023-09-08 21:00:06,776 [INFO] PluginManage:310 - Check plugin lpbam
2023-09-08 21:00:06,793 [INFO] PluginManage:359 - Loaded plugin lpbam (category:base,tabindex:0)
2023-09-08 21:00:06,793 [INFO] PluginManage:310 - Check plugin memorymap
2023-09-08 21:00:06,814 [INFO] PluginManage:359 - Loaded plugin memorymap (category:base,tabindex:4)
2023-09-08 21:00:06,815 [INFO] PluginManage:310 - Check plugin pinoutandconfiguration
2023-09-08 21:00:06,826 [INFO] PluginManage:359 - Loaded plugin pinoutandconfiguration (category:base,tabindex:1)
2023-09-08 21:00:06,827 [INFO] PluginManage:310 - Check plugin pinoutconfig
2023-09-08 21:00:06,969 [WARN] SupportedApi:132 - Cannot load RTOS API schema: s4s-elt-must-match.1: The content of 'definitions' must match (annotation?, (simpleType | complexType)?, (unique | key | keyref)*)). A problem was found starting at: attribute.
2023-09-08 21:00:07,254 [INFO] PluginManage:359 - Loaded plugin pinoutconfig (category:base,tabindex:0)
2023-09-08 21:00:07,254 [INFO] PluginManage:310 - Check plugin power
2023-09-08 21:00:07,276 [INFO] PluginManage:359 - Loaded plugin power (category:power,tabindex:4)
2023-09-08 21:00:07,277 [INFO] PluginManage:310 - Check plugin projectmanager
2023-09-08 21:00:07,307 [INFO] PluginManage:359 - Loaded plugin projectmanager (category:projectmanager,tabindex:3)
2023-09-08 21:00:07,307 [INFO] PluginManage:310 - Check plugin thirdparty
2023-09-08 21:00:07,554 [INFO] PluginManage:359 - Loaded plugin thirdparty (category:base,tabindex:-1)
2023-09-08 21:00:07,554 [INFO] PluginManage:310 - Check plugin tools
2023-09-08 21:00:07,554 [WARN] IntegrityCheckThread:84 - waiting for thirdparty lock release [integrity check]
2023-09-08 21:00:07,555 [INFO] IntegrityCheckThread:86 - entering critical section [integrity check]
2023-09-08 21:00:07,555 [INFO] ThirdPartyUpdaterWithRetryManager:70 - Updater plugin not ready yet. [1/15]
2023-09-08 21:00:07,558 [INFO] PluginManage:359 - Loaded plugin tools (category:base,tabindex:7)
2023-09-08 21:00:07,559 [INFO] PluginManage:310 - Check plugin tutovideos
2023-09-08 21:00:07,782 [INFO] PluginManage:359 - Loaded plugin tutovideos (category:base,tabindex:-1)
2023-09-08 21:00:07,783 [INFO] PluginManage:310 - Check plugin updater
2023-09-08 21:00:07,800 [INFO] PluginManage:359 - Loaded plugin updater (category:base,tabindex:12)
2023-09-08 21:00:07,800 [INFO] PluginManage:310 - Check plugin userauth
2023-09-08 21:00:07,806 [INFO] UserAuth:113 - Init User Auth plugin
2023-09-08 21:00:07,807 [INFO] PluginManage:359 - Loaded plugin userauth (category:base,tabindex:14)
2023-09-08 21:00:07,808 [INFO] PluginManage:283 - PluginManage : Loaded plugins [17]
2023-09-08 21:00:08,104 [INFO] PinOutPanel:1499 - setPackage(No Configuration,No Configuration)
2023-09-08 21:00:08,275 [INFO] CADModel:165 - CPN selected for project level
2023-09-08 21:00:08,275 [INFO] CADModel:114 - Register for checkConnection events
2023-09-08 21:00:08,298 [INFO] IPUIPlugin:80 - create IPUIPlugin
2023-09-08 21:00:08,298 [INFO] PluginManager:220 - loadIPPluginJar : add adc
2023-09-08 21:00:08,304 [INFO] IPUIPlugin:80 - create IPUIPlugin
2023-09-08 21:00:08,304 [INFO] PluginManager:220 - loadIPPluginJar : add aes
2023-09-08 21:00:08,309 [INFO] IPUIPlugin:80 - create IPUIPlugin
2023-09-08 21:00:08,309 [INFO] PluginManager:220 - loadIPPluginJar : add can
2023-09-08 21:00:08,313 [INFO] IPUIPlugin:80 - create IPUIPlugin
2023-09-08 21:00:08,313 [INFO] PluginManager:220 - loadIPPluginJar : add comp
2023-09-08 21:00:08,318 [INFO] IPUIPlugin:80 - create IPUIPlugin
2023-09-08 21:00:08,318 [INFO] PluginManager:220 - loadIPPluginJar : add cryp
2023-09-08 21:00:08,323 [INFO] IPUIPlugin:80 - create IPUIPlugin
2023-09-08 21:00:08,323 [INFO] PluginManager:220 - loadIPPluginJar : add dfsdm
2023-09-08 21:00:08,331 [INFO] IPUIPlugin:80 - create IPUIPlugin
2023-09-08 21:00:08,332 [INFO] PluginManager:220 - loadIPPluginJar : add dma
2023-09-08 21:00:08,337 [INFO] IPUIPlugin:80 - create IPUIPlugin
2023-09-08 21:00:08,337 [INFO] PluginManager:220 - loadIPPluginJar : add dma3
2023-09-08 21:00:08,341 [INFO] IPUIPlugin:80 - create IPUIPlugin
2023-09-08 21:00:08,341 [INFO] PluginManager:220 - loadIPPluginJar : add fatfs
2023-09-08 21:00:08,348 [INFO] IPUIPlugin:80 - create IPUIPlugin
2023-09-08 21:00:08,348 [INFO] PluginManager:220 - loadIPPluginJar : add fmc
2023-09-08 21:00:08,355 [INFO] IPUIPlugin:80 - create IPUIPlugin
2023-09-08 21:00:08,356 [INFO] PluginManager:220 - loadIPPluginJar : add freertos
2023-09-08 21:00:08,358 [INFO] IPUIPlugin:80 - create IPUIPlugin
2023-09-08 21:00:08,358 [INFO] PluginManager:220 - loadIPPluginJar : add genericplugin
2023-09-08 21:00:08,361 [INFO] IPUIPlugin:80 - create IPUIPlugin
2023-09-08 21:00:08,361 [INFO] PluginManager:220 - loadIPPluginJar : add gfxmmu
2023-09-08 21:00:08,365 [INFO] IPUIPlugin:80 - create IPUIPlugin
2023-09-08 21:00:08,365 [INFO] PluginManager:220 - loadIPPluginJar : add gic
2023-09-08 21:00:08,369 [INFO] IPUIPlugin:80 - create IPUIPlugin
2023-09-08 21:00:08,370 [INFO] PluginManager:220 - loadIPPluginJar : add gpio
2023-09-08 21:00:08,374 [INFO] IPUIPlugin:80 - create IPUIPlugin
2023-09-08 21:00:08,374 [INFO] PluginManager:220 - loadIPPluginJar : add gtzc
2023-09-08 21:00:08,377 [INFO] IPUIPlugin:80 - create IPUIPlugin
2023-09-08 21:00:08,378 [INFO] PluginManager:220 - loadIPPluginJar : add hash
2023-09-08 21:00:08,381 [INFO] IPUIPlugin:80 - create IPUIPlugin
2023-09-08 21:00:08,381 [INFO] PluginManager:220 - loadIPPluginJar : add i2c
2023-09-08 21:00:08,384 [INFO] IPUIPlugin:80 - create IPUIPlugin
2023-09-08 21:00:08,384 [INFO] PluginManager:220 - loadIPPluginJar : add i2s
2023-09-08 21:00:08,387 [INFO] IPUIPlugin:80 - create IPUIPlugin
2023-09-08 21:00:08,387 [INFO] PluginManager:220 - loadIPPluginJar : add i3c
2023-09-08 21:00:08,390 [INFO] IPUIPlugin:80 - create IPUIPlugin
2023-09-08 21:00:08,391 [INFO] PluginManager:220 - loadIPPluginJar : add ipddr
2023-09-08 21:00:08,399 [INFO] IPUIPlugin:80 - create IPUIPlugin
2023-09-08 21:00:08,399 [INFO] PluginManager:220 - loadIPPluginJar : add linkedlist
2023-09-08 21:00:08,403 [INFO] IPUIPlugin:80 - create IPUIPlugin
2023-09-08 21:00:08,403 [INFO] PluginManager:220 - loadIPPluginJar : add lorawan
2023-09-08 21:00:08,406 [INFO] IPUIPlugin:80 - create IPUIPlugin
2023-09-08 21:00:08,406 [INFO] PluginManager:220 - loadIPPluginJar : add ltdc
2023-09-08 21:00:08,411 [INFO] IPUIPlugin:80 - create IPUIPlugin
2023-09-08 21:00:08,411 [INFO] PluginManager:220 - loadIPPluginJar : add mdma
2023-09-08 21:00:08,415 [INFO] IPUIPlugin:80 - create IPUIPlugin
2023-09-08 21:00:08,415 [INFO] PluginManager:220 - loadIPPluginJar : add nvic
2023-09-08 21:00:08,417 [INFO] IPUIPlugin:80 - create IPUIPlugin
2023-09-08 21:00:08,417 [INFO] PluginManager:220 - loadIPPluginJar : add opamp
2023-09-08 21:00:08,420 [INFO] IPUIPlugin:80 - create IPUIPlugin
2023-09-08 21:00:08,420 [INFO] PluginManager:220 - loadIPPluginJar : add openamp
2023-09-08 21:00:08,423 [INFO] IPUIPlugin:80 - create IPUIPlugin
2023-09-08 21:00:08,423 [INFO] PluginManager:220 - loadIPPluginJar : add pdm2pcm
2023-09-08 21:00:08,429 [INFO] IPUIPlugin:80 - create IPUIPlugin
2023-09-08 21:00:08,434 [INFO] PluginManager:220 - loadIPPluginJar : add plateformsettings
2023-09-08 21:00:08,437 [INFO] IPUIPlugin:80 - create IPUIPlugin
2023-09-08 21:00:08,437 [INFO] PluginManager:220 - loadIPPluginJar : add quadspi
2023-09-08 21:00:08,442 [INFO] IPUIPlugin:80 - create IPUIPlugin
2023-09-08 21:00:08,442 [INFO] PluginManager:220 - loadIPPluginJar : add resmgrutility
2023-09-08 21:00:08,446 [INFO] IPUIPlugin:80 - create IPUIPlugin
2023-09-08 21:00:08,446 [INFO] PluginManager:220 - loadIPPluginJar : add sai
2023-09-08 21:00:08,448 [INFO] IPUIPlugin:80 - create IPUIPlugin
2023-09-08 21:00:08,448 [INFO] PluginManager:220 - loadIPPluginJar : add spi
2023-09-08 21:00:08,453 [INFO] IPUIPlugin:80 - create IPUIPlugin
2023-09-08 21:00:08,453 [INFO] PluginManager:220 - loadIPPluginJar : add stm32_wpan
2023-09-08 21:00:08,456 [INFO] IPUIPlugin:80 - create IPUIPlugin
2023-09-08 21:00:08,456 [INFO] PluginManager:220 - loadIPPluginJar : add tim
2023-09-08 21:00:08,460 [INFO] IPUIPlugin:80 - create IPUIPlugin
2023-09-08 21:00:08,460 [INFO] PluginManager:220 - loadIPPluginJar : add touchsensing
2023-09-08 21:00:08,462 [INFO] IPUIPlugin:80 - create IPUIPlugin
2023-09-08 21:00:08,462 [INFO] PluginManager:220 - loadIPPluginJar : add tracer_emb
2023-09-08 21:00:08,464 [INFO] IPUIPlugin:80 - create IPUIPlugin
2023-09-08 21:00:08,464 [INFO] PluginManager:220 - loadIPPluginJar : add ts
2023-09-08 21:00:08,465 [INFO] IPUIPlugin:80 - create IPUIPlugin
2023-09-08 21:00:08,465 [INFO] PluginManager:220 - loadIPPluginJar : add tsc
2023-09-08 21:00:08,469 [INFO] IPUIPlugin:80 - create IPUIPlugin
2023-09-08 21:00:08,469 [INFO] PluginManager:220 - loadIPPluginJar : add ucpd
2023-09-08 21:00:08,472 [INFO] IPUIPlugin:80 - create IPUIPlugin
2023-09-08 21:00:08,472 [INFO] PluginManager:220 - loadIPPluginJar : add usart
2023-09-08 21:00:08,475 [INFO] IPUIPlugin:80 - create IPUIPlugin
2023-09-08 21:00:08,475 [INFO] PluginManager:220 - loadIPPluginJar : add usbx
2023-09-08 21:00:08,606 [INFO] CADModel:165 - CPN selected for project level
2023-09-08 21:00:08,607 [INFO] CADModel:114 - Register for checkConnection events
2023-09-08 21:00:08,607 [FATAL] Updater:308 - Updater called before beeing initialized
2023-09-08 21:00:08,607 [ERROR] CADModel:125 - Updater not yet initialized, retry later 
2023-09-08 21:00:08,935 [INFO] CADModel:165 - CPN selected for project level
2023-09-08 21:00:08,935 [INFO] CADModel:114 - Register for checkConnection events
2023-09-08 21:00:08,935 [FATAL] Updater:308 - Updater called before beeing initialized
2023-09-08 21:00:08,936 [ERROR] CADModel:125 - Updater not yet initialized, retry later 
2023-09-08 21:00:08,942 [FATAL] Updater:308 - Updater called before beeing initialized
2023-09-08 21:00:09,164 [FATAL] Updater:308 - Updater called before beeing initialized
2023-09-08 21:00:09,172 [INFO] DbMcusAds:53 - JSON generation date=Tue Mar 07 15:50:55 ICT 2023 (1678179055114)
2023-09-08 21:00:09,172 [FATAL] Updater:308 - Updater called before beeing initialized
2023-09-08 21:00:09,222 [WARN] DetailPanel:346 - Failed to get advertising image, set to default
2023-09-08 21:00:09,369 [FATAL] Updater:308 - Updater called before beeing initialized
2023-09-08 21:00:09,371 [FATAL] Updater:308 - Updater called before beeing initialized
2023-09-08 21:00:09,371 [FATAL] Updater:308 - Updater called before beeing initialized
2023-09-08 21:00:09,372 [WARN] DetailPanel:346 - Failed to get advertising image, set to default
2023-09-08 21:00:09,373 [FATAL] Updater:308 - Updater called before beeing initialized
2023-09-08 21:00:09,460 [ERROR] Updater:1120 - MainUpdater not yet initialized. External WinMGr cannot be set.
2023-09-08 21:00:09,464 [INFO] Updater:1056 - Updater Version found : 6.9.1
2023-09-08 21:00:09,503 [INFO] ApplicationProperties:184 - Using Application install path: C:\ST\STM32CubeIDE_1.13.1\STM32CubeIDE\plugins\com.st.stm32cube.common.mx_6.9.1.202307191849
2023-09-08 21:00:09,794 [ERROR] ServerAccessManage:1146 - Warning during Server Connection :  Unknown host sw-center.st.com
2023-09-08 21:00:09,799 [INFO] MainUpdater:2868 - connection check result : 22
2023-09-08 21:00:09,801 [INFO] MainUpdater:285 - Updater Check For Update Now.
2023-09-08 21:00:09,801 [INFO] MicroXplorer:498 - Change Database Version : DB.6.0.91
2023-09-08 21:00:09,811 [INFO] McuFinderGlobals:63 - Set McuFinder mode to 2 (CubeIDE integrated)
2023-09-08 21:00:09,812 [INFO] UserAuth:179 - activating auth plugin
2023-09-08 21:00:09,815 [INFO] UserAuth:393 - Internet connection configuration mode: 2
2023-09-08 21:00:10,032 [INFO] CheckServerUpdateThread:120 - End of CheckServer Thread
2023-09-08 21:00:10,769 [WARN] PackLoader:240 - Cannot read IP mode file for STMicroelectronics.X-CUBE-SMBUS.2.1.0
2023-09-08 21:00:10,858 [WARN] PackLoader:240 - Cannot read IP mode file for STMicroelectronics.X-CUBE-AZRTOS-F7.1.1.0
2023-09-08 21:00:10,883 [WARN] PackLoader:240 - Cannot read IP mode file for STMicroelectronics.FP-SNS-MOTENV1.4.3.2
2023-09-08 21:00:10,894 [ERROR] RealEvaluatedCondition:428 - Found unsupported composite condition: CLASS='Data Exchange' GROUP='STM32_MetaDataManager'
2023-09-08 21:00:10,894 [ERROR] RealEvaluatedCondition:428 - Found unsupported composite condition: GROUP='STM32_MetaDataManager' CLASS='Data Exchange'
2023-09-08 21:00:10,897 [WARN] PackLoader:240 - Cannot read IP mode file for STMicroelectronics.FP-SNS-MOTENV1.4.3.1
2023-09-08 21:00:10,907 [WARN] PackLoader:240 - Cannot read IP mode file for STMicroelectronics.FP-SNS-FLIGHT1.5.0.1
2023-09-08 21:00:10,921 [WARN] PackLoader:240 - Cannot read IP mode file for STMicroelectronics.X-CUBE-BLE1.6.2.4
2023-09-08 21:00:10,935 [WARN] PackLoader:240 - Cannot read IP mode file for STMicroelectronics.X-CUBE-DISPLAY.3.0.0
2023-09-08 21:00:10,951 [WARN] PackLoader:240 - Cannot read IP mode file for STMicroelectronics.X-CUBE-TOUCHGFX.4.22.0
2023-09-08 21:00:10,971 [INFO] LogOutputStream:77 - [STDOUT_REDIRECT] 1 : Invalid condition id : UX_CORESTACK_Condition cause : null
2023-09-08 21:00:10,973 [INFO] LogOutputStream:77 - [STDOUT_REDIRECT] 1 : Invalid condition id : UX_CORESTACK_Condition cause : null
2023-09-08 21:00:10,977 [INFO] LogOutputStream:77 - [STDOUT_REDIRECT] 1 : Invalid condition id : UX_CORESTACK_Condition cause : null
2023-09-08 21:00:10,981 [INFO] LogOutputStream:77 - [STDOUT_REDIRECT] 1 : Invalid condition id : UX_CORESTACK_Condition cause : null
2023-09-08 21:00:10,985 [INFO] LogOutputStream:77 - [STDOUT_REDIRECT] 1 : Invalid condition id : UX_CORESTACK_Condition cause : null
2023-09-08 21:00:11,001 [WARN] PackLoader:240 - Cannot read IP mode file for STMicroelectronics.X-CUBE-AZRTOS-WL.2.0.0
2023-09-08 21:00:11,019 [WARN] PackLoader:240 - Cannot read IP mode file for WES.I-CUBE-Cesium.1.3.0
2023-09-08 21:00:11,026 [WARN] PackLoader:240 - Cannot read IP mode file for STMicroelectronics.X-CUBE-BLE2.3.3.0
2023-09-08 21:00:11,041 [WARN] PackLoader:240 - Cannot read IP mode file for STMicroelectronics.X-CUBE-TOF1.3.2.0
2023-09-08 21:00:11,050 [WARN] PackLoader:240 - Cannot read IP mode file for STMicroelectronics.X-CUBE-TOUCHGFX.4.21.1
2023-09-08 21:00:11,054 [WARN] PackLoader:240 - Cannot read IP mode file for STMicroelectronics.X-CUBE-TOUCHGFX.4.21.3
2023-09-08 21:00:11,056 [WARN] PackLoader:240 - Cannot read IP mode file for STMicroelectronics.X-CUBE-TOUCHGFX.4.21.4
2023-09-08 21:00:11,061 [WARN] PackLoader:240 - Cannot read IP mode file for STMicroelectronics.X-CUBE-AI.7.3.0
2023-09-08 21:00:11,072 [WARN] PackLoader:240 - Cannot read IP mode file for STMicroelectronics.X-CUBE-ALGOBUILD.1.3.0
2023-09-08 21:00:11,097 [WARN] PackLoader:240 - Cannot read IP mode file for STMicroelectronics.X-CUBE-AZRTOS-G0.1.1.0
2023-09-08 21:00:11,108 [WARN] PackLoader:240 - Cannot read IP mode file for STMicroelectronics.X-CUBE-NFC4.3.0.0
2023-09-08 21:00:11,121 [WARN] PackLoader:240 - Cannot read IP mode file for STMicroelectronics.X-CUBE-BLEMGR.1.3.0
2023-09-08 21:00:11,128 [WARN] PackLoader:240 - Cannot read IP mode file for STMicroelectronics.FP-ATR-SIGFOX1.3.2.0
2023-09-08 21:00:11,180 [WARN] PackLoader:240 - Cannot read IP mode file for STMicroelectronics.X-CUBE-MEMS1.9.5.0
2023-09-08 21:00:11,369 [WARN] PackLoader:240 - Cannot read IP mode file for SEGGER.I-CUBE-embOS.1.3.1
2023-09-08 21:00:11,405 [WARN] PackLoader:240 - Cannot read IP mode file for STMicroelectronics.X-CUBE-GNSS1.6.0.0
2023-09-08 21:00:11,423 [WARN] PackLoader:240 - Cannot read IP mode file for STMicroelectronics.X-CUBE-AZRTOS-F4.1.1.0
2023-09-08 21:00:11,463 [WARN] PackLoader:240 - Cannot read IP mode file for STMicroelectronics.X-CUBE-MEMS1.9.6.0
2023-09-08 21:00:11,606 [WARN] PackLoader:240 - Cannot read IP mode file for emotas.I-CUBE-CANOPEN.1.1.3
2023-09-08 21:00:11,614 [WARN] PackLoader:240 - Cannot read IP mode file for STMicroelectronics.X-CUBE-BLEMGR.2.0.0
2023-09-08 21:00:11,631 [WARN] ConditionMgr:438 - getConditionDescription Invalid condition id : UX DEVICE CLASS RTOS Condition cause : null
2023-09-08 21:00:11,632 [WARN] ConditionMgr:438 - getConditionDescription Invalid condition id : UX DEVICE CLASS RTOS Condition cause : null
2023-09-08 21:00:11,635 [WARN] PackLoader:240 - Cannot read IP mode file for STMicroelectronics.X-CUBE-AZRTOS-H7.3.1.0
2023-09-08 21:00:11,636 [WARN] ConditionMgr:1039 - genDependencies : Invalid condition id : UX DEVICE CLASS RTOS Condition cause : null
2023-09-08 21:00:11,636 [WARN] ConditionMgr:1039 - genDependencies : Invalid condition id : UX DEVICE CLASS RTOS Condition cause : null
2023-09-08 21:00:11,637 [WARN] ConditionMgr:1039 - genDependencies : Invalid condition id : UX DEVICE CLASS RTOS Condition cause : null
2023-09-08 21:00:11,637 [WARN] ConditionMgr:1039 - genDependencies : Invalid condition id : UX DEVICE CLASS RTOS Condition cause : null
2023-09-08 21:00:11,637 [WARN] ConditionMgr:1039 - genDependencies : Invalid condition id : UX DEVICE CLASS RTOS Condition cause : null
2023-09-08 21:00:11,645 [WARN] PackLoader:240 - Cannot read IP mode file for wolfSSL.I-CUBE-wolfSSL.5.5.4
2023-09-08 21:00:11,653 [WARN] PackLoader:240 - Cannot read IP mode file for STMicroelectronics.X-CUBE-NFC7.1.0.1
2023-09-08 21:00:11,658 [WARN] PackLoader:240 - Cannot read IP mode file for STMicroelectronics.X-CUBE-NFC7.1.0.0
2023-09-08 21:00:11,667 [WARN] PackLoader:240 - Cannot read IP mode file for STMicroelectronics.X-CUBE-EEPRMA1.4.1.0
2023-09-08 21:00:11,686 [WARN] ConditionMgr:438 - getConditionDescription Invalid condition id : LAN8742 Phy interface Condition cause : null
2023-09-08 21:00:11,687 [WARN] PackLoader:240 - Cannot read IP mode file for STMicroelectronics.X-CUBE-AZRTOS-L4.2.0.0
2023-09-08 21:00:11,688 [WARN] ConditionMgr:1039 - genDependencies : Invalid condition id : LAN8742 Phy interface Condition cause : null
2023-09-08 21:00:11,688 [WARN] ConditionMgr:1039 - genDependencies : Invalid condition id : LAN8742 Phy interface Condition cause : null
2023-09-08 21:00:11,688 [WARN] ConditionMgr:1039 - genDependencies : Invalid condition id : LAN8742 Phy interface Condition cause : null
2023-09-08 21:00:11,697 [WARN] PackLoader:240 - Cannot read IP mode file for STMicroelectronics.X-CUBE-SFXS2LP1.4.0.0
2023-09-08 21:00:11,720 [WARN] PackLoader:240 - Cannot read IP mode file for STMicroelectronics.X-CUBE-AZRTOS-H7.3.0.0
2023-09-08 21:00:11,728 [WARN] PackLoader:240 - Cannot read IP mode file for STMicroelectronics.X-CUBE-ISPU.1.1.0
2023-09-08 21:00:11,736 [WARN] PackLoader:240 - Cannot read IP mode file for RoweBots.I-CUBE-UNISONRTOS.5.5.0-4
2023-09-08 21:00:11,744 [WARN] PackLoader:240 - Cannot read IP mode file for STMicroelectronics.X-CUBE-AI.8.0.0
2023-09-08 21:00:11,754 [WARN] PackLoader:240 - Cannot read IP mode file for STMicroelectronics.X-CUBE-FREERTOS.1.0.0
2023-09-08 21:00:11,759 [WARN] PackLoader:240 - Cannot read IP mode file for STMicroelectronics.X-CUBE-FREERTOS.1.0.1
2023-09-08 21:00:11,777 [WARN] PackLoader:240 - Cannot read IP mode file for STMicroelectronics.X-CUBE-AZRTOS-L5.1.1.0
2023-09-08 21:00:11,784 [WARN] PackLoader:240 - Cannot read IP mode file for STMicroelectronics.X-CUBE-AI.8.0.1
2023-09-08 21:00:11,795 [WARN] PackLoader:240 - Cannot read IP mode file for STMicroelectronics.X-CUBE-SUBG2.5.0.0
2023-09-08 21:00:11,815 [WARN] PackLoader:240 - Cannot read IP mode file for STMicroelectronics.X-CUBE-AZRTOS-G4.2.0.0
2023-09-08 21:00:11,828 [WARN] PackLoader:240 - Cannot read IP mode file for STMicroelectronics.X-CUBE-TOF1.3.3.0
2023-09-08 21:00:11,845 [WARN] PackLoader:240 - Cannot read IP mode file for STMicroelectronics.FP-ATR-ASTRA1.1.1.1
2023-09-08 21:00:11,857 [WARN] PackLoader:240 - Cannot read IP mode file for STMicroelectronics.X-CUBE-AZRTOS-G4.1.0.0
2023-09-08 21:00:11,873 [WARN] PackLoader:240 - Cannot read IP mode file for STMicroelectronics.X-CUBE-AZRTOS-L4.1.0.0
2023-09-08 21:00:11,884 [WARN] PackLoader:240 - Cannot read IP mode file for STMicroelectronics.X-CUBE-AZRTOS-WL.1.0.0
2023-09-08 21:00:11,890 [WARN] PackLoader:240 - Cannot read IP mode file for portGmbH.I-Cube-SoM-uGOAL.1.1.0
2023-09-08 21:00:11,896 [WARN] PackLoader:240 - Cannot read IP mode file for STMicroelectronics.X-CUBE-ALS.1.0.1
2023-09-08 21:00:11,909 [WARN] PackLoader:240 - Cannot read IP mode file for STMicroelectronics.X-CUBE-AZRTOS-WB.1.1.0
2023-09-08 21:00:11,915 [WARN] PackLoader:240 - Cannot read IP mode file for STMicroelectronics.FP-ATR-ASTRA1.2.0.0
2023-09-08 21:00:11,916 [INFO] ThirdParty:978 - Integrity check success = true
2023-09-08 21:00:11,916 [INFO] IntegrityCheckThread:100 - exiting critical section [integrity check]
2023-09-08 21:00:11,917 [INFO] IntegrityCheckThread:103 - End integrity checks thread
2023-09-08 21:00:30,343 [ERROR] LogOutputStream:75 - [STDERR_REDIRECT] SLF4J: Failed to load class "org.slf4j.impl.StaticLoggerBinder".
2023-09-08 21:00:30,343 [ERROR] LogOutputStream:75 - [STDERR_REDIRECT] SLF4J: Defaulting to no-operation (NOP) logger implementation
2023-09-08 21:00:30,344 [ERROR] LogOutputStream:75 - [STDERR_REDIRECT] SLF4J: See http://www.slf4j.org/codes.html#StaticLoggerBinder for further details.
2023-09-08 21:03:01,264 [ERROR] ConfigurationRetriever:142 - IOException on connection: sw-center.st.com
2023-09-08 21:03:01,264 [ERROR] ConfigurationRetriever:142 - IOException on connection: sw-center.st.com
2023-09-08 21:03:01,264 [ERROR] ConfigurationRetriever:142 - IOException on connection: sw-center.st.com
2023-09-08 21:06:39,790 [ERROR] ConfigurationRetriever:142 - IOException on connection: sw-center.st.com
2023-09-08 21:06:39,791 [ERROR] ConfigurationRetriever:142 - IOException on connection: sw-center.st.com
2023-09-08 21:06:39,791 [ERROR] ConfigurationRetriever:142 - IOException on connection: sw-center.st.com
2023-09-08 21:07:59,751 [INFO] LogOutputStream:77 - [STDOUT_REDIRECT] StartTraceHandler.execute(), success : Collect=true
2023-09-08 21:08:22,256 [INFO] LogOutputStream:77 - [STDOUT_REDIRECT] StartTraceHandler.execute(), success : Collect=false
2023-09-08 21:08:30,489 [INFO] LogOutputStream:77 - [STDOUT_REDIRECT] StartTraceHandler.execute(), success : Collect=true
