2023-09-06 22:54:21,184 [INFO] Activator:176 - 


2023-09-06 22:54:21,188 [INFO] Activator:177 - !SESSION log4j initialized
2023-09-06 22:54:26,181 [INFO] ApplicationProperties:184 - Using Application install path: C:\ST\STM32CubeIDE_1.13.1\STM32CubeIDE\plugins\com.st.stm32cube.common.mx_6.9.1.202307191849
2023-09-06 22:54:26,196 [INFO] DbMcusXml:78 - Set database path to: C:\ST\STM32CubeIDE_1.13.1\STM32CubeIDE\plugins\com.st.stm32cube.common.mx_6.9.1.202307191849\\db\/mcu/
2023-09-06 22:54:26,196 [INFO] ApiDb:274 - Set plugin database path to: C:\ST\STM32CubeIDE_1.13.1\STM32CubeIDE\plugins\com.st.stm32cube.common.mx_6.9.1.202307191849\\db\/plugins/boardmanager/
2023-09-06 22:54:26,196 [WARN] ApiDb:259 - Overriding images path with different value:  => C:\ST\STM32CubeIDE_1.13.1\STM32CubeIDE\plugins\com.st.stm32cube.common.mx_6.9.1.202307191849\\db\/plugins/mcufinder/images/
2023-09-06 22:54:26,207 [INFO] ApiDb:250 - Set database path to: C:\Users\lyduc\.stmcufinder\plugins\mcufinder//mcu/
2023-09-06 22:54:26,207 [INFO] DbMcusAds:125 - Set database path to: C:\Users\lyduc\.stmcufinder\plugins\mcufinder//mcu/
2023-09-06 22:54:37,304 [INFO] CrossReferenceDbSqlite:203 - Set database path to: C:\Users\lyduc\.stmcufinder\plugins\mcufinder//mcu/cs/
2023-09-06 22:54:37,384 [INFO] RulesReader:64 - Compatibility file has been processed (293 Rules)
2023-09-06 22:54:37,447 [INFO] DbMcusXml:78 - Set database path to: C:\ST\STM32CubeIDE_1.13.1\STM32CubeIDE\plugins\com.st.stm32cube.common.mx_6.9.1.202307191849\\db\/mcu/
2023-09-06 22:54:37,447 [INFO] ApiDb:274 - Set plugin database path to: C:\ST\STM32CubeIDE_1.13.1\STM32CubeIDE\plugins\com.st.stm32cube.common.mx_6.9.1.202307191849\\db\/plugins/boardmanager/
2023-09-06 22:54:37,447 [INFO] ApiDb:261 - Set plugin images path to: C:\ST\STM32CubeIDE_1.13.1\STM32CubeIDE\plugins\com.st.stm32cube.common.mx_6.9.1.202307191849\\db\/plugins/mcufinder/images/
2023-09-06 22:54:37,447 [WARN] DbFile:41 - Overriding database path with different value: C:\Users\lyduc\.stmcufinder\plugins\mcufinder/ => C:\Users\lyduc\.stmcufinder\plugins\mcufinder
2023-09-06 22:54:37,447 [INFO] ApiDb:250 - Set database path to: C:\Users\lyduc\.stmcufinder\plugins\mcufinder//mcu/
2023-09-06 22:54:37,447 [WARN] DbFile:41 - Overriding database path with different value: C:\Users\lyduc\.stmcufinder\plugins\mcufinder/ => C:\Users\lyduc\.stmcufinder\plugins\mcufinder
2023-09-06 22:54:37,447 [INFO] DbMcusAds:125 - Set database path to: C:\Users\lyduc\.stmcufinder\plugins\mcufinder//mcu/
2023-09-06 22:54:37,448 [WARN] DbFile:41 - Overriding database path with different value: C:\Users\lyduc\.stmcufinder\plugins\mcufinder/ => C:\Users\lyduc\.stmcufinder\plugins\mcufinder
2023-09-06 22:54:37,448 [WARN] DbFile:41 - Overriding database path with different value: C:\Users\lyduc\.stmcufinder\plugins\mcufinder/ => C:\Users\lyduc\.stmcufinder\plugins\mcufinder
2023-09-06 22:54:37,448 [INFO] CrossReferenceDbSqlite:203 - Set database path to: C:\Users\lyduc\.stmcufinder\plugins\mcufinder//mcu/cs/
2023-09-06 22:54:37,507 [INFO] MainPanel:262 - HeapMemory: 268435456
2023-09-06 22:54:37,576 [INFO] DbMcusXml:78 - Set database path to: C:\ST\STM32CubeIDE_1.13.1\STM32CubeIDE\plugins\com.st.stm32cube.common.mx_6.9.1.202307191849\\db\/mcu/
2023-09-06 22:54:37,576 [INFO] ApiDb:274 - Set plugin database path to: C:\ST\STM32CubeIDE_1.13.1\STM32CubeIDE\plugins\com.st.stm32cube.common.mx_6.9.1.202307191849\\db\/plugins/boardmanager/
2023-09-06 22:54:37,576 [INFO] ApiDb:261 - Set plugin images path to: C:\ST\STM32CubeIDE_1.13.1\STM32CubeIDE\plugins\com.st.stm32cube.common.mx_6.9.1.202307191849\\db\/plugins/mcufinder/images/
2023-09-06 22:54:37,576 [WARN] DbFile:41 - Overriding database path with different value: C:\Users\lyduc\.stmcufinder\plugins\mcufinder/ => C:\Users\lyduc\.stmcufinder\plugins\mcufinder
2023-09-06 22:54:37,576 [INFO] ApiDb:250 - Set database path to: C:\Users\lyduc\.stmcufinder\plugins\mcufinder//mcu/
2023-09-06 22:54:37,576 [WARN] DbFile:41 - Overriding database path with different value: C:\Users\lyduc\.stmcufinder\plugins\mcufinder/ => C:\Users\lyduc\.stmcufinder\plugins\mcufinder
2023-09-06 22:54:37,577 [INFO] DbMcusAds:125 - Set database path to: C:\Users\lyduc\.stmcufinder\plugins\mcufinder//mcu/
2023-09-06 22:54:37,577 [WARN] DbFile:41 - Overriding database path with different value: C:\Users\lyduc\.stmcufinder\plugins\mcufinder/ => C:\Users\lyduc\.stmcufinder\plugins\mcufinder
2023-09-06 22:54:37,577 [WARN] DbFile:41 - Overriding database path with different value: C:\Users\lyduc\.stmcufinder\plugins\mcufinder/ => C:\Users\lyduc\.stmcufinder\plugins\mcufinder
2023-09-06 22:54:37,577 [INFO] CrossReferenceDbSqlite:203 - Set database path to: C:\Users\lyduc\.stmcufinder\plugins\mcufinder//mcu/cs/
2023-09-06 22:54:37,590 [INFO] ApplicationProperties:184 - Using Application install path: C:\ST\STM32CubeIDE_1.13.1\STM32CubeIDE\plugins\com.st.stm32cube.common.mx_6.9.1.202307191849
2023-09-06 22:54:37,591 [INFO] PluginManage:196 - Search for loadable plugins [exclusion list=, ]
2023-09-06 22:54:37,592 [INFO] PluginManage:310 - Check plugin analytics
2023-09-06 22:54:37,820 [INFO] AnalyticsPlugin:253 - Accepted Software Licenses: 
2023-09-06 22:54:37,820 [INFO] AnalyticsPlugin:255 - Accepted CMSIS Pack Licenses: 
2023-09-06 22:54:37,820 [INFO] AnalyticsPlugin:257 - Accepted Firmware Licenses: FW.F4.1.27.0
2023-09-06 22:54:37,823 [INFO] PluginManage:359 - Loaded plugin analytics (category:tool,tabindex:-1)
2023-09-06 22:54:37,824 [INFO] PluginManage:310 - Check plugin cadmodel
2023-09-06 22:54:37,918 [INFO] CADModel:105 - Init CAD model plugin
2023-09-06 22:54:37,918 [INFO] PluginManage:359 - Loaded plugin cadmodel (category:power,tabindex:5)
2023-09-06 22:54:37,920 [INFO] PluginManage:310 - Check plugin clock
2023-09-06 22:54:37,928 [INFO] PluginManage:359 - Loaded plugin clock (category:base,tabindex:2)
2023-09-06 22:54:37,928 [INFO] PluginManage:310 - Check plugin ddr
2023-09-06 22:54:37,931 [INFO] PluginManage:359 - Loaded plugin ddr (category:tool,tabindex:6)
2023-09-06 22:54:37,931 [INFO] PluginManage:310 - Check plugin filemanager
2023-09-06 22:54:38,041 [INFO] PluginManage:359 - Loaded plugin filemanager (category:base,tabindex:10)
2023-09-06 22:54:38,041 [INFO] PluginManage:310 - Check plugin ipmanager
2023-09-06 22:54:38,047 [INFO] PluginManage:359 - Loaded plugin ipmanager (category:base,tabindex:5)
2023-09-06 22:54:38,047 [INFO] PluginManage:310 - Check plugin lpbam
2023-09-06 22:54:38,055 [INFO] PluginManage:359 - Loaded plugin lpbam (category:base,tabindex:0)
2023-09-06 22:54:38,055 [INFO] PluginManage:310 - Check plugin memorymap
2023-09-06 22:54:38,067 [INFO] PluginManage:359 - Loaded plugin memorymap (category:base,tabindex:4)
2023-09-06 22:54:38,068 [INFO] PluginManage:310 - Check plugin pinoutandconfiguration
2023-09-06 22:54:38,076 [INFO] PluginManage:359 - Loaded plugin pinoutandconfiguration (category:base,tabindex:1)
2023-09-06 22:54:38,076 [INFO] PluginManage:310 - Check plugin pinoutconfig
2023-09-06 22:54:38,137 [WARN] SupportedApi:132 - Cannot load RTOS API schema: s4s-elt-must-match.1: The content of 'definitions' must match (annotation?, (simpleType | complexType)?, (unique | key | keyref)*)). A problem was found starting at: attribute.
2023-09-06 22:54:38,257 [INFO] PluginManage:359 - Loaded plugin pinoutconfig (category:base,tabindex:0)
2023-09-06 22:54:38,257 [INFO] PluginManage:310 - Check plugin power
2023-09-06 22:54:38,272 [INFO] PluginManage:359 - Loaded plugin power (category:power,tabindex:4)
2023-09-06 22:54:38,272 [INFO] PluginManage:310 - Check plugin projectmanager
2023-09-06 22:54:38,290 [INFO] PluginManage:359 - Loaded plugin projectmanager (category:projectmanager,tabindex:3)
2023-09-06 22:54:38,290 [INFO] PluginManage:310 - Check plugin thirdparty
2023-09-06 22:54:38,408 [INFO] PluginManage:359 - Loaded plugin thirdparty (category:base,tabindex:-1)
2023-09-06 22:54:38,408 [INFO] PluginManage:310 - Check plugin tools
2023-09-06 22:54:38,408 [WARN] IntegrityCheckThread:84 - waiting for thirdparty lock release [integrity check]
2023-09-06 22:54:38,408 [INFO] IntegrityCheckThread:86 - entering critical section [integrity check]
2023-09-06 22:54:38,409 [INFO] ThirdPartyUpdaterWithRetryManager:70 - Updater plugin not ready yet. [1/15]
2023-09-06 22:54:38,411 [INFO] PluginManage:359 - Loaded plugin tools (category:base,tabindex:7)
2023-09-06 22:54:38,411 [INFO] PluginManage:310 - Check plugin tutovideos
2023-09-06 22:54:38,578 [INFO] PluginManage:359 - Loaded plugin tutovideos (category:base,tabindex:-1)
2023-09-06 22:54:38,578 [INFO] PluginManage:310 - Check plugin updater
2023-09-06 22:54:38,587 [INFO] PluginManage:359 - Loaded plugin updater (category:base,tabindex:12)
2023-09-06 22:54:38,587 [INFO] PluginManage:310 - Check plugin userauth
2023-09-06 22:54:38,590 [INFO] UserAuth:113 - Init User Auth plugin
2023-09-06 22:54:38,590 [INFO] PluginManage:359 - Loaded plugin userauth (category:base,tabindex:14)
2023-09-06 22:54:38,590 [INFO] PluginManage:283 - PluginManage : Loaded plugins [17]
2023-09-06 22:54:38,762 [INFO] PinOutPanel:1499 - setPackage(No Configuration,No Configuration)
2023-09-06 22:54:38,933 [INFO] CADModel:165 - CPN selected for project level
2023-09-06 22:54:38,933 [INFO] CADModel:114 - Register for checkConnection events
2023-09-06 22:54:38,962 [INFO] IPUIPlugin:80 - create IPUIPlugin
2023-09-06 22:54:38,962 [INFO] PluginManager:220 - loadIPPluginJar : add adc
2023-09-06 22:54:38,966 [INFO] IPUIPlugin:80 - create IPUIPlugin
2023-09-06 22:54:38,967 [INFO] PluginManager:220 - loadIPPluginJar : add aes
2023-09-06 22:54:38,971 [INFO] IPUIPlugin:80 - create IPUIPlugin
2023-09-06 22:54:38,971 [INFO] PluginManager:220 - loadIPPluginJar : add can
2023-09-06 22:54:38,977 [INFO] IPUIPlugin:80 - create IPUIPlugin
2023-09-06 22:54:38,977 [INFO] PluginManager:220 - loadIPPluginJar : add comp
2023-09-06 22:54:38,982 [INFO] IPUIPlugin:80 - create IPUIPlugin
2023-09-06 22:54:38,982 [INFO] PluginManager:220 - loadIPPluginJar : add cryp
2023-09-06 22:54:38,987 [INFO] IPUIPlugin:80 - create IPUIPlugin
2023-09-06 22:54:38,987 [INFO] PluginManager:220 - loadIPPluginJar : add dfsdm
2023-09-06 22:54:38,994 [INFO] IPUIPlugin:80 - create IPUIPlugin
2023-09-06 22:54:38,995 [INFO] PluginManager:220 - loadIPPluginJar : add dma
2023-09-06 22:54:38,999 [INFO] IPUIPlugin:80 - create IPUIPlugin
2023-09-06 22:54:38,999 [INFO] PluginManager:220 - loadIPPluginJar : add dma3
2023-09-06 22:54:39,002 [INFO] IPUIPlugin:80 - create IPUIPlugin
2023-09-06 22:54:39,003 [INFO] PluginManager:220 - loadIPPluginJar : add fatfs
2023-09-06 22:54:39,008 [INFO] IPUIPlugin:80 - create IPUIPlugin
2023-09-06 22:54:39,008 [INFO] PluginManager:220 - loadIPPluginJar : add fmc
2023-09-06 22:54:39,016 [INFO] IPUIPlugin:80 - create IPUIPlugin
2023-09-06 22:54:39,016 [INFO] PluginManager:220 - loadIPPluginJar : add freertos
2023-09-06 22:54:39,020 [INFO] IPUIPlugin:80 - create IPUIPlugin
2023-09-06 22:54:39,020 [INFO] PluginManager:220 - loadIPPluginJar : add genericplugin
2023-09-06 22:54:39,024 [INFO] IPUIPlugin:80 - create IPUIPlugin
2023-09-06 22:54:39,024 [INFO] PluginManager:220 - loadIPPluginJar : add gfxmmu
2023-09-06 22:54:39,033 [INFO] IPUIPlugin:80 - create IPUIPlugin
2023-09-06 22:54:39,034 [INFO] PluginManager:220 - loadIPPluginJar : add gic
2023-09-06 22:54:39,041 [INFO] IPUIPlugin:80 - create IPUIPlugin
2023-09-06 22:54:39,041 [INFO] PluginManager:220 - loadIPPluginJar : add gpio
2023-09-06 22:54:39,079 [INFO] IPUIPlugin:80 - create IPUIPlugin
2023-09-06 22:54:39,079 [INFO] PluginManager:220 - loadIPPluginJar : add gtzc
2023-09-06 22:54:39,122 [INFO] IPUIPlugin:80 - create IPUIPlugin
2023-09-06 22:54:39,122 [INFO] PluginManager:220 - loadIPPluginJar : add hash
2023-09-06 22:54:39,129 [INFO] IPUIPlugin:80 - create IPUIPlugin
2023-09-06 22:54:39,129 [INFO] PluginManager:220 - loadIPPluginJar : add i2c
2023-09-06 22:54:39,132 [INFO] IPUIPlugin:80 - create IPUIPlugin
2023-09-06 22:54:39,132 [INFO] PluginManager:220 - loadIPPluginJar : add i2s
2023-09-06 22:54:39,134 [INFO] IPUIPlugin:80 - create IPUIPlugin
2023-09-06 22:54:39,134 [INFO] PluginManager:220 - loadIPPluginJar : add i3c
2023-09-06 22:54:39,138 [INFO] IPUIPlugin:80 - create IPUIPlugin
2023-09-06 22:54:39,138 [INFO] PluginManager:220 - loadIPPluginJar : add ipddr
2023-09-06 22:54:39,143 [INFO] IPUIPlugin:80 - create IPUIPlugin
2023-09-06 22:54:39,143 [INFO] PluginManager:220 - loadIPPluginJar : add linkedlist
2023-09-06 22:54:39,145 [INFO] IPUIPlugin:80 - create IPUIPlugin
2023-09-06 22:54:39,145 [INFO] PluginManager:220 - loadIPPluginJar : add lorawan
2023-09-06 22:54:39,147 [INFO] IPUIPlugin:80 - create IPUIPlugin
2023-09-06 22:54:39,147 [INFO] PluginManager:220 - loadIPPluginJar : add ltdc
2023-09-06 22:54:39,153 [INFO] IPUIPlugin:80 - create IPUIPlugin
2023-09-06 22:54:39,154 [INFO] PluginManager:220 - loadIPPluginJar : add mdma
2023-09-06 22:54:39,159 [INFO] IPUIPlugin:80 - create IPUIPlugin
2023-09-06 22:54:39,159 [INFO] PluginManager:220 - loadIPPluginJar : add nvic
2023-09-06 22:54:39,161 [INFO] IPUIPlugin:80 - create IPUIPlugin
2023-09-06 22:54:39,161 [INFO] PluginManager:220 - loadIPPluginJar : add opamp
2023-09-06 22:54:39,164 [INFO] IPUIPlugin:80 - create IPUIPlugin
2023-09-06 22:54:39,164 [INFO] PluginManager:220 - loadIPPluginJar : add openamp
2023-09-06 22:54:39,168 [INFO] IPUIPlugin:80 - create IPUIPlugin
2023-09-06 22:54:39,168 [INFO] PluginManager:220 - loadIPPluginJar : add pdm2pcm
2023-09-06 22:54:39,176 [INFO] IPUIPlugin:80 - create IPUIPlugin
2023-09-06 22:54:39,178 [INFO] PluginManager:220 - loadIPPluginJar : add plateformsettings
2023-09-06 22:54:39,213 [INFO] IPUIPlugin:80 - create IPUIPlugin
2023-09-06 22:54:39,216 [INFO] PluginManager:220 - loadIPPluginJar : add quadspi
2023-09-06 22:54:39,222 [INFO] IPUIPlugin:80 - create IPUIPlugin
2023-09-06 22:54:39,222 [INFO] PluginManager:220 - loadIPPluginJar : add resmgrutility
2023-09-06 22:54:39,229 [INFO] IPUIPlugin:80 - create IPUIPlugin
2023-09-06 22:54:39,229 [INFO] PluginManager:220 - loadIPPluginJar : add sai
2023-09-06 22:54:39,232 [INFO] IPUIPlugin:80 - create IPUIPlugin
2023-09-06 22:54:39,232 [INFO] PluginManager:220 - loadIPPluginJar : add spi
2023-09-06 22:54:39,236 [INFO] IPUIPlugin:80 - create IPUIPlugin
2023-09-06 22:54:39,236 [INFO] PluginManager:220 - loadIPPluginJar : add stm32_wpan
2023-09-06 22:54:39,238 [INFO] IPUIPlugin:80 - create IPUIPlugin
2023-09-06 22:54:39,239 [INFO] PluginManager:220 - loadIPPluginJar : add tim
2023-09-06 22:54:39,242 [INFO] IPUIPlugin:80 - create IPUIPlugin
2023-09-06 22:54:39,242 [INFO] PluginManager:220 - loadIPPluginJar : add touchsensing
2023-09-06 22:54:39,244 [INFO] IPUIPlugin:80 - create IPUIPlugin
2023-09-06 22:54:39,244 [INFO] PluginManager:220 - loadIPPluginJar : add tracer_emb
2023-09-06 22:54:39,247 [INFO] IPUIPlugin:80 - create IPUIPlugin
2023-09-06 22:54:39,247 [INFO] PluginManager:220 - loadIPPluginJar : add ts
2023-09-06 22:54:39,249 [INFO] IPUIPlugin:80 - create IPUIPlugin
2023-09-06 22:54:39,249 [INFO] PluginManager:220 - loadIPPluginJar : add tsc
2023-09-06 22:54:39,250 [INFO] IPUIPlugin:80 - create IPUIPlugin
2023-09-06 22:54:39,250 [INFO] PluginManager:220 - loadIPPluginJar : add ucpd
2023-09-06 22:54:39,254 [INFO] IPUIPlugin:80 - create IPUIPlugin
2023-09-06 22:54:39,254 [INFO] PluginManager:220 - loadIPPluginJar : add usart
2023-09-06 22:54:39,257 [INFO] IPUIPlugin:80 - create IPUIPlugin
2023-09-06 22:54:39,257 [INFO] PluginManager:220 - loadIPPluginJar : add usbx
2023-09-06 22:54:39,407 [INFO] CADModel:165 - CPN selected for project level
2023-09-06 22:54:39,407 [INFO] CADModel:114 - Register for checkConnection events
2023-09-06 22:54:39,407 [FATAL] Updater:308 - Updater called before beeing initialized
2023-09-06 22:54:39,407 [ERROR] CADModel:125 - Updater not yet initialized, retry later 
2023-09-06 22:54:39,585 [INFO] CADModel:165 - CPN selected for project level
2023-09-06 22:54:39,586 [INFO] CADModel:114 - Register for checkConnection events
2023-09-06 22:54:39,586 [FATAL] Updater:308 - Updater called before beeing initialized
2023-09-06 22:54:39,586 [ERROR] CADModel:125 - Updater not yet initialized, retry later 
2023-09-06 22:54:39,588 [FATAL] Updater:308 - Updater called before beeing initialized
2023-09-06 22:54:39,724 [FATAL] Updater:308 - Updater called before beeing initialized
2023-09-06 22:54:39,755 [INFO] DbMcusAds:53 - JSON generation date=Tue Mar 07 15:50:55 ICT 2023 (1678179055114)
2023-09-06 22:54:39,755 [FATAL] Updater:308 - Updater called before beeing initialized
2023-09-06 22:54:39,868 [WARN] DetailPanel:346 - Failed to get advertising image, set to default
2023-09-06 22:54:39,972 [FATAL] Updater:308 - Updater called before beeing initialized
2023-09-06 22:54:39,974 [FATAL] Updater:308 - Updater called before beeing initialized
2023-09-06 22:54:39,974 [FATAL] Updater:308 - Updater called before beeing initialized
2023-09-06 22:54:39,975 [WARN] DetailPanel:346 - Failed to get advertising image, set to default
2023-09-06 22:54:39,976 [FATAL] Updater:308 - Updater called before beeing initialized
2023-09-06 22:54:40,034 [ERROR] Updater:1120 - MainUpdater not yet initialized. External WinMGr cannot be set.
2023-09-06 22:54:40,038 [INFO] Updater:1056 - Updater Version found : 6.9.1
2023-09-06 22:54:40,055 [INFO] ApplicationProperties:184 - Using Application install path: C:\ST\STM32CubeIDE_1.13.1\STM32CubeIDE\plugins\com.st.stm32cube.common.mx_6.9.1.202307191849
2023-09-06 22:54:40,419 [INFO] MainUpdater:2868 - connection check result : 10
2023-09-06 22:54:40,420 [INFO] MainUpdater:285 - Updater Check For Update Now.
2023-09-06 22:54:40,421 [INFO] MicroXplorer:498 - Change Database Version : DB.6.0.91
2023-09-06 22:54:40,714 [INFO] CheckServerUpdateThread:120 - End of CheckServer Thread
2023-09-06 22:54:40,911 [INFO] MainUpdater:2868 - connection check result : 10
2023-09-06 22:54:40,913 [INFO] MainUpdater:2868 - connection check result : 10
2023-09-06 22:54:41,002 [INFO] MicroXplorer:468 - Change Database Path : 
2023-09-06 22:54:41,002 [INFO] MicroXplorer:498 - Change Database Version : DB.6.0.91
2023-09-06 22:54:41,005 [WARN] ThirdParty:871 - waiting for thirdparty lock release [close project]
2023-09-06 22:54:41,514 [WARN] PackLoader:240 - Cannot read IP mode file for STMicroelectronics.X-CUBE-SMBUS.2.1.0
2023-09-06 22:54:41,533 [WARN] PackLoader:240 - Cannot read IP mode file for STMicroelectronics.X-CUBE-AZRTOS-F7.1.1.0
2023-09-06 22:54:41,543 [WARN] PackLoader:240 - Cannot read IP mode file for STMicroelectronics.FP-SNS-MOTENV1.4.3.2
2023-09-06 22:54:41,549 [ERROR] RealEvaluatedCondition:428 - Found unsupported composite condition: GROUP='STM32_MetaDataManager' CLASS='Data Exchange'
2023-09-06 22:54:41,549 [ERROR] RealEvaluatedCondition:428 - Found unsupported composite condition: GROUP='STM32_MetaDataManager' CLASS='Data Exchange'
2023-09-06 22:54:41,550 [WARN] PackLoader:240 - Cannot read IP mode file for STMicroelectronics.FP-SNS-MOTENV1.4.3.1
2023-09-06 22:54:41,556 [WARN] PackLoader:240 - Cannot read IP mode file for STMicroelectronics.FP-SNS-FLIGHT1.5.0.1
2023-09-06 22:54:41,562 [WARN] PackLoader:240 - Cannot read IP mode file for STMicroelectronics.X-CUBE-BLE1.6.2.4
2023-09-06 22:54:41,571 [WARN] PackLoader:240 - Cannot read IP mode file for STMicroelectronics.X-CUBE-DISPLAY.3.0.0
2023-09-06 22:54:41,580 [WARN] PackLoader:240 - Cannot read IP mode file for STMicroelectronics.X-CUBE-TOUCHGFX.4.22.0
2023-09-06 22:54:41,587 [INFO] LogOutputStream:77 - [STDOUT_REDIRECT] 1 : Invalid condition id : UX_CORESTACK_Condition cause : null
2023-09-06 22:54:41,589 [INFO] LogOutputStream:77 - [STDOUT_REDIRECT] 1 : Invalid condition id : UX_CORESTACK_Condition cause : null
2023-09-06 22:54:41,590 [INFO] LogOutputStream:77 - [STDOUT_REDIRECT] 1 : Invalid condition id : UX_CORESTACK_Condition cause : null
2023-09-06 22:54:41,590 [INFO] LogOutputStream:77 - [STDOUT_REDIRECT] 1 : Invalid condition id : UX_CORESTACK_Condition cause : null
2023-09-06 22:54:41,591 [INFO] LogOutputStream:77 - [STDOUT_REDIRECT] 1 : Invalid condition id : UX_CORESTACK_Condition cause : null
2023-09-06 22:54:41,594 [WARN] PackLoader:240 - Cannot read IP mode file for STMicroelectronics.X-CUBE-AZRTOS-WL.2.0.0
2023-09-06 22:54:41,602 [WARN] PackLoader:240 - Cannot read IP mode file for WES.I-CUBE-Cesium.1.3.0
2023-09-06 22:54:41,606 [WARN] PackLoader:240 - Cannot read IP mode file for STMicroelectronics.X-CUBE-BLE2.3.3.0
2023-09-06 22:54:41,613 [WARN] PackLoader:240 - Cannot read IP mode file for STMicroelectronics.X-CUBE-TOF1.3.2.0
2023-09-06 22:54:41,619 [WARN] PackLoader:240 - Cannot read IP mode file for STMicroelectronics.X-CUBE-TOUCHGFX.4.21.1
2023-09-06 22:54:41,620 [WARN] PackLoader:240 - Cannot read IP mode file for STMicroelectronics.X-CUBE-TOUCHGFX.4.21.3
2023-09-06 22:54:41,623 [WARN] PackLoader:240 - Cannot read IP mode file for STMicroelectronics.X-CUBE-TOUCHGFX.4.21.4
2023-09-06 22:54:41,626 [WARN] PackLoader:240 - Cannot read IP mode file for STMicroelectronics.X-CUBE-AI.7.3.0
2023-09-06 22:54:41,631 [WARN] PackLoader:240 - Cannot read IP mode file for STMicroelectronics.X-CUBE-ALGOBUILD.1.3.0
2023-09-06 22:54:41,640 [WARN] PackLoader:240 - Cannot read IP mode file for STMicroelectronics.X-CUBE-AZRTOS-G0.1.1.0
2023-09-06 22:54:41,649 [WARN] PackLoader:240 - Cannot read IP mode file for STMicroelectronics.X-CUBE-NFC4.3.0.0
2023-09-06 22:54:41,657 [WARN] PackLoader:240 - Cannot read IP mode file for STMicroelectronics.X-CUBE-BLEMGR.1.3.0
2023-09-06 22:54:41,662 [WARN] PackLoader:240 - Cannot read IP mode file for STMicroelectronics.FP-ATR-SIGFOX1.3.2.0
2023-09-06 22:54:41,705 [WARN] PackLoader:240 - Cannot read IP mode file for STMicroelectronics.X-CUBE-MEMS1.9.5.0
2023-09-06 22:54:41,789 [WARN] PackLoader:240 - Cannot read IP mode file for SEGGER.I-CUBE-embOS.1.3.1
2023-09-06 22:54:41,808 [WARN] PackLoader:240 - Cannot read IP mode file for STMicroelectronics.X-CUBE-GNSS1.6.0.0
2023-09-06 22:54:41,816 [WARN] PackLoader:240 - Cannot read IP mode file for STMicroelectronics.X-CUBE-AZRTOS-F4.1.1.0
2023-09-06 22:54:41,839 [WARN] PackLoader:240 - Cannot read IP mode file for STMicroelectronics.X-CUBE-MEMS1.9.6.0
2023-09-06 22:54:41,905 [WARN] PackLoader:240 - Cannot read IP mode file for emotas.I-CUBE-CANOPEN.1.1.3
2023-09-06 22:54:41,910 [WARN] PackLoader:240 - Cannot read IP mode file for STMicroelectronics.X-CUBE-BLEMGR.2.0.0
2023-09-06 22:54:41,922 [WARN] ConditionMgr:438 - getConditionDescription Invalid condition id : UX DEVICE CLASS RTOS Condition cause : null
2023-09-06 22:54:41,922 [WARN] ConditionMgr:438 - getConditionDescription Invalid condition id : UX DEVICE CLASS RTOS Condition cause : null
2023-09-06 22:54:41,924 [WARN] PackLoader:240 - Cannot read IP mode file for STMicroelectronics.X-CUBE-AZRTOS-H7.3.1.0
2023-09-06 22:54:41,924 [WARN] ConditionMgr:1039 - genDependencies : Invalid condition id : UX DEVICE CLASS RTOS Condition cause : null
2023-09-06 22:54:41,924 [WARN] ConditionMgr:1039 - genDependencies : Invalid condition id : UX DEVICE CLASS RTOS Condition cause : null
2023-09-06 22:54:41,925 [WARN] ConditionMgr:1039 - genDependencies : Invalid condition id : UX DEVICE CLASS RTOS Condition cause : null
2023-09-06 22:54:41,925 [WARN] ConditionMgr:1039 - genDependencies : Invalid condition id : UX DEVICE CLASS RTOS Condition cause : null
2023-09-06 22:54:41,925 [WARN] ConditionMgr:1039 - genDependencies : Invalid condition id : UX DEVICE CLASS RTOS Condition cause : null
2023-09-06 22:54:41,931 [WARN] PackLoader:240 - Cannot read IP mode file for wolfSSL.I-CUBE-wolfSSL.5.5.4
2023-09-06 22:54:41,935 [WARN] PackLoader:240 - Cannot read IP mode file for STMicroelectronics.X-CUBE-NFC7.1.0.1
2023-09-06 22:54:41,939 [WARN] PackLoader:240 - Cannot read IP mode file for STMicroelectronics.X-CUBE-NFC7.1.0.0
2023-09-06 22:54:41,943 [WARN] PackLoader:240 - Cannot read IP mode file for STMicroelectronics.X-CUBE-EEPRMA1.4.1.0
2023-09-06 22:54:41,952 [WARN] ConditionMgr:438 - getConditionDescription Invalid condition id : LAN8742 Phy interface Condition cause : null
2023-09-06 22:54:41,952 [WARN] PackLoader:240 - Cannot read IP mode file for STMicroelectronics.X-CUBE-AZRTOS-L4.2.0.0
2023-09-06 22:54:41,957 [WARN] ConditionMgr:1039 - genDependencies : Invalid condition id : LAN8742 Phy interface Condition cause : null
2023-09-06 22:54:41,957 [WARN] ConditionMgr:1039 - genDependencies : Invalid condition id : LAN8742 Phy interface Condition cause : null
2023-09-06 22:54:41,958 [WARN] ConditionMgr:1039 - genDependencies : Invalid condition id : LAN8742 Phy interface Condition cause : null
2023-09-06 22:54:41,963 [WARN] PackLoader:240 - Cannot read IP mode file for STMicroelectronics.X-CUBE-SFXS2LP1.4.0.0
2023-09-06 22:54:41,975 [WARN] PackLoader:240 - Cannot read IP mode file for STMicroelectronics.X-CUBE-AZRTOS-H7.3.0.0
2023-09-06 22:54:41,980 [WARN] PackLoader:240 - Cannot read IP mode file for STMicroelectronics.X-CUBE-ISPU.1.1.0
2023-09-06 22:54:41,986 [WARN] PackLoader:240 - Cannot read IP mode file for RoweBots.I-CUBE-UNISONRTOS.5.5.0-4
2023-09-06 22:54:41,991 [WARN] PackLoader:240 - Cannot read IP mode file for STMicroelectronics.X-CUBE-AI.8.0.0
2023-09-06 22:54:41,993 [WARN] PackLoader:240 - Cannot read IP mode file for STMicroelectronics.X-CUBE-FREERTOS.1.0.0
2023-09-06 22:54:41,998 [WARN] PackLoader:240 - Cannot read IP mode file for STMicroelectronics.X-CUBE-FREERTOS.1.0.1
2023-09-06 22:54:42,006 [WARN] PackLoader:240 - Cannot read IP mode file for STMicroelectronics.X-CUBE-AZRTOS-L5.1.1.0
2023-09-06 22:54:42,010 [WARN] PackLoader:240 - Cannot read IP mode file for STMicroelectronics.X-CUBE-AI.8.0.1
2023-09-06 22:54:42,018 [WARN] PackLoader:240 - Cannot read IP mode file for STMicroelectronics.X-CUBE-SUBG2.5.0.0
2023-09-06 22:54:42,028 [WARN] PackLoader:240 - Cannot read IP mode file for STMicroelectronics.X-CUBE-AZRTOS-G4.2.0.0
2023-09-06 22:54:42,034 [WARN] PackLoader:240 - Cannot read IP mode file for STMicroelectronics.X-CUBE-TOF1.3.3.0
2023-09-06 22:54:42,041 [WARN] PackLoader:240 - Cannot read IP mode file for STMicroelectronics.FP-ATR-ASTRA1.1.1.1
2023-09-06 22:54:42,048 [WARN] PackLoader:240 - Cannot read IP mode file for STMicroelectronics.X-CUBE-AZRTOS-G4.1.0.0
2023-09-06 22:54:42,055 [WARN] PackLoader:240 - Cannot read IP mode file for STMicroelectronics.X-CUBE-AZRTOS-L4.1.0.0
2023-09-06 22:54:42,061 [WARN] PackLoader:240 - Cannot read IP mode file for STMicroelectronics.X-CUBE-AZRTOS-WL.1.0.0
2023-09-06 22:54:42,067 [WARN] PackLoader:240 - Cannot read IP mode file for portGmbH.I-Cube-SoM-uGOAL.1.1.0
2023-09-06 22:54:42,072 [WARN] PackLoader:240 - Cannot read IP mode file for STMicroelectronics.X-CUBE-ALS.1.0.1
2023-09-06 22:54:42,081 [WARN] PackLoader:240 - Cannot read IP mode file for STMicroelectronics.X-CUBE-AZRTOS-WB.1.1.0
2023-09-06 22:54:42,086 [WARN] PackLoader:240 - Cannot read IP mode file for STMicroelectronics.FP-ATR-ASTRA1.2.0.0
2023-09-06 22:54:42,087 [INFO] ThirdParty:978 - Integrity check success = true
2023-09-06 22:54:42,087 [INFO] IntegrityCheckThread:100 - exiting critical section [integrity check]
2023-09-06 22:54:42,087 [INFO] IntegrityCheckThread:103 - End integrity checks thread
2023-09-06 22:54:42,087 [INFO] ThirdParty:873 - entering critical section [close project]
2023-09-06 22:54:42,088 [INFO] ThirdParty:883 - exiting critical section [close project]
2023-09-06 22:54:42,090 [INFO] PinOutPanel:1499 - setPackage(No Configuration,No Configuration)
2023-09-06 22:54:42,096 [INFO] UtilMem:75 - Begin LoadConfig() Used Memory: 185373608 Bytes (268435456)
2023-09-06 22:54:42,098 [INFO] MicroXplorer:468 - Change Database Path : 
2023-09-06 22:54:42,098 [INFO] MicroXplorer:498 - Change Database Version : DB.6.0.91
2023-09-06 22:54:42,098 [INFO] OpenFileManager:308 - Change cursor
2023-09-06 22:54:42,123 [INFO] Mcu:1946 - Initializing MCU STM32F411V(C-E)Tx STM32F411VETx STM32F411VET6
2023-09-06 22:54:42,847 [INFO] Context:659 - Trying to add GPIOservice into a context  which must be forbidden
2023-09-06 22:54:43,163 [INFO] RtosManager:555 - Registered RTOS mode: class=CMSIS, group=RTOS, mode=CMSIS_V1, owner=FREERTOS
2023-09-06 22:54:43,164 [INFO] RtosManager:555 - Registered RTOS mode: class=CMSIS, group=RTOS2, mode=CMSIS_V2, owner=FREERTOS
2023-09-06 22:54:43,164 [INFO] RtosManager:555 - Registered RTOS mode: class=RTOS, group=Core, mode=CMSIS_V1, owner=FREERTOS
2023-09-06 22:54:43,164 [INFO] RtosManager:555 - Registered RTOS mode: class=RTOS, group=Core, mode=CMSIS_V2, owner=FREERTOS
2023-09-06 22:54:43,164 [WARN] ModelIntegratedComponent:184 - Missing modes for component STMicroelectronics:FreeRTOS:0.0.1:STMicroelectronics:RTOS:FreeRTOS:Core:::10.2.0:
2023-09-06 22:54:43,168 [WARN] ModelIntegratedComponent:182 - Modes not found for component STMicroelectronics:USB_HOST:1.0.0:STMicroelectronics:USB::USB Host:Audio HS::1.0:USB_HOST_1_0_RESTRICTED_HS
2023-09-06 22:54:43,168 [WARN] ModelIntegratedComponent:188 - Modes not found for component STMicroelectronics:USB_HOST:1.0.0:STMicroelectronics:USB::USB Host:Audio HS::1.0:USB_HOST_1_0_RESTRICTED_HS
2023-09-06 22:54:43,168 [WARN] ModelIntegratedComponent:182 - Modes not found for component STMicroelectronics:USB_HOST:1.0.0:STMicroelectronics:USB::USB Host:CDC HS::1.0:USB_HOST_1_0_RESTRICTED_HS
2023-09-06 22:54:43,168 [WARN] ModelIntegratedComponent:188 - Modes not found for component STMicroelectronics:USB_HOST:1.0.0:STMicroelectronics:USB::USB Host:CDC HS::1.0:USB_HOST_1_0_RESTRICTED_HS
2023-09-06 22:54:43,168 [WARN] ModelIntegratedComponent:182 - Modes not found for component STMicroelectronics:USB_HOST:1.0.0:STMicroelectronics:USB::USB Host:MSC HS::1.0:USB_HOST_1_0_RESTRICTED_HS
2023-09-06 22:54:43,168 [WARN] ModelIntegratedComponent:188 - Modes not found for component STMicroelectronics:USB_HOST:1.0.0:STMicroelectronics:USB::USB Host:MSC HS::1.0:USB_HOST_1_0_RESTRICTED_HS
2023-09-06 22:54:43,169 [WARN] ModelIntegratedComponent:182 - Modes not found for component STMicroelectronics:USB_HOST:1.0.0:STMicroelectronics:USB::USB Host:HID HS::1.0:USB_HOST_1_0_RESTRICTED_HS
2023-09-06 22:54:43,169 [WARN] ModelIntegratedComponent:188 - Modes not found for component STMicroelectronics:USB_HOST:1.0.0:STMicroelectronics:USB::USB Host:HID HS::1.0:USB_HOST_1_0_RESTRICTED_HS
2023-09-06 22:54:43,169 [WARN] ModelIntegratedComponent:182 - Modes not found for component STMicroelectronics:USB_HOST:1.0.0:STMicroelectronics:USB::USB Host:MTP HS::1.0:USB_HOST_1_0_RESTRICTED_HS
2023-09-06 22:54:43,169 [WARN] ModelIntegratedComponent:188 - Modes not found for component STMicroelectronics:USB_HOST:1.0.0:STMicroelectronics:USB::USB Host:MTP HS::1.0:USB_HOST_1_0_RESTRICTED_HS
2023-09-06 22:54:43,175 [WARN] ModelIntegratedComponent:63 - No mode defined for component null
2023-09-06 22:54:43,175 [WARN] ModelIntegratedComponent:63 - No mode defined for component null
2023-09-06 22:54:43,175 [WARN] ModelIntegratedComponent:63 - No mode defined for component null
2023-09-06 22:54:43,175 [WARN] ModelIntegratedComponent:63 - No mode defined for component null
2023-09-06 22:54:43,175 [WARN] ModelIntegratedComponent:63 - No mode defined for component null
2023-09-06 22:54:43,175 [WARN] ModelIntegratedComponent:63 - No mode defined for component null
2023-09-06 22:54:43,175 [WARN] ModelIntegratedComponent:63 - No mode defined for component null
2023-09-06 22:54:43,175 [WARN] ModelIntegratedComponent:63 - No mode defined for component null
2023-09-06 22:54:43,175 [WARN] ModelIntegratedComponent:63 - No mode defined for component null
2023-09-06 22:54:43,175 [WARN] ModelIntegratedComponent:63 - No mode defined for component null
2023-09-06 22:54:43,175 [WARN] ModelIntegratedComponent:63 - No mode defined for component null
2023-09-06 22:54:43,175 [WARN] ModelIntegratedComponent:63 - No mode defined for component null
2023-09-06 22:54:43,175 [WARN] ModelIntegratedComponent:63 - No mode defined for component null
2023-09-06 22:54:43,175 [WARN] ModelIntegratedComponent:63 - No mode defined for component null
2023-09-06 22:54:43,175 [WARN] ModelIntegratedComponent:63 - No mode defined for component null
2023-09-06 22:54:43,175 [WARN] ModelIntegratedComponent:63 - No mode defined for component null
2023-09-06 22:54:43,175 [WARN] ModelIntegratedComponent:63 - No mode defined for component null
2023-09-06 22:54:43,175 [WARN] ModelIntegratedComponent:63 - No mode defined for component null
2023-09-06 22:54:43,175 [WARN] ModelIntegratedComponent:63 - No mode defined for component null
2023-09-06 22:54:43,175 [WARN] ModelIntegratedComponent:63 - No mode defined for component null
2023-09-06 22:54:43,175 [WARN] ModelIntegratedComponent:63 - No mode defined for component null
2023-09-06 22:54:43,175 [WARN] ModelIntegratedComponent:63 - No mode defined for component null
2023-09-06 22:54:43,175 [WARN] ModelIntegratedComponent:63 - No mode defined for component null
2023-09-06 22:54:43,175 [WARN] ModelIntegratedComponent:63 - No mode defined for component null
2023-09-06 22:54:43,175 [WARN] ModelIntegratedComponent:63 - No mode defined for component null
2023-09-06 22:54:43,175 [WARN] ModelIntegratedComponent:63 - No mode defined for component null
2023-09-06 22:54:43,175 [WARN] ModelIntegratedComponent:63 - No mode defined for component null
2023-09-06 22:54:43,175 [WARN] ModelIntegratedComponent:63 - No mode defined for component null
2023-09-06 22:54:43,175 [WARN] ModelIntegratedComponent:63 - No mode defined for component null
2023-09-06 22:54:43,175 [WARN] ModelIntegratedComponent:63 - No mode defined for component null
2023-09-06 22:54:43,175 [WARN] ModelIntegratedComponent:63 - No mode defined for component null
2023-09-06 22:54:43,175 [WARN] ModelIntegratedComponent:63 - No mode defined for component null
2023-09-06 22:54:43,175 [WARN] ModelIntegratedComponent:63 - No mode defined for component null
2023-09-06 22:54:43,222 [WARN] ModelIntegratedComponent:182 - Modes not found for component STMicroelectronics:USB_DEVICE:1.0.0:STMicroelectronics:USB::USB Device:Audio HS::1.0:USB_DEVICE_1_0_RESTRICTED_HS
2023-09-06 22:54:43,222 [WARN] ModelIntegratedComponent:188 - Modes not found for component STMicroelectronics:USB_DEVICE:1.0.0:STMicroelectronics:USB::USB Device:Audio HS::1.0:USB_DEVICE_1_0_RESTRICTED_HS
2023-09-06 22:54:43,223 [WARN] ModelIntegratedComponent:182 - Modes not found for component STMicroelectronics:USB_DEVICE:1.0.0:STMicroelectronics:USB::USB Device:CDC HS::1.0:USB_DEVICE_1_0_RESTRICTED_HS
2023-09-06 22:54:43,223 [WARN] ModelIntegratedComponent:188 - Modes not found for component STMicroelectronics:USB_DEVICE:1.0.0:STMicroelectronics:USB::USB Device:CDC HS::1.0:USB_DEVICE_1_0_RESTRICTED_HS
2023-09-06 22:54:43,223 [WARN] ModelIntegratedComponent:182 - Modes not found for component STMicroelectronics:USB_DEVICE:1.0.0:STMicroelectronics:USB::USB Device:DFU HS::1.0:USB_DEVICE_1_0_RESTRICTED_HS
2023-09-06 22:54:43,223 [WARN] ModelIntegratedComponent:188 - Modes not found for component STMicroelectronics:USB_DEVICE:1.0.0:STMicroelectronics:USB::USB Device:DFU HS::1.0:USB_DEVICE_1_0_RESTRICTED_HS
2023-09-06 22:54:43,223 [WARN] ModelIntegratedComponent:182 - Modes not found for component STMicroelectronics:USB_DEVICE:1.0.0:STMicroelectronics:USB::USB Device:HID HS::1.0:USB_DEVICE_1_0_RESTRICTED_HS
2023-09-06 22:54:43,223 [WARN] ModelIntegratedComponent:188 - Modes not found for component STMicroelectronics:USB_DEVICE:1.0.0:STMicroelectronics:USB::USB Device:HID HS::1.0:USB_DEVICE_1_0_RESTRICTED_HS
2023-09-06 22:54:43,223 [WARN] ModelIntegratedComponent:182 - Modes not found for component STMicroelectronics:USB_DEVICE:1.0.0:STMicroelectronics:USB::USB Device:Custom HID HS::1.0:USB_DEVICE_1_0_RESTRICTED_HS
2023-09-06 22:54:43,223 [WARN] ModelIntegratedComponent:188 - Modes not found for component STMicroelectronics:USB_DEVICE:1.0.0:STMicroelectronics:USB::USB Device:Custom HID HS::1.0:USB_DEVICE_1_0_RESTRICTED_HS
2023-09-06 22:54:43,223 [WARN] ModelIntegratedComponent:182 - Modes not found for component STMicroelectronics:USB_DEVICE:1.0.0:STMicroelectronics:USB::USB Device:MSC HS::1.0:USB_DEVICE_1_0_RESTRICTED_HS
2023-09-06 22:54:43,223 [WARN] ModelIntegratedComponent:188 - Modes not found for component STMicroelectronics:USB_DEVICE:1.0.0:STMicroelectronics:USB::USB Device:MSC HS::1.0:USB_DEVICE_1_0_RESTRICTED_HS
2023-09-06 22:54:43,232 [INFO] ThirdPartyModel:298 - Start build external matchings
2023-09-06 22:54:43,507 [INFO] ThirdPartyModel:316 - End build external matchings
2023-09-06 22:54:43,662 [INFO] UtilMem:75 - End LoadConfig() Used Memory: 262601048 Bytes (384827392)
2023-09-06 22:54:43,732 [INFO] ApiDb:581 - Connected to CubeFinder SQLite database (C:\Users\lyduc\.stmcufinder\plugins\mcufinder\mcu\cube-finder-db.db)
2023-09-06 22:54:43,773 [INFO] ApiDb:668 - CubeFinder database Data Model version=2.1
2023-09-06 22:54:43,774 [INFO] ApiDb:669 - CubeFinder database Configuration version=3.0.37
2023-09-06 22:54:43,774 [INFO] ApiDb:670 - CubeFinder database generation date=2023-08-09 (1691586011)
2023-09-06 22:54:43,774 [INFO] ApiDb:671 - CubeFinder database FW Pack versions=[FP-ATR-ASTRA1_V2.0.0, FP-SNS-FLIGHT1_V5.0.1, FP-SNS-FLIGHT1_V5.0.2, FP-SNS-MOTENV1_V4.3.1, FP-SNS-MOTENV1_V4.3.2, STM32Cube_FW_C0_V1.1.0, STM32Cube_FW_F4_V1.27.1, STM32Cube_FW_F7_V1.17.0, STM32Cube_FW_G0_V1.6.1, STM32Cube_FW_G4_V1.5.1, STM32Cube_FW_H5_V0.5.1, STM32Cube_FW_H5_V1.1.0, STM32Cube_FW_H7_V1.11.0, STM32Cube_FW_L0_V1.12.2, STM32Cube_FW_L5_V1.5.0, STM32Cube_FW_U5_V1.3.0, STM32Cube_FW_U5_V1.3.0RC4, STM32Cube_FW_WBA_V1.0.0RC1, STM32Cube_FW_WBA_V1.1.0, STM32Cube_FW_WBA_V1.1.0RC1, STM32Cube_FW_WB_V1.15.0RC1, STM32Cube_FW_WB_V1.16.0, STM32Cube_FW_WB_V1.16.0RC2, STM32Cube_FW_WB_V1.17.0, STM32Cube_FW_WL_V1.3.0, X-CUBE-ALGOBUILD_V1.3.0, X-CUBE-ALS_V1.0.1, X-CUBE-AZRTOS-F4_V1.1.0, X-CUBE-AZRTOS-F7_V1.1.0, X-CUBE-AZRTOS-G0_V1.1.0, X-CUBE-AZRTOS-G4_V2.0.0, X-CUBE-AZRTOS-H7_V3.1.0, X-CUBE-AZRTOS-L4_V1.0.0, X-CUBE-AZRTOS-L4_V2.0.0, X-CUBE-AZRTOS-L5_V1.1.0, X-CUBE-AZRTOS-WB_V1.1.0, X-CUBE-AZRTOS-WL_V2.0.0, X-CUBE-BLE1_V7.0.0, X-CUBE-BLE2_V3.3.0, X-CUBE-BLEMGR_V2.0.0, X-CUBE-EEPRMA1_V4.1.0, X-CUBE-FREERTOS_V1.1.0, X-CUBE-GNSS1_V6.0.0, X-CUBE-MEMS1_V9.1.0, X-CUBE-MEMS1_V9.4.0, X-CUBE-MEMS1_V9.6.0, X-CUBE-NFC4_V3.0.0, X-CUBE-NFC7_V1.0.0, X-CUBE-SFXS2LP1_V4.0.0, X-CUBE-SUBG2_V5.0.0, X-CUBE-TOF1_V3.3.1]
2023-09-06 22:54:45,057 [INFO] ApiDb:240 - Found 323 in-development CPN: [B-G473E-ZEST1S, B-WB1M-WPAN1, B-WL5M-SUBG1, NUCLEO-C031C6, NUCLEO-H503RB, NUCLEO-H563ZI, NUCLEO-U545RE-Q, NUCLEO-U5A5ZJ-Q, NUCLEO-WBA52CG, STEVAL-PROTEUS1, STEVAL-SMARTAG2, STEVAL-STWINBX1, STM320518-EVAL, STM32C0116-DK, STM32C011D6Y3TR, STM32C011D6Y6TR, STM32C011F4P3, STM32C011F4P6, STM32C011F4U3, STM32C011F4U6TR, STM32C011F6P3, STM32C011F6P6, STM32C011F6U3, STM32C011F6U6TR, STM32C011J4M3, STM32C011J4M6, STM32C011J6M3, STM32C011J6M6, STM32C0316-DK, STM32C031C4T3, STM32C031C4T6, STM32C031C4U3, STM32C031C4U6, STM32C031C6T3, STM32C031C6T6, STM32C031C6U3, STM32C031C6U6, STM32C031F4P3, STM32C031F4P6, STM32C031F6P3, STM32C031F6P6, STM32C031G4U3, STM32C031G4U6, STM32C031G6U3, STM32C031G6U6, STM32C031K4T3, STM32C031K4T6, STM32C031K4U3, STM32C031K4U6, STM32C031K6T3, STM32C031K6T6, STM32C031K6U3, STM32C031K6U6, STM32G071K8TXN, STM32G071K8UXN, STM32G081GBU6N, STM32G081KBT6N, STM32G081KBUXN, STM32G0B1CCT6N, STM32G0B1KCT6, STM32G0B1NEY6TR, STM32G0B1RCT6N, STM32G0C1CCT6, STM32G0C1CCT6N, STM32G0C1CCU6N, STM32G0C1CET6N, STM32G0C1CEU6N, STM32G0C1KCT6, STM32G0C1NEY6TR, STM32G0C1RCI6N, STM32G0C1RCT6N, STM32G0C1REI6N, STM32G0C1RET6N, STM32G0C1VCI6, STM32G0C1VEI6, STM32G471CCT6, STM32G471CCU6, STM32G471CET3, STM32G471CET6, STM32G471CEU3, STM32G471CEU6, STM32G471MCT6, STM32G471MET3, STM32G471MET6, STM32G471MEY6TR, STM32G471QCT6, STM32G471QET3, STM32G471RCT6, STM32G471RET3, STM32G471RET6, STM32G471VCH6, STM32G471VCI6, STM32G471VCT6, STM32G471VEH3, STM32G471VEH6, STM32G471VEI3, STM32G471VEI6, STM32G471VET3, STM32G471VET6, STM32G474CCT6, STM32H503CBT6, STM32H503CBU6, STM32H503EBY6TR, STM32H503KBU6, STM32H503RBT6, STM32H562AGI6, STM32H562AII6, STM32H562IGK6, STM32H562IGT6, STM32H562IIK6, STM32H562IIT6, STM32H562RGT6, STM32H562RGV6, STM32H562RIT6, STM32H562RIV6, STM32H562VGT6, STM32H562VIT6, STM32H562ZGT6, STM32H562ZIT6, STM32H563AGI6, STM32H563AII3Q, STM32H563AII6, STM32H563IGK6, STM32H563IGT6, STM32H563IIK3Q, STM32H563IIK6, STM32H563IIT3Q, STM32H563IIT6, STM32H563MIY3QTR, STM32H563RGT6, STM32H563RGV6, STM32H563RIT6, STM32H563RIV6, STM32H563VGT6, STM32H563VIT3Q, STM32H563VIT6, STM32H563ZGT6, STM32H563ZIT3Q, STM32H563ZIT6, STM32H573AII3Q, STM32H573AII6, STM32H573I-DK, STM32H573IIK3Q, STM32H573IIK6, STM32H573IIT3Q, STM32H573IIT6, STM32H573MIY3QTR, STM32H573RIT6, STM32H573RIV6, STM32H573VIT3Q, STM32H573VIT6, STM32H573ZIT3Q, STM32H573ZIT6, STM32L4R5QGI6STR, STM32MP131AAE3, STM32MP131AAF3, STM32MP131AAG3, STM32MP131CAE3, STM32MP131CAF3, STM32MP131CAG3, STM32MP131DAE7, STM32MP131DAF7, STM32MP131DAG7, STM32MP131FAE7, STM32MP131FAF7, STM32MP131FAG7, STM32MP133AAE3, STM32MP133AAF3, STM32MP133AAG3, STM32MP133CAE3, STM32MP133CAF3, STM32MP133CAG3, STM32MP133DAE7, STM32MP133DAF7, STM32MP133DAG7, STM32MP133FAE7, STM32MP133FAF7, STM32MP133FAG7, STM32MP135AAE3, STM32MP135AAF3, STM32MP135AAG3, STM32MP135CAE3, STM32MP135CAF3, STM32MP135CAG3, STM32MP135DAE7, STM32MP135DAF7, STM32MP135DAG7, STM32MP135F-DK, STM32MP135FAE7, STM32MP135FAF7, STM32MP135FAF7T, STM32MP135FAF7U, STM32MP135FAG7, STM32U535CBT6, STM32U535CBT6Q, STM32U535CBU6, STM32U535CBU6Q, STM32U535CCT6, STM32U535CCT6Q, STM32U535CCU6, STM32U535CCU6Q, STM32U535CET6, STM32U535CET6Q, STM32U535CEU6, STM32U535CEU6Q, STM32U535JEY6QTR, STM32U535NCY6QTR, STM32U535NEY6QTR, STM32U535RBI6, STM32U535RBI6Q, STM32U535RBT6, STM32U535RBT6Q, STM32U535RCI6, STM32U535RCI6Q, STM32U535RCT6, STM32U535RCT6Q, STM32U535REI6, STM32U535REI6Q, STM32U535RET6, STM32U535RET6Q, STM32U535VCI6, STM32U535VCI6Q, STM32U535VCT6, STM32U535VCT6Q, STM32U535VEI6, STM32U535VEI6Q, STM32U535VET6, STM32U535VET6Q, STM32U545CET6, STM32U545CET6Q, STM32U545CEU6, STM32U545CEU6Q, STM32U545JEY6QTR, STM32U545NEY6QTR, STM32U545REI6, STM32U545REI6Q, STM32U545RET6, STM32U545RET6Q, STM32U545VEI6, STM32U545VEI6Q, STM32U545VET6, STM32U545VET6Q, STM32U595AIH6, STM32U595AIH6Q, STM32U595AJH6, STM32U595AJH6Q, STM32U595QII6, STM32U595QII6Q, STM32U595QJI6, STM32U595QJI6Q, STM32U595RIT6, STM32U595RIT6Q, STM32U595RJT6, STM32U595RJT6Q, STM32U595VIT6, STM32U595VIT6Q, STM32U595VJT6, STM32U595VJT6Q, STM32U595ZIT6, STM32U595ZIT6Q, STM32U595ZIY6QTR, STM32U595ZJT6, STM32U595ZJT6Q, STM32U595ZJY6QTR, STM32U599BJY6QTR, STM32U599NIH6Q, STM32U599NJH6Q, STM32U599VIT6Q, STM32U599VJT6, STM32U599VJT6Q, STM32U599ZIT6Q, STM32U599ZIY6QTR, STM32U599ZJT6Q, STM32U599ZJY6QTR, STM32U5A5AJH6, STM32U5A5AJH6Q, STM32U5A5QJI6, STM32U5A5QJI6Q, STM32U5A5RJT6, STM32U5A5RJT6Q, STM32U5A5VJT6, STM32U5A5VJT6Q, STM32U5A5ZJT6, STM32U5A5ZJT6Q, STM32U5A5ZJY6QTR, STM32U5A9BJY6QTR, STM32U5A9J-DK, STM32U5A9NJH6Q, STM32U5A9VJT6Q, STM32U5A9ZJT6Q, STM32U5A9ZJY6QTR, STM32U5F7VIT6, STM32U5F7VIT6Q, STM32U5F7VJT6, STM32U5F7VJT6Q, STM32U5F9BJY6QTR, STM32U5F9NJH6Q, STM32U5F9VIT6Q, STM32U5F9VJT6Q, STM32U5F9ZIJ6QTR, STM32U5F9ZIT6Q, STM32U5F9ZJJ6QTR, STM32U5F9ZJT6Q, STM32U5G7VJT6, STM32U5G7VJT6Q, STM32U5G9BJY6QTR, STM32U5G9J-DK1, STM32U5G9J-DK2, STM32U5G9NJH6Q, STM32U5G9VJT6Q, STM32U5G9ZJJ6QTR, STM32U5G9ZJT6Q, STM32WB1MMCH6, STM32WBA52CEU6, STM32WBA52CEU6T, STM32WBA52CGU6, STM32WBA52CGU6T, STM32WBA52KEU6, STM32WBA52KEU6T, STM32WBA52KGU6, STM32WBA52KGU6T, STM32WL5MOCH6, STM32WL5MOCH6TR]
2023-09-06 22:54:45,062 [INFO] DbMcus:217 - Found 3848 MCUs, 3848 are supported
2023-09-06 22:54:45,063 [INFO] ApiDb:423 - Load user favorites file C:\Users\lyduc/.stm32cubeide/favorites.mcus.txt: 0 item(s)
2023-09-06 22:54:45,063 [INFO] ApiDb:427 - User favorites MCUs=[]
2023-09-06 22:54:45,063 [INFO] DbMcus:223 - Set 0 / 0 favorites MCUs
2023-09-06 22:54:45,268 [WARN] ThirdParty:833 - waiting for thirdparty lock release [change project]
2023-09-06 22:54:45,268 [INFO] ThirdParty:835 - entering critical section [change project]
2023-09-06 22:54:45,268 [INFO] ThirdParty:1030 - CMSIS Pack Vendor :STMicroelectronics X-CUBE-ISPU 1.1.0
2023-09-06 22:54:45,268 [INFO] ThirdParty:1030 - CMSIS Pack Vendor :STMicroelectronics USBPD 4.1
2023-09-06 22:54:45,268 [INFO] ThirdParty:1030 - CMSIS Pack Vendor :RoweBots I-CUBE-UNISONRTOS 5.5.0-4
2023-09-06 22:54:45,268 [INFO] ThirdParty:1030 - CMSIS Pack Vendor :STMicroelectronics X-CUBE-GNSS1 6.0.0
2023-09-06 22:54:45,268 [INFO] ThirdParty:1030 - CMSIS Pack Vendor :STMicroelectronics USB_HOST 2.0.0
2023-09-06 22:54:45,268 [INFO] ThirdParty:1030 - CMSIS Pack Vendor :STMicroelectronics X-CUBE-AZRTOS-F4 1.1.0
2023-09-06 22:54:45,268 [INFO] ThirdParty:1030 - CMSIS Pack Vendor :STMicroelectronics LIBJPEG 8.0.0
2023-09-06 22:54:45,268 [INFO] ThirdParty:1030 - CMSIS Pack Vendor :STMicroelectronics X-CUBE-SMBUS 2.1.0
2023-09-06 22:54:45,268 [INFO] ThirdParty:1030 - CMSIS Pack Vendor :STMicroelectronics USB_DEVICE 3.0.0
2023-09-06 22:54:45,268 [INFO] ThirdParty:1030 - CMSIS Pack Vendor :STMicroelectronics X-CUBE-AI 8.0.0
2023-09-06 22:54:45,268 [INFO] ThirdParty:1030 - CMSIS Pack Vendor :STMicroelectronics X-CUBE-FREERTOS 1.0.0
2023-09-06 22:54:45,268 [INFO] ThirdParty:1030 - CMSIS Pack Vendor :STMicroelectronics X-CUBE-FREERTOS 1.0.1
2023-09-06 22:54:45,268 [INFO] ThirdParty:1030 - CMSIS Pack Vendor :STMicroelectronics X-CUBE-TOUCHGFX 4.21.1
2023-09-06 22:54:45,268 [INFO] ThirdParty:1030 - CMSIS Pack Vendor :STMicroelectronics X-CUBE-TOUCHGFX 4.21.3
2023-09-06 22:54:45,268 [INFO] ThirdParty:1030 - CMSIS Pack Vendor :STMicroelectronics X-CUBE-AZRTOS-F7 1.1.0
2023-09-06 22:54:45,268 [INFO] ThirdParty:1030 - CMSIS Pack Vendor :STMicroelectronics X-CUBE-TOUCHGFX 4.21.4
2023-09-06 22:54:45,268 [INFO] ThirdParty:1030 - CMSIS Pack Vendor :STMicroelectronics USB_DEVICE 2.0.0
2023-09-06 22:54:45,268 [INFO] ThirdParty:1030 - CMSIS Pack Vendor :STMicroelectronics X-CUBE-AI 7.3.0
2023-09-06 22:54:45,268 [INFO] ThirdParty:1030 - CMSIS Pack Vendor :STMicroelectronics X-CUBE-MEMS1 9.6.0
2023-09-06 22:54:45,268 [INFO] ThirdParty:1030 - CMSIS Pack Vendor :STMicroelectronics FP-SNS-MOTENV1 4.3.2
2023-09-06 22:54:45,268 [INFO] ThirdParty:1030 - CMSIS Pack Vendor :STMicroelectronics FP-SNS-MOTENV1 4.3.1
2023-09-06 22:54:45,268 [INFO] ThirdParty:1030 - CMSIS Pack Vendor :STMicroelectronics FP-SNS-FLIGHT1 5.0.1
2023-09-06 22:54:45,268 [INFO] ThirdParty:1030 - CMSIS Pack Vendor :STMicroelectronics X-CUBE-ALGOBUILD 1.3.0
2023-09-06 22:54:45,268 [INFO] ThirdParty:1030 - CMSIS Pack Vendor :STMicroelectronics X-CUBE-BLE1 6.2.4
2023-09-06 22:54:45,268 [INFO] ThirdParty:1030 - CMSIS Pack Vendor :STMicroelectronics X-CUBE-AZRTOS-L5 1.1.0
2023-09-06 22:54:45,268 [INFO] ThirdParty:1030 - CMSIS Pack Vendor :STMicroelectronics FreeRTOS 0.0.1
2023-09-06 22:54:45,268 [INFO] ThirdParty:1030 - CMSIS Pack Vendor :STMicroelectronics X-CUBE-AZRTOS-G0 1.1.0
2023-09-06 22:54:45,268 [INFO] ThirdParty:1030 - CMSIS Pack Vendor :emotas I-CUBE-CANOPEN 1.1.3
2023-09-06 22:54:45,268 [INFO] ThirdParty:1030 - CMSIS Pack Vendor :STMicroelectronics X-CUBE-BLEMGR 2.0.0
2023-09-06 22:54:45,268 [INFO] ThirdParty:1030 - CMSIS Pack Vendor :STMicroelectronics X-CUBE-AI 8.0.1
2023-09-06 22:54:45,268 [INFO] ThirdParty:1030 - CMSIS Pack Vendor :STMicroelectronics X-CUBE-NFC4 3.0.0
2023-09-06 22:54:45,268 [INFO] ThirdParty:1030 - CMSIS Pack Vendor :STMicroelectronics X-CUBE-SUBG2 5.0.0
2023-09-06 22:54:45,268 [INFO] ThirdParty:1030 - CMSIS Pack Vendor :STMicroelectronics STM32_WPAN 1.0.0
2023-09-06 22:54:45,268 [INFO] ThirdParty:1030 - CMSIS Pack Vendor :STMicroelectronics lwIP 2.0.3
2023-09-06 22:54:45,268 [INFO] ThirdParty:1030 - CMSIS Pack Vendor :STMicroelectronics USB_HOST 1.0.0
2023-09-06 22:54:45,269 [INFO] ThirdParty:1030 - CMSIS Pack Vendor :STMicroelectronics X-CUBE-AZRTOS-G4 2.0.0
2023-09-06 22:54:45,269 [INFO] ThirdParty:1030 - CMSIS Pack Vendor :STMicroelectronics PDM2PCM 3.1.0
2023-09-06 22:54:45,269 [INFO] ThirdParty:1030 - CMSIS Pack Vendor :STMicroelectronics X-CUBE-AZRTOS-H7 3.1.0
2023-09-06 22:54:45,269 [INFO] ThirdParty:1030 - CMSIS Pack Vendor :STMicroelectronics X-CUBE-TOF1 3.3.0
2023-09-06 22:54:45,269 [INFO] ThirdParty:1030 - CMSIS Pack Vendor :STMicroelectronics FP-ATR-ASTRA1 1.1.1
2023-09-06 22:54:45,269 [INFO] ThirdParty:1030 - CMSIS Pack Vendor :STMicroelectronics PDM2PCM 3.3.0
2023-09-06 22:54:45,269 [INFO] ThirdParty:1030 - CMSIS Pack Vendor :STMicroelectronics X-CUBE-DISPLAY 3.0.0
2023-09-06 22:54:45,269 [INFO] ThirdParty:1030 - CMSIS Pack Vendor :STMicroelectronics X-CUBE-BLEMGR 1.3.0
2023-09-06 22:54:45,269 [INFO] ThirdParty:1030 - CMSIS Pack Vendor :STMicroelectronics FP-ATR-SIGFOX1 3.2.0
2023-09-06 22:54:45,269 [INFO] ThirdParty:1030 - CMSIS Pack Vendor :STMicroelectronics X-CUBE-AZRTOS-G4 1.0.0
2023-09-06 22:54:45,269 [INFO] ThirdParty:1030 - CMSIS Pack Vendor :wolfSSL I-CUBE-wolfSSL 5.5.4
2023-09-06 22:54:45,269 [INFO] ThirdParty:1030 - CMSIS Pack Vendor :STMicroelectronics X-CUBE-AZRTOS-L4 1.0.0
2023-09-06 22:54:45,269 [INFO] ThirdParty:1030 - CMSIS Pack Vendor :STMicroelectronics HAL Drivers 0.0.0
2023-09-06 22:54:45,269 [INFO] ThirdParty:1030 - CMSIS Pack Vendor :STMicroelectronics MBEDTLS 2.16.2
2023-09-06 22:54:45,269 [INFO] ThirdParty:1030 - CMSIS Pack Vendor :STMicroelectronics X-CUBE-TOUCHGFX 4.22.0
2023-09-06 22:54:45,269 [INFO] ThirdParty:1030 - CMSIS Pack Vendor :STMicroelectronics X-CUBE-NFC7 1.0.1
2023-09-06 22:54:45,269 [INFO] ThirdParty:1030 - CMSIS Pack Vendor :STMicroelectronics MBEDTLS 2.14.1
2023-09-06 22:54:45,269 [INFO] ThirdParty:1030 - CMSIS Pack Vendor :STMicroelectronics X-CUBE-NFC7 1.0.0
2023-09-06 22:54:45,269 [INFO] ThirdParty:1030 - CMSIS Pack Vendor :STMicroelectronics X-CUBE-AZRTOS-WL 1.0.0
2023-09-06 22:54:45,269 [INFO] ThirdParty:1030 - CMSIS Pack Vendor :STMicroelectronics X-CUBE-EEPRMA1 4.1.0
2023-09-06 22:54:45,269 [INFO] ThirdParty:1030 - CMSIS Pack Vendor :portGmbH I-Cube-SoM-uGOAL 1.1.0
2023-09-06 22:54:45,269 [INFO] ThirdParty:1030 - CMSIS Pack Vendor :STMicroelectronics X-CUBE-ALS 1.0.1
2023-09-06 22:54:45,269 [INFO] ThirdParty:1030 - CMSIS Pack Vendor :STMicroelectronics X-CUBE-MEMS1 9.5.0
2023-09-06 22:54:45,269 [INFO] ThirdParty:1030 - CMSIS Pack Vendor :STMicroelectronics ThreadX 1.0.0
2023-09-06 22:54:45,269 [INFO] ThirdParty:1030 - CMSIS Pack Vendor :STMicroelectronics X-CUBE-AZRTOS-WB 1.1.0
2023-09-06 22:54:45,269 [INFO] ThirdParty:1030 - CMSIS Pack Vendor :STMicroelectronics X-CUBE-AZRTOS-WL 2.0.0
2023-09-06 22:54:45,269 [INFO] ThirdParty:1030 - CMSIS Pack Vendor :SEGGER I-CUBE-embOS 1.3.1
2023-09-06 22:54:45,269 [INFO] ThirdParty:1030 - CMSIS Pack Vendor :STMicroelectronics USB_DEVICE 1.0.0
2023-09-06 22:54:45,269 [INFO] ThirdParty:1030 - CMSIS Pack Vendor :STMicroelectronics X-CUBE-AZRTOS-L4 2.0.0
2023-09-06 22:54:45,269 [INFO] ThirdParty:1030 - CMSIS Pack Vendor :STMicroelectronics ThreadX 0.0.2
2023-09-06 22:54:45,269 [INFO] ThirdParty:1030 - CMSIS Pack Vendor :WES I-CUBE-Cesium 1.3.0
2023-09-06 22:54:45,269 [INFO] ThirdParty:1030 - CMSIS Pack Vendor :STMicroelectronics FP-ATR-ASTRA1 2.0.0
2023-09-06 22:54:45,269 [INFO] ThirdParty:1030 - CMSIS Pack Vendor :STMicroelectronics lwIP 2.1.2
2023-09-06 22:54:45,269 [INFO] ThirdParty:1030 - CMSIS Pack Vendor :STMicroelectronics X-CUBE-SFXS2LP1 4.0.0
2023-09-06 22:54:45,270 [INFO] ThirdParty:1030 - CMSIS Pack Vendor :STMicroelectronics X-CUBE-BLE2 3.3.0
2023-09-06 22:54:45,270 [INFO] ThirdParty:1030 - CMSIS Pack Vendor :STMicroelectronics X-CUBE-TOF1 3.2.0
2023-09-06 22:54:45,270 [INFO] ThirdParty:1030 - CMSIS Pack Vendor :STMicroelectronics PDM2PCM 3.2.0
2023-09-06 22:54:45,270 [INFO] ThirdParty:1030 - CMSIS Pack Vendor :STMicroelectronics X-CUBE-AZRTOS-H7 3.0.0
2023-09-06 22:54:45,270 [INFO] ThirdParty:841 - exiting critical section [change project]
2023-09-06 22:54:45,592 [INFO] PinOutPanel:1499 - setPackage(No Configuration,No Configuration)
2023-09-06 22:54:45,593 [INFO] PinOutPanel:1499 - setPackage(STM32F411VETx,LQFP100)
2023-09-06 22:54:45,845 [INFO] UtilMem:75 - Before build in PCC Used Memory: 306331200 Bytes (384827392)
2023-09-06 22:54:46,404 [INFO] UtilMem:75 - After build in PCC Used Memory: 190317512 Bytes (384827392)
2023-09-06 22:54:46,432 [INFO] IPUIPlugin:80 - create IPUIPlugin
2023-09-06 22:54:46,432 [INFO] IPUIPlugin:80 - create IPUIPlugin
2023-09-06 22:54:46,432 [INFO] IPUIPlugin:80 - create IPUIPlugin
2023-09-06 22:54:46,433 [INFO] IPUIPlugin:80 - create IPUIPlugin
2023-09-06 22:54:46,433 [INFO] IPUIPlugin:80 - create IPUIPlugin
2023-09-06 22:54:46,433 [INFO] IPUIPlugin:80 - create IPUIPlugin
2023-09-06 22:54:46,433 [INFO] IPUIPlugin:80 - create IPUIPlugin
2023-09-06 22:54:46,433 [INFO] IPUIPlugin:80 - create IPUIPlugin
2023-09-06 22:54:46,433 [INFO] IPUIPlugin:80 - create IPUIPlugin
2023-09-06 22:54:46,433 [INFO] IPUIPlugin:80 - create IPUIPlugin
2023-09-06 22:54:46,433 [INFO] IPUIPlugin:80 - create IPUIPlugin
2023-09-06 22:54:46,433 [INFO] IPUIPlugin:80 - create IPUIPlugin
2023-09-06 22:54:46,433 [INFO] IPUIPlugin:80 - create IPUIPlugin
2023-09-06 22:54:46,434 [INFO] IPUIPlugin:80 - create IPUIPlugin
2023-09-06 22:54:46,434 [INFO] IPUIPlugin:80 - create IPUIPlugin
2023-09-06 22:54:46,434 [INFO] IPUIPlugin:80 - create IPUIPlugin
2023-09-06 22:54:46,434 [INFO] IPUIPlugin:80 - create IPUIPlugin
2023-09-06 22:54:46,434 [INFO] IPUIPlugin:80 - create IPUIPlugin
2023-09-06 22:54:46,434 [INFO] IPUIPlugin:80 - create IPUIPlugin
2023-09-06 22:54:46,434 [INFO] IPUIPlugin:80 - create IPUIPlugin
2023-09-06 22:54:46,434 [INFO] IPUIPlugin:80 - create IPUIPlugin
2023-09-06 22:54:46,434 [INFO] IPUIPlugin:80 - create IPUIPlugin
2023-09-06 22:54:46,435 [INFO] IPUIPlugin:80 - create IPUIPlugin
2023-09-06 22:54:46,435 [INFO] IPUIPlugin:80 - create IPUIPlugin
2023-09-06 22:54:46,435 [INFO] IPUIPlugin:80 - create IPUIPlugin
2023-09-06 22:54:46,435 [INFO] IPUIPlugin:80 - create IPUIPlugin
2023-09-06 22:54:46,435 [INFO] IPUIPlugin:80 - create IPUIPlugin
2023-09-06 22:54:46,435 [INFO] IPUIPlugin:80 - create IPUIPlugin
2023-09-06 22:54:46,435 [INFO] IPUIPlugin:80 - create IPUIPlugin
2023-09-06 22:54:46,435 [INFO] IPUIPlugin:80 - create IPUIPlugin
2023-09-06 22:54:46,435 [INFO] IPUIPlugin:80 - create IPUIPlugin
2023-09-06 22:54:46,436 [INFO] IPUIPlugin:80 - create IPUIPlugin
2023-09-06 22:54:46,436 [INFO] IPUIPlugin:80 - create IPUIPlugin
2023-09-06 22:54:46,436 [INFO] IPUIPlugin:80 - create IPUIPlugin
2023-09-06 22:54:46,436 [INFO] IPUIPlugin:80 - create IPUIPlugin
2023-09-06 22:54:46,436 [INFO] IPUIPlugin:80 - create IPUIPlugin
2023-09-06 22:54:46,436 [INFO] IPUIPlugin:80 - create IPUIPlugin
2023-09-06 22:54:46,436 [INFO] IPUIPlugin:80 - create IPUIPlugin
2023-09-06 22:54:46,436 [INFO] IPUIPlugin:80 - create IPUIPlugin
2023-09-06 22:54:46,436 [INFO] IPUIPlugin:80 - create IPUIPlugin
2023-09-06 22:54:46,436 [INFO] IPUIPlugin:80 - create IPUIPlugin
2023-09-06 22:54:46,437 [INFO] IPUIPlugin:80 - create IPUIPlugin
2023-09-06 22:54:46,437 [INFO] IPUIPlugin:80 - create IPUIPlugin
2023-09-06 22:54:46,499 [INFO] ApiDbMcu:507 - Load IP Config File for PDM2PCM
2023-09-06 22:54:46,613 [INFO] CADModel:165 - CPN selected for project levelSTM32F411VET6
2023-09-06 22:54:46,613 [INFO] CADModel:114 - Register for checkConnection events
2023-09-06 22:54:46,655 [INFO] OpenFileManager:328 - Restore cursor
2023-09-06 22:54:48,552 [INFO] LogOutputStream:77 - [STDOUT_REDIRECT] 
2023-09-06 22:54:59,955 [INFO] McuFinderGlobals:63 - Set McuFinder mode to 2 (CubeIDE integrated)
2023-09-06 22:54:59,955 [INFO] UserAuth:179 - activating auth plugin
2023-09-06 22:54:59,957 [INFO] UserAuth:393 - Internet connection configuration mode: 1
2023-09-06 22:54:59,965 [INFO] JxBrowserEngine:151 - Initiate JxBrowser Engine with user profile folder
2023-09-06 22:55:00,731 [INFO] WebApp:157 - Instantiating new browser for Auth
2023-09-06 22:55:01,352 [INFO] WebApp:753 - Register for checkConnection events
2023-09-06 22:55:01,352 [INFO] WebApp:390 - Apply proxy settings
2023-09-06 22:55:01,352 [INFO] WebApp:475 - Chromium requires no authentication
2023-09-06 22:55:01,357 [INFO] WebApp:418 - Direct internet connection detected
2023-09-06 22:55:01,472 [INFO] WebApp:188 - Starting web application
2023-09-06 22:55:01,473 [INFO] WebApp:520 - Web application path used C:\ST\STM32CubeIDE_1.13.1\STM32CubeIDE\plugins\com.st.stm32cube.common.mx_6.9.1.202307191849\db\plugins\mcufinder\reactClient1\index.html
2023-09-06 22:55:22,084 [ERROR] LogOutputStream:75 - [STDERR_REDIRECT] SLF4J: Failed to load class "org.slf4j.impl.StaticLoggerBinder".
2023-09-06 22:55:22,084 [ERROR] LogOutputStream:75 - [STDERR_REDIRECT] SLF4J: Defaulting to no-operation (NOP) logger implementation
2023-09-06 22:55:22,085 [ERROR] LogOutputStream:75 - [STDERR_REDIRECT] SLF4J: See http://www.slf4j.org/codes.html#StaticLoggerBinder for further details.
2023-09-06 22:58:39,092 [ERROR] LogOutputStream:75 - [STDERR_REDIRECT] Exception in thread "Process monitor for PID 16 host_000_test_project.exe" java.lang.NullPointerException: Cannot invoke "org.eclipse.debug.core.DebugPlugin.getLaunchManager()" because the return value of "org.eclipse.debug.core.DebugPlugin.getDefault()" is null
2023-09-06 22:58:39,093 [ERROR] LogOutputStream:75 - [STDERR_REDIRECT] 	at org.eclipse.debug.internal.core.LaunchConfiguration.getLaunchManager(LaunchConfiguration.java:497)
2023-09-06 22:58:39,094 [ERROR] LogOutputStream:75 - [STDERR_REDIRECT] 	at org.eclipse.debug.internal.core.LaunchConfiguration.getInfo(LaunchConfiguration.java:488)
2023-09-06 22:58:39,095 [ERROR] LogOutputStream:75 - [STDERR_REDIRECT] 	at org.eclipse.debug.internal.core.LaunchConfiguration.getType(LaunchConfiguration.java:644)
2023-09-06 22:58:39,098 [ERROR] LogOutputStream:75 - [STDERR_REDIRECT] 	at org.eclipse.cdt.dsf.gdb.launching.InferiorRuntimeProcess.setConsoleTerminatedLabel(InferiorRuntimeProcess.java:76)
2023-09-06 22:58:39,099 [ERROR] LogOutputStream:75 - [STDERR_REDIRECT] 	at org.eclipse.cdt.dsf.gdb.launching.InferiorRuntimeProcess.terminated(InferiorRuntimeProcess.java:47)
2023-09-06 22:58:39,100 [ERROR] LogOutputStream:75 - [STDERR_REDIRECT] 	at org.eclipse.debug.core.model.RuntimeProcess$ProcessMonitorThread.run(RuntimeProcess.java:501)
2023-09-06 22:58:39,126 [ERROR] LogOutputStream:75 - [STDERR_REDIRECT] 
2023-09-06 22:59:14,334 [INFO] Activator:176 - 


2023-09-06 22:59:14,335 [INFO] Activator:177 - !SESSION log4j initialized
2023-09-06 22:59:16,446 [INFO] LogOutputStream:77 - [STDOUT_REDIRECT] 
2023-09-06 22:59:28,414 [INFO] ApplicationProperties:184 - Using Application install path: C:\ST\STM32CubeIDE_1.13.1\STM32CubeIDE\plugins\com.st.stm32cube.common.mx_6.9.1.202307191849
2023-09-06 22:59:28,427 [INFO] DbMcusXml:78 - Set database path to: C:\ST\STM32CubeIDE_1.13.1\STM32CubeIDE\plugins\com.st.stm32cube.common.mx_6.9.1.202307191849\\db\/mcu/
2023-09-06 22:59:28,428 [INFO] ApiDb:274 - Set plugin database path to: C:\ST\STM32CubeIDE_1.13.1\STM32CubeIDE\plugins\com.st.stm32cube.common.mx_6.9.1.202307191849\\db\/plugins/boardmanager/
2023-09-06 22:59:28,428 [WARN] ApiDb:259 - Overriding images path with different value:  => C:\ST\STM32CubeIDE_1.13.1\STM32CubeIDE\plugins\com.st.stm32cube.common.mx_6.9.1.202307191849\\db\/plugins/mcufinder/images/
2023-09-06 22:59:28,435 [INFO] ApiDb:250 - Set database path to: C:\Users\lyduc\.stmcufinder\plugins\mcufinder//mcu/
2023-09-06 22:59:28,435 [INFO] DbMcusAds:125 - Set database path to: C:\Users\lyduc\.stmcufinder\plugins\mcufinder//mcu/
2023-09-06 22:59:28,437 [INFO] CrossReferenceDbSqlite:203 - Set database path to: C:\Users\lyduc\.stmcufinder\plugins\mcufinder//mcu/cs/
2023-09-06 22:59:28,497 [INFO] RulesReader:64 - Compatibility file has been processed (293 Rules)
2023-09-06 22:59:28,541 [INFO] DbMcusXml:78 - Set database path to: C:\ST\STM32CubeIDE_1.13.1\STM32CubeIDE\plugins\com.st.stm32cube.common.mx_6.9.1.202307191849\\db\/mcu/
2023-09-06 22:59:28,541 [INFO] ApiDb:274 - Set plugin database path to: C:\ST\STM32CubeIDE_1.13.1\STM32CubeIDE\plugins\com.st.stm32cube.common.mx_6.9.1.202307191849\\db\/plugins/boardmanager/
2023-09-06 22:59:28,541 [INFO] ApiDb:261 - Set plugin images path to: C:\ST\STM32CubeIDE_1.13.1\STM32CubeIDE\plugins\com.st.stm32cube.common.mx_6.9.1.202307191849\\db\/plugins/mcufinder/images/
2023-09-06 22:59:28,543 [WARN] DbFile:41 - Overriding database path with different value: C:\Users\lyduc\.stmcufinder\plugins\mcufinder/ => C:\Users\lyduc\.stmcufinder\plugins\mcufinder
2023-09-06 22:59:28,543 [INFO] ApiDb:250 - Set database path to: C:\Users\lyduc\.stmcufinder\plugins\mcufinder//mcu/
2023-09-06 22:59:28,543 [WARN] DbFile:41 - Overriding database path with different value: C:\Users\lyduc\.stmcufinder\plugins\mcufinder/ => C:\Users\lyduc\.stmcufinder\plugins\mcufinder
2023-09-06 22:59:28,543 [INFO] DbMcusAds:125 - Set database path to: C:\Users\lyduc\.stmcufinder\plugins\mcufinder//mcu/
2023-09-06 22:59:28,543 [WARN] DbFile:41 - Overriding database path with different value: C:\Users\lyduc\.stmcufinder\plugins\mcufinder/ => C:\Users\lyduc\.stmcufinder\plugins\mcufinder
2023-09-06 22:59:28,543 [WARN] DbFile:41 - Overriding database path with different value: C:\Users\lyduc\.stmcufinder\plugins\mcufinder/ => C:\Users\lyduc\.stmcufinder\plugins\mcufinder
2023-09-06 22:59:28,543 [INFO] CrossReferenceDbSqlite:203 - Set database path to: C:\Users\lyduc\.stmcufinder\plugins\mcufinder//mcu/cs/
2023-09-06 22:59:28,584 [INFO] MainPanel:262 - HeapMemory: 268435456
2023-09-06 22:59:28,628 [INFO] DbMcusXml:78 - Set database path to: C:\ST\STM32CubeIDE_1.13.1\STM32CubeIDE\plugins\com.st.stm32cube.common.mx_6.9.1.202307191849\\db\/mcu/
2023-09-06 22:59:28,628 [INFO] ApiDb:274 - Set plugin database path to: C:\ST\STM32CubeIDE_1.13.1\STM32CubeIDE\plugins\com.st.stm32cube.common.mx_6.9.1.202307191849\\db\/plugins/boardmanager/
2023-09-06 22:59:28,628 [INFO] ApiDb:261 - Set plugin images path to: C:\ST\STM32CubeIDE_1.13.1\STM32CubeIDE\plugins\com.st.stm32cube.common.mx_6.9.1.202307191849\\db\/plugins/mcufinder/images/
2023-09-06 22:59:28,628 [WARN] DbFile:41 - Overriding database path with different value: C:\Users\lyduc\.stmcufinder\plugins\mcufinder/ => C:\Users\lyduc\.stmcufinder\plugins\mcufinder
2023-09-06 22:59:28,629 [INFO] ApiDb:250 - Set database path to: C:\Users\lyduc\.stmcufinder\plugins\mcufinder//mcu/
2023-09-06 22:59:28,629 [WARN] DbFile:41 - Overriding database path with different value: C:\Users\lyduc\.stmcufinder\plugins\mcufinder/ => C:\Users\lyduc\.stmcufinder\plugins\mcufinder
2023-09-06 22:59:28,629 [INFO] DbMcusAds:125 - Set database path to: C:\Users\lyduc\.stmcufinder\plugins\mcufinder//mcu/
2023-09-06 22:59:28,629 [WARN] DbFile:41 - Overriding database path with different value: C:\Users\lyduc\.stmcufinder\plugins\mcufinder/ => C:\Users\lyduc\.stmcufinder\plugins\mcufinder
2023-09-06 22:59:28,629 [WARN] DbFile:41 - Overriding database path with different value: C:\Users\lyduc\.stmcufinder\plugins\mcufinder/ => C:\Users\lyduc\.stmcufinder\plugins\mcufinder
2023-09-06 22:59:28,629 [INFO] CrossReferenceDbSqlite:203 - Set database path to: C:\Users\lyduc\.stmcufinder\plugins\mcufinder//mcu/cs/
2023-09-06 22:59:28,640 [INFO] ApplicationProperties:184 - Using Application install path: C:\ST\STM32CubeIDE_1.13.1\STM32CubeIDE\plugins\com.st.stm32cube.common.mx_6.9.1.202307191849
2023-09-06 22:59:28,640 [INFO] PluginManage:196 - Search for loadable plugins [exclusion list=, ]
2023-09-06 22:59:28,641 [INFO] PluginManage:310 - Check plugin analytics
2023-09-06 22:59:28,745 [INFO] AnalyticsPlugin:253 - Accepted Software Licenses: 
2023-09-06 22:59:28,745 [INFO] AnalyticsPlugin:255 - Accepted CMSIS Pack Licenses: 
2023-09-06 22:59:28,745 [INFO] AnalyticsPlugin:257 - Accepted Firmware Licenses: FW.F4.1.27.0
2023-09-06 22:59:28,748 [INFO] PluginManage:359 - Loaded plugin analytics (category:tool,tabindex:-1)
2023-09-06 22:59:28,748 [INFO] PluginManage:310 - Check plugin cadmodel
2023-09-06 22:59:28,751 [INFO] CADModel:105 - Init CAD model plugin
2023-09-06 22:59:28,751 [INFO] PluginManage:359 - Loaded plugin cadmodel (category:power,tabindex:5)
2023-09-06 22:59:28,751 [INFO] PluginManage:310 - Check plugin clock
2023-09-06 22:59:28,758 [INFO] PluginManage:359 - Loaded plugin clock (category:base,tabindex:2)
2023-09-06 22:59:28,758 [INFO] PluginManage:310 - Check plugin ddr
2023-09-06 22:59:28,759 [INFO] PluginManage:359 - Loaded plugin ddr (category:tool,tabindex:6)
2023-09-06 22:59:28,760 [INFO] PluginManage:310 - Check plugin filemanager
2023-09-06 22:59:28,837 [INFO] PluginManage:359 - Loaded plugin filemanager (category:base,tabindex:10)
2023-09-06 22:59:28,837 [INFO] PluginManage:310 - Check plugin ipmanager
2023-09-06 22:59:28,842 [INFO] PluginManage:359 - Loaded plugin ipmanager (category:base,tabindex:5)
2023-09-06 22:59:28,842 [INFO] PluginManage:310 - Check plugin lpbam
2023-09-06 22:59:28,849 [INFO] PluginManage:359 - Loaded plugin lpbam (category:base,tabindex:0)
2023-09-06 22:59:28,849 [INFO] PluginManage:310 - Check plugin memorymap
2023-09-06 22:59:28,858 [INFO] PluginManage:359 - Loaded plugin memorymap (category:base,tabindex:4)
2023-09-06 22:59:28,858 [INFO] PluginManage:310 - Check plugin pinoutandconfiguration
2023-09-06 22:59:28,863 [INFO] PluginManage:359 - Loaded plugin pinoutandconfiguration (category:base,tabindex:1)
2023-09-06 22:59:28,863 [INFO] PluginManage:310 - Check plugin pinoutconfig
2023-09-06 22:59:28,919 [WARN] SupportedApi:132 - Cannot load RTOS API schema: s4s-elt-must-match.1: The content of 'definitions' must match (annotation?, (simpleType | complexType)?, (unique | key | keyref)*)). A problem was found starting at: attribute.
2023-09-06 22:59:29,001 [INFO] PluginManage:359 - Loaded plugin pinoutconfig (category:base,tabindex:0)
2023-09-06 22:59:29,001 [INFO] PluginManage:310 - Check plugin power
2023-09-06 22:59:29,009 [INFO] PluginManage:359 - Loaded plugin power (category:power,tabindex:4)
2023-09-06 22:59:29,009 [INFO] PluginManage:310 - Check plugin projectmanager
2023-09-06 22:59:29,018 [INFO] PluginManage:359 - Loaded plugin projectmanager (category:projectmanager,tabindex:3)
2023-09-06 22:59:29,018 [INFO] PluginManage:310 - Check plugin thirdparty
2023-09-06 22:59:29,101 [WARN] IntegrityCheckThread:84 - waiting for thirdparty lock release [integrity check]
2023-09-06 22:59:29,101 [INFO] PluginManage:359 - Loaded plugin thirdparty (category:base,tabindex:-1)
2023-09-06 22:59:29,101 [INFO] IntegrityCheckThread:86 - entering critical section [integrity check]
2023-09-06 22:59:29,101 [INFO] PluginManage:310 - Check plugin tools
2023-09-06 22:59:29,102 [INFO] ThirdPartyUpdaterWithRetryManager:70 - Updater plugin not ready yet. [1/15]
2023-09-06 22:59:29,104 [INFO] PluginManage:359 - Loaded plugin tools (category:base,tabindex:7)
2023-09-06 22:59:29,104 [INFO] PluginManage:310 - Check plugin tutovideos
2023-09-06 22:59:29,199 [INFO] PluginManage:359 - Loaded plugin tutovideos (category:base,tabindex:-1)
2023-09-06 22:59:29,199 [INFO] PluginManage:310 - Check plugin updater
2023-09-06 22:59:29,206 [INFO] PluginManage:359 - Loaded plugin updater (category:base,tabindex:12)
2023-09-06 22:59:29,206 [INFO] PluginManage:310 - Check plugin userauth
2023-09-06 22:59:29,209 [INFO] UserAuth:113 - Init User Auth plugin
2023-09-06 22:59:29,210 [INFO] PluginManage:359 - Loaded plugin userauth (category:base,tabindex:14)
2023-09-06 22:59:29,210 [INFO] PluginManage:283 - PluginManage : Loaded plugins [17]
2023-09-06 22:59:29,345 [INFO] PinOutPanel:1499 - setPackage(No Configuration,No Configuration)
2023-09-06 22:59:29,479 [INFO] CADModel:165 - CPN selected for project level
2023-09-06 22:59:29,480 [INFO] CADModel:114 - Register for checkConnection events
2023-09-06 22:59:29,506 [INFO] IPUIPlugin:80 - create IPUIPlugin
2023-09-06 22:59:29,506 [INFO] PluginManager:220 - loadIPPluginJar : add adc
2023-09-06 22:59:29,509 [INFO] IPUIPlugin:80 - create IPUIPlugin
2023-09-06 22:59:29,509 [INFO] PluginManager:220 - loadIPPluginJar : add aes
2023-09-06 22:59:29,511 [INFO] IPUIPlugin:80 - create IPUIPlugin
2023-09-06 22:59:29,511 [INFO] PluginManager:220 - loadIPPluginJar : add can
2023-09-06 22:59:29,513 [INFO] IPUIPlugin:80 - create IPUIPlugin
2023-09-06 22:59:29,514 [INFO] PluginManager:220 - loadIPPluginJar : add comp
2023-09-06 22:59:29,516 [INFO] IPUIPlugin:80 - create IPUIPlugin
2023-09-06 22:59:29,516 [INFO] PluginManager:220 - loadIPPluginJar : add cryp
2023-09-06 22:59:29,518 [INFO] IPUIPlugin:80 - create IPUIPlugin
2023-09-06 22:59:29,518 [INFO] PluginManager:220 - loadIPPluginJar : add dfsdm
2023-09-06 22:59:29,523 [INFO] IPUIPlugin:80 - create IPUIPlugin
2023-09-06 22:59:29,523 [INFO] PluginManager:220 - loadIPPluginJar : add dma
2023-09-06 22:59:29,525 [INFO] IPUIPlugin:80 - create IPUIPlugin
2023-09-06 22:59:29,526 [INFO] PluginManager:220 - loadIPPluginJar : add dma3
2023-09-06 22:59:29,527 [INFO] IPUIPlugin:80 - create IPUIPlugin
2023-09-06 22:59:29,527 [INFO] PluginManager:220 - loadIPPluginJar : add fatfs
2023-09-06 22:59:29,530 [INFO] IPUIPlugin:80 - create IPUIPlugin
2023-09-06 22:59:29,531 [INFO] PluginManager:220 - loadIPPluginJar : add fmc
2023-09-06 22:59:29,536 [INFO] IPUIPlugin:80 - create IPUIPlugin
2023-09-06 22:59:29,536 [INFO] PluginManager:220 - loadIPPluginJar : add freertos
2023-09-06 22:59:29,539 [INFO] IPUIPlugin:80 - create IPUIPlugin
2023-09-06 22:59:29,539 [INFO] PluginManager:220 - loadIPPluginJar : add genericplugin
2023-09-06 22:59:29,541 [INFO] IPUIPlugin:80 - create IPUIPlugin
2023-09-06 22:59:29,541 [INFO] PluginManager:220 - loadIPPluginJar : add gfxmmu
2023-09-06 22:59:29,545 [INFO] IPUIPlugin:80 - create IPUIPlugin
2023-09-06 22:59:29,545 [INFO] PluginManager:220 - loadIPPluginJar : add gic
2023-09-06 22:59:29,549 [INFO] IPUIPlugin:80 - create IPUIPlugin
2023-09-06 22:59:29,549 [INFO] PluginManager:220 - loadIPPluginJar : add gpio
2023-09-06 22:59:29,552 [INFO] IPUIPlugin:80 - create IPUIPlugin
2023-09-06 22:59:29,552 [INFO] PluginManager:220 - loadIPPluginJar : add gtzc
2023-09-06 22:59:29,555 [INFO] IPUIPlugin:80 - create IPUIPlugin
2023-09-06 22:59:29,555 [INFO] PluginManager:220 - loadIPPluginJar : add hash
2023-09-06 22:59:29,557 [INFO] IPUIPlugin:80 - create IPUIPlugin
2023-09-06 22:59:29,557 [INFO] PluginManager:220 - loadIPPluginJar : add i2c
2023-09-06 22:59:29,559 [INFO] IPUIPlugin:80 - create IPUIPlugin
2023-09-06 22:59:29,559 [INFO] PluginManager:220 - loadIPPluginJar : add i2s
2023-09-06 22:59:29,562 [INFO] IPUIPlugin:80 - create IPUIPlugin
2023-09-06 22:59:29,562 [INFO] PluginManager:220 - loadIPPluginJar : add i3c
2023-09-06 22:59:29,564 [INFO] IPUIPlugin:80 - create IPUIPlugin
2023-09-06 22:59:29,564 [INFO] PluginManager:220 - loadIPPluginJar : add ipddr
2023-09-06 22:59:29,570 [INFO] IPUIPlugin:80 - create IPUIPlugin
2023-09-06 22:59:29,570 [INFO] PluginManager:220 - loadIPPluginJar : add linkedlist
2023-09-06 22:59:29,574 [INFO] IPUIPlugin:80 - create IPUIPlugin
2023-09-06 22:59:29,574 [INFO] PluginManager:220 - loadIPPluginJar : add lorawan
2023-09-06 22:59:29,576 [INFO] IPUIPlugin:80 - create IPUIPlugin
2023-09-06 22:59:29,577 [INFO] PluginManager:220 - loadIPPluginJar : add ltdc
2023-09-06 22:59:29,582 [INFO] IPUIPlugin:80 - create IPUIPlugin
2023-09-06 22:59:29,582 [INFO] PluginManager:220 - loadIPPluginJar : add mdma
2023-09-06 22:59:29,586 [INFO] IPUIPlugin:80 - create IPUIPlugin
2023-09-06 22:59:29,586 [INFO] PluginManager:220 - loadIPPluginJar : add nvic
2023-09-06 22:59:29,590 [INFO] IPUIPlugin:80 - create IPUIPlugin
2023-09-06 22:59:29,590 [INFO] PluginManager:220 - loadIPPluginJar : add opamp
2023-09-06 22:59:29,592 [INFO] IPUIPlugin:80 - create IPUIPlugin
2023-09-06 22:59:29,592 [INFO] PluginManager:220 - loadIPPluginJar : add openamp
2023-09-06 22:59:29,595 [INFO] IPUIPlugin:80 - create IPUIPlugin
2023-09-06 22:59:29,595 [INFO] PluginManager:220 - loadIPPluginJar : add pdm2pcm
2023-09-06 22:59:29,600 [INFO] IPUIPlugin:80 - create IPUIPlugin
2023-09-06 22:59:29,602 [INFO] PluginManager:220 - loadIPPluginJar : add plateformsettings
2023-09-06 22:59:29,605 [INFO] IPUIPlugin:80 - create IPUIPlugin
2023-09-06 22:59:29,605 [INFO] PluginManager:220 - loadIPPluginJar : add quadspi
2023-09-06 22:59:29,608 [INFO] IPUIPlugin:80 - create IPUIPlugin
2023-09-06 22:59:29,609 [INFO] PluginManager:220 - loadIPPluginJar : add resmgrutility
2023-09-06 22:59:29,611 [INFO] IPUIPlugin:80 - create IPUIPlugin
2023-09-06 22:59:29,611 [INFO] PluginManager:220 - loadIPPluginJar : add sai
2023-09-06 22:59:29,614 [INFO] IPUIPlugin:80 - create IPUIPlugin
2023-09-06 22:59:29,614 [INFO] PluginManager:220 - loadIPPluginJar : add spi
2023-09-06 22:59:29,619 [INFO] IPUIPlugin:80 - create IPUIPlugin
2023-09-06 22:59:29,619 [INFO] PluginManager:220 - loadIPPluginJar : add stm32_wpan
2023-09-06 22:59:29,622 [INFO] IPUIPlugin:80 - create IPUIPlugin
2023-09-06 22:59:29,622 [INFO] PluginManager:220 - loadIPPluginJar : add tim
2023-09-06 22:59:29,625 [INFO] IPUIPlugin:80 - create IPUIPlugin
2023-09-06 22:59:29,625 [INFO] PluginManager:220 - loadIPPluginJar : add touchsensing
2023-09-06 22:59:29,628 [INFO] IPUIPlugin:80 - create IPUIPlugin
2023-09-06 22:59:29,628 [INFO] PluginManager:220 - loadIPPluginJar : add tracer_emb
2023-09-06 22:59:29,630 [INFO] IPUIPlugin:80 - create IPUIPlugin
2023-09-06 22:59:29,630 [INFO] PluginManager:220 - loadIPPluginJar : add ts
2023-09-06 22:59:29,632 [INFO] IPUIPlugin:80 - create IPUIPlugin
2023-09-06 22:59:29,632 [INFO] PluginManager:220 - loadIPPluginJar : add tsc
2023-09-06 22:59:29,635 [INFO] IPUIPlugin:80 - create IPUIPlugin
2023-09-06 22:59:29,635 [INFO] PluginManager:220 - loadIPPluginJar : add ucpd
2023-09-06 22:59:29,638 [INFO] IPUIPlugin:80 - create IPUIPlugin
2023-09-06 22:59:29,638 [INFO] PluginManager:220 - loadIPPluginJar : add usart
2023-09-06 22:59:29,640 [INFO] IPUIPlugin:80 - create IPUIPlugin
2023-09-06 22:59:29,641 [INFO] PluginManager:220 - loadIPPluginJar : add usbx
2023-09-06 22:59:29,743 [INFO] CADModel:165 - CPN selected for project level
2023-09-06 22:59:29,743 [INFO] CADModel:114 - Register for checkConnection events
2023-09-06 22:59:29,743 [FATAL] Updater:308 - Updater called before beeing initialized
2023-09-06 22:59:29,744 [ERROR] CADModel:125 - Updater not yet initialized, retry later 
2023-09-06 22:59:29,836 [INFO] CADModel:165 - CPN selected for project level
2023-09-06 22:59:29,836 [INFO] CADModel:114 - Register for checkConnection events
2023-09-06 22:59:29,836 [FATAL] Updater:308 - Updater called before beeing initialized
2023-09-06 22:59:29,836 [ERROR] CADModel:125 - Updater not yet initialized, retry later 
2023-09-06 22:59:29,838 [FATAL] Updater:308 - Updater called before beeing initialized
2023-09-06 22:59:29,932 [FATAL] Updater:308 - Updater called before beeing initialized
2023-09-06 22:59:29,936 [INFO] DbMcusAds:53 - JSON generation date=Tue Mar 07 15:50:55 ICT 2023 (1678179055114)
2023-09-06 22:59:29,936 [FATAL] Updater:308 - Updater called before beeing initialized
2023-09-06 22:59:29,988 [WARN] DetailPanel:346 - Failed to get advertising image, set to default
2023-09-06 22:59:30,043 [FATAL] Updater:308 - Updater called before beeing initialized
2023-09-06 22:59:30,044 [FATAL] Updater:308 - Updater called before beeing initialized
2023-09-06 22:59:30,044 [FATAL] Updater:308 - Updater called before beeing initialized
2023-09-06 22:59:30,044 [WARN] DetailPanel:346 - Failed to get advertising image, set to default
2023-09-06 22:59:30,044 [FATAL] Updater:308 - Updater called before beeing initialized
2023-09-06 22:59:30,075 [ERROR] Updater:1120 - MainUpdater not yet initialized. External WinMGr cannot be set.
2023-09-06 22:59:30,077 [INFO] Updater:1056 - Updater Version found : 6.9.1
2023-09-06 22:59:30,088 [INFO] ApplicationProperties:184 - Using Application install path: C:\ST\STM32CubeIDE_1.13.1\STM32CubeIDE\plugins\com.st.stm32cube.common.mx_6.9.1.202307191849
2023-09-06 22:59:30,167 [INFO] MainUpdater:2868 - connection check result : 10
2023-09-06 22:59:30,168 [INFO] MainUpdater:285 - Updater Check For Update Now.
2023-09-06 22:59:30,168 [INFO] MicroXplorer:498 - Change Database Version : DB.6.0.91
2023-09-06 22:59:30,182 [INFO] McuFinderGlobals:63 - Set McuFinder mode to 2 (CubeIDE integrated)
2023-09-06 22:59:30,182 [INFO] UserAuth:179 - activating auth plugin
2023-09-06 22:59:30,184 [INFO] UserAuth:393 - Internet connection configuration mode: 1
2023-09-06 22:59:30,202 [INFO] JxBrowserEngine:151 - Initiate JxBrowser Engine with user profile folder
2023-09-06 22:59:30,318 [INFO] CheckServerUpdateThread:120 - End of CheckServer Thread
2023-09-06 22:59:30,640 [INFO] WebApp:157 - Instantiating new browser for Auth
2023-09-06 22:59:31,206 [INFO] WebApp:753 - Register for checkConnection events
2023-09-06 22:59:31,206 [INFO] WebApp:390 - Apply proxy settings
2023-09-06 22:59:31,206 [INFO] WebApp:475 - Chromium requires no authentication
2023-09-06 22:59:31,209 [INFO] WebApp:418 - Direct internet connection detected
2023-09-06 22:59:31,315 [INFO] WebApp:188 - Starting web application
2023-09-06 22:59:31,315 [INFO] WebApp:520 - Web application path used C:\ST\STM32CubeIDE_1.13.1\STM32CubeIDE\plugins\com.st.stm32cube.common.mx_6.9.1.202307191849\db\plugins\mcufinder\reactClient1\index.html
2023-09-06 22:59:32,187 [WARN] PackLoader:240 - Cannot read IP mode file for STMicroelectronics.X-CUBE-SMBUS.2.1.0
2023-09-06 22:59:32,206 [WARN] PackLoader:240 - Cannot read IP mode file for STMicroelectronics.X-CUBE-AZRTOS-F7.1.1.0
2023-09-06 22:59:32,216 [WARN] PackLoader:240 - Cannot read IP mode file for STMicroelectronics.FP-SNS-MOTENV1.4.3.2
2023-09-06 22:59:32,221 [ERROR] RealEvaluatedCondition:428 - Found unsupported composite condition: CLASS='Data Exchange' GROUP='STM32_MetaDataManager'
2023-09-06 22:59:32,222 [ERROR] RealEvaluatedCondition:428 - Found unsupported composite condition: CLASS='Data Exchange' GROUP='STM32_MetaDataManager'
2023-09-06 22:59:32,223 [WARN] PackLoader:240 - Cannot read IP mode file for STMicroelectronics.FP-SNS-MOTENV1.4.3.1
2023-09-06 22:59:32,228 [WARN] PackLoader:240 - Cannot read IP mode file for STMicroelectronics.FP-SNS-FLIGHT1.5.0.1
2023-09-06 22:59:32,236 [WARN] PackLoader:240 - Cannot read IP mode file for STMicroelectronics.X-CUBE-BLE1.6.2.4
2023-09-06 22:59:32,242 [WARN] PackLoader:240 - Cannot read IP mode file for STMicroelectronics.X-CUBE-DISPLAY.3.0.0
2023-09-06 22:59:32,249 [WARN] PackLoader:240 - Cannot read IP mode file for STMicroelectronics.X-CUBE-TOUCHGFX.4.22.0
2023-09-06 22:59:32,256 [INFO] LogOutputStream:77 - [STDOUT_REDIRECT] 1 : Invalid condition id : UX_CORESTACK_Condition cause : null
2023-09-06 22:59:32,256 [INFO] LogOutputStream:77 - [STDOUT_REDIRECT] 1 : Invalid condition id : UX_CORESTACK_Condition cause : null
2023-09-06 22:59:32,256 [INFO] LogOutputStream:77 - [STDOUT_REDIRECT] 1 : Invalid condition id : UX_CORESTACK_Condition cause : null
2023-09-06 22:59:32,259 [INFO] LogOutputStream:77 - [STDOUT_REDIRECT] 1 : Invalid condition id : UX_CORESTACK_Condition cause : null
2023-09-06 22:59:32,259 [INFO] LogOutputStream:77 - [STDOUT_REDIRECT] 1 : Invalid condition id : UX_CORESTACK_Condition cause : null
2023-09-06 22:59:32,262 [WARN] PackLoader:240 - Cannot read IP mode file for STMicroelectronics.X-CUBE-AZRTOS-WL.2.0.0
2023-09-06 22:59:32,270 [WARN] PackLoader:240 - Cannot read IP mode file for WES.I-CUBE-Cesium.1.3.0
2023-09-06 22:59:32,274 [WARN] PackLoader:240 - Cannot read IP mode file for STMicroelectronics.X-CUBE-BLE2.3.3.0
2023-09-06 22:59:32,282 [WARN] PackLoader:240 - Cannot read IP mode file for STMicroelectronics.X-CUBE-TOF1.3.2.0
2023-09-06 22:59:32,288 [WARN] PackLoader:240 - Cannot read IP mode file for STMicroelectronics.X-CUBE-TOUCHGFX.4.21.1
2023-09-06 22:59:32,291 [WARN] PackLoader:240 - Cannot read IP mode file for STMicroelectronics.X-CUBE-TOUCHGFX.4.21.3
2023-09-06 22:59:32,292 [WARN] PackLoader:240 - Cannot read IP mode file for STMicroelectronics.X-CUBE-TOUCHGFX.4.21.4
2023-09-06 22:59:32,295 [WARN] PackLoader:240 - Cannot read IP mode file for STMicroelectronics.X-CUBE-AI.7.3.0
2023-09-06 22:59:32,299 [WARN] PackLoader:240 - Cannot read IP mode file for STMicroelectronics.X-CUBE-ALGOBUILD.1.3.0
2023-09-06 22:59:32,311 [WARN] PackLoader:240 - Cannot read IP mode file for STMicroelectronics.X-CUBE-AZRTOS-G0.1.1.0
2023-09-06 22:59:32,316 [WARN] PackLoader:240 - Cannot read IP mode file for STMicroelectronics.X-CUBE-NFC4.3.0.0
2023-09-06 22:59:32,322 [WARN] PackLoader:240 - Cannot read IP mode file for STMicroelectronics.X-CUBE-BLEMGR.1.3.0
2023-09-06 22:59:32,327 [WARN] PackLoader:240 - Cannot read IP mode file for STMicroelectronics.FP-ATR-SIGFOX1.3.2.0
2023-09-06 22:59:32,347 [WARN] PackLoader:240 - Cannot read IP mode file for STMicroelectronics.X-CUBE-MEMS1.9.5.0
2023-09-06 22:59:32,434 [WARN] PackLoader:240 - Cannot read IP mode file for SEGGER.I-CUBE-embOS.1.3.1
2023-09-06 22:59:32,453 [WARN] PackLoader:240 - Cannot read IP mode file for STMicroelectronics.X-CUBE-GNSS1.6.0.0
2023-09-06 22:59:32,462 [WARN] PackLoader:240 - Cannot read IP mode file for STMicroelectronics.X-CUBE-AZRTOS-F4.1.1.0
2023-09-06 22:59:32,484 [WARN] PackLoader:240 - Cannot read IP mode file for STMicroelectronics.X-CUBE-MEMS1.9.6.0
2023-09-06 22:59:32,539 [WARN] PackLoader:240 - Cannot read IP mode file for emotas.I-CUBE-CANOPEN.1.1.3
2023-09-06 22:59:32,542 [WARN] PackLoader:240 - Cannot read IP mode file for STMicroelectronics.X-CUBE-BLEMGR.2.0.0
2023-09-06 22:59:32,554 [WARN] ConditionMgr:438 - getConditionDescription Invalid condition id : UX DEVICE CLASS RTOS Condition cause : null
2023-09-06 22:59:32,554 [WARN] ConditionMgr:438 - getConditionDescription Invalid condition id : UX DEVICE CLASS RTOS Condition cause : null
2023-09-06 22:59:32,555 [WARN] PackLoader:240 - Cannot read IP mode file for STMicroelectronics.X-CUBE-AZRTOS-H7.3.1.0
2023-09-06 22:59:32,556 [WARN] ConditionMgr:1039 - genDependencies : Invalid condition id : UX DEVICE CLASS RTOS Condition cause : null
2023-09-06 22:59:32,556 [WARN] ConditionMgr:1039 - genDependencies : Invalid condition id : UX DEVICE CLASS RTOS Condition cause : null
2023-09-06 22:59:32,556 [WARN] ConditionMgr:1039 - genDependencies : Invalid condition id : UX DEVICE CLASS RTOS Condition cause : null
2023-09-06 22:59:32,556 [WARN] ConditionMgr:1039 - genDependencies : Invalid condition id : UX DEVICE CLASS RTOS Condition cause : null
2023-09-06 22:59:32,556 [WARN] ConditionMgr:1039 - genDependencies : Invalid condition id : UX DEVICE CLASS RTOS Condition cause : null
2023-09-06 22:59:32,560 [WARN] PackLoader:240 - Cannot read IP mode file for wolfSSL.I-CUBE-wolfSSL.5.5.4
2023-09-06 22:59:32,563 [WARN] PackLoader:240 - Cannot read IP mode file for STMicroelectronics.X-CUBE-NFC7.1.0.1
2023-09-06 22:59:32,565 [WARN] PackLoader:240 - Cannot read IP mode file for STMicroelectronics.X-CUBE-NFC7.1.0.0
2023-09-06 22:59:32,570 [WARN] PackLoader:240 - Cannot read IP mode file for STMicroelectronics.X-CUBE-EEPRMA1.4.1.0
2023-09-06 22:59:32,578 [WARN] ConditionMgr:438 - getConditionDescription Invalid condition id : LAN8742 Phy interface Condition cause : null
2023-09-06 22:59:32,578 [WARN] PackLoader:240 - Cannot read IP mode file for STMicroelectronics.X-CUBE-AZRTOS-L4.2.0.0
2023-09-06 22:59:32,579 [WARN] ConditionMgr:1039 - genDependencies : Invalid condition id : LAN8742 Phy interface Condition cause : null
2023-09-06 22:59:32,579 [WARN] ConditionMgr:1039 - genDependencies : Invalid condition id : LAN8742 Phy interface Condition cause : null
2023-09-06 22:59:32,579 [WARN] ConditionMgr:1039 - genDependencies : Invalid condition id : LAN8742 Phy interface Condition cause : null
2023-09-06 22:59:32,583 [WARN] PackLoader:240 - Cannot read IP mode file for STMicroelectronics.X-CUBE-SFXS2LP1.4.0.0
2023-09-06 22:59:32,600 [WARN] PackLoader:240 - Cannot read IP mode file for STMicroelectronics.X-CUBE-AZRTOS-H7.3.0.0
2023-09-06 22:59:32,605 [WARN] PackLoader:240 - Cannot read IP mode file for STMicroelectronics.X-CUBE-ISPU.1.1.0
2023-09-06 22:59:32,609 [WARN] PackLoader:240 - Cannot read IP mode file for RoweBots.I-CUBE-UNISONRTOS.5.5.0-4
2023-09-06 22:59:32,613 [WARN] PackLoader:240 - Cannot read IP mode file for STMicroelectronics.X-CUBE-AI.8.0.0
2023-09-06 22:59:32,616 [WARN] PackLoader:240 - Cannot read IP mode file for STMicroelectronics.X-CUBE-FREERTOS.1.0.0
2023-09-06 22:59:32,620 [WARN] PackLoader:240 - Cannot read IP mode file for STMicroelectronics.X-CUBE-FREERTOS.1.0.1
2023-09-06 22:59:32,630 [WARN] PackLoader:240 - Cannot read IP mode file for STMicroelectronics.X-CUBE-AZRTOS-L5.1.1.0
2023-09-06 22:59:32,635 [WARN] PackLoader:240 - Cannot read IP mode file for STMicroelectronics.X-CUBE-AI.8.0.1
2023-09-06 22:59:32,642 [WARN] PackLoader:240 - Cannot read IP mode file for STMicroelectronics.X-CUBE-SUBG2.5.0.0
2023-09-06 22:59:32,650 [WARN] PackLoader:240 - Cannot read IP mode file for STMicroelectronics.X-CUBE-AZRTOS-G4.2.0.0
2023-09-06 22:59:32,656 [WARN] PackLoader:240 - Cannot read IP mode file for STMicroelectronics.X-CUBE-TOF1.3.3.0
2023-09-06 22:59:32,692 [WARN] PackLoader:240 - Cannot read IP mode file for STMicroelectronics.FP-ATR-ASTRA1.1.1.1
2023-09-06 22:59:32,700 [WARN] PackLoader:240 - Cannot read IP mode file for STMicroelectronics.X-CUBE-AZRTOS-G4.1.0.0
2023-09-06 22:59:32,708 [WARN] PackLoader:240 - Cannot read IP mode file for STMicroelectronics.X-CUBE-AZRTOS-L4.1.0.0
2023-09-06 22:59:32,716 [WARN] PackLoader:240 - Cannot read IP mode file for STMicroelectronics.X-CUBE-AZRTOS-WL.1.0.0
2023-09-06 22:59:32,722 [WARN] PackLoader:240 - Cannot read IP mode file for portGmbH.I-Cube-SoM-uGOAL.1.1.0
2023-09-06 22:59:32,725 [WARN] PackLoader:240 - Cannot read IP mode file for STMicroelectronics.X-CUBE-ALS.1.0.1
2023-09-06 22:59:32,734 [WARN] PackLoader:240 - Cannot read IP mode file for STMicroelectronics.X-CUBE-AZRTOS-WB.1.1.0
2023-09-06 22:59:32,738 [WARN] PackLoader:240 - Cannot read IP mode file for STMicroelectronics.FP-ATR-ASTRA1.2.0.0
2023-09-06 22:59:32,739 [INFO] ThirdParty:978 - Integrity check success = true
2023-09-06 22:59:32,739 [INFO] IntegrityCheckThread:100 - exiting critical section [integrity check]
2023-09-06 22:59:32,739 [INFO] IntegrityCheckThread:103 - End integrity checks thread
2023-09-06 22:59:51,811 [ERROR] LogOutputStream:75 - [STDERR_REDIRECT] SLF4J: Failed to load class "org.slf4j.impl.StaticLoggerBinder".
2023-09-06 22:59:51,811 [ERROR] LogOutputStream:75 - [STDERR_REDIRECT] SLF4J: Defaulting to no-operation (NOP) logger implementation
2023-09-06 22:59:51,812 [ERROR] LogOutputStream:75 - [STDERR_REDIRECT] SLF4J: See http://www.slf4j.org/codes.html#StaticLoggerBinder for further details.
2023-09-06 23:06:51,534 [ERROR] LogOutputStream:75 - [STDERR_REDIRECT] 
